{"C:\\Property Pro Lite\\Server\\test\\inputvalidation.js":{"path":"C:\\Property Pro Lite\\Server\\test\\inputvalidation.js","statementMap":{"0":{"start":{"line":3,"column":29},"end":{"line":3,"column":84}},"1":{"start":{"line":5,"column":12},"end":{"line":5,"column":27}},"2":{"start":{"line":7,"column":23},"end":{"line":7,"column":94}},"3":{"start":{"line":12,"column":0},"end":{"line":23,"column":3}},"4":{"start":{"line":13,"column":19},"end":{"line":13,"column":88}},"5":{"start":{"line":15,"column":21},"end":{"line":15,"column":89}},"6":{"start":{"line":17,"column":2},"end":{"line":19,"column":5}},"7":{"start":{"line":18,"column":4},"end":{"line":18,"column":48}},"8":{"start":{"line":20,"column":2},"end":{"line":22,"column":5}},"9":{"start":{"line":21,"column":4},"end":{"line":21,"column":51}},"10":{"start":{"line":24,"column":0},"end":{"line":35,"column":3}},"11":{"start":{"line":25,"column":22},"end":{"line":25,"column":82}},"12":{"start":{"line":27,"column":24},"end":{"line":27,"column":72}},"13":{"start":{"line":29,"column":2},"end":{"line":31,"column":5}},"14":{"start":{"line":30,"column":4},"end":{"line":30,"column":51}},"15":{"start":{"line":32,"column":2},"end":{"line":34,"column":5}},"16":{"start":{"line":33,"column":4},"end":{"line":33,"column":54}},"17":{"start":{"line":36,"column":0},"end":{"line":47,"column":3}},"18":{"start":{"line":37,"column":19},"end":{"line":37,"column":75}},"19":{"start":{"line":39,"column":21},"end":{"line":39,"column":65}},"20":{"start":{"line":41,"column":2},"end":{"line":43,"column":5}},"21":{"start":{"line":42,"column":4},"end":{"line":42,"column":48}},"22":{"start":{"line":44,"column":2},"end":{"line":46,"column":5}},"23":{"start":{"line":45,"column":4},"end":{"line":45,"column":51}},"24":{"start":{"line":48,"column":0},"end":{"line":59,"column":3}},"25":{"start":{"line":49,"column":18},"end":{"line":49,"column":72}},"26":{"start":{"line":51,"column":20},"end":{"line":51,"column":69}},"27":{"start":{"line":53,"column":2},"end":{"line":55,"column":5}},"28":{"start":{"line":54,"column":4},"end":{"line":54,"column":47}},"29":{"start":{"line":56,"column":2},"end":{"line":58,"column":5}},"30":{"start":{"line":57,"column":4},"end":{"line":57,"column":50}},"31":{"start":{"line":60,"column":0},"end":{"line":71,"column":3}},"32":{"start":{"line":61,"column":18},"end":{"line":61,"column":71}},"33":{"start":{"line":63,"column":20},"end":{"line":63,"column":68}},"34":{"start":{"line":65,"column":2},"end":{"line":67,"column":5}},"35":{"start":{"line":66,"column":4},"end":{"line":66,"column":47}},"36":{"start":{"line":68,"column":2},"end":{"line":70,"column":5}},"37":{"start":{"line":69,"column":4},"end":{"line":69,"column":50}},"38":{"start":{"line":72,"column":0},"end":{"line":83,"column":3}},"39":{"start":{"line":73,"column":21},"end":{"line":73,"column":88}},"40":{"start":{"line":75,"column":23},"end":{"line":75,"column":70}},"41":{"start":{"line":77,"column":2},"end":{"line":79,"column":5}},"42":{"start":{"line":78,"column":4},"end":{"line":78,"column":50}},"43":{"start":{"line":80,"column":2},"end":{"line":82,"column":5}},"44":{"start":{"line":81,"column":4},"end":{"line":81,"column":53}},"45":{"start":{"line":84,"column":0},"end":{"line":95,"column":3}},"46":{"start":{"line":85,"column":23},"end":{"line":85,"column":71}},"47":{"start":{"line":87,"column":25},"end":{"line":87,"column":72}},"48":{"start":{"line":89,"column":2},"end":{"line":91,"column":5}},"49":{"start":{"line":90,"column":4},"end":{"line":90,"column":52}},"50":{"start":{"line":92,"column":2},"end":{"line":94,"column":5}},"51":{"start":{"line":93,"column":4},"end":{"line":93,"column":55}},"52":{"start":{"line":96,"column":0},"end":{"line":112,"column":3}},"53":{"start":{"line":97,"column":20},"end":{"line":97,"column":65}},"54":{"start":{"line":99,"column":28},"end":{"line":99,"column":77}},"55":{"start":{"line":101,"column":30},"end":{"line":101,"column":82}},"56":{"start":{"line":103,"column":2},"end":{"line":105,"column":5}},"57":{"start":{"line":104,"column":4},"end":{"line":104,"column":57}},"58":{"start":{"line":106,"column":2},"end":{"line":108,"column":5}},"59":{"start":{"line":107,"column":4},"end":{"line":107,"column":60}},"60":{"start":{"line":109,"column":2},"end":{"line":111,"column":5}},"61":{"start":{"line":110,"column":4},"end":{"line":110,"column":60}},"62":{"start":{"line":113,"column":0},"end":{"line":124,"column":3}},"63":{"start":{"line":114,"column":18},"end":{"line":114,"column":65}},"64":{"start":{"line":116,"column":20},"end":{"line":116,"column":71}},"65":{"start":{"line":118,"column":2},"end":{"line":120,"column":5}},"66":{"start":{"line":119,"column":4},"end":{"line":119,"column":47}},"67":{"start":{"line":121,"column":2},"end":{"line":123,"column":5}},"68":{"start":{"line":122,"column":4},"end":{"line":122,"column":50}},"69":{"start":{"line":125,"column":0},"end":{"line":136,"column":3}},"70":{"start":{"line":126,"column":19},"end":{"line":126,"column":69}},"71":{"start":{"line":128,"column":21},"end":{"line":128,"column":68}},"72":{"start":{"line":130,"column":2},"end":{"line":132,"column":5}},"73":{"start":{"line":131,"column":4},"end":{"line":131,"column":48}},"74":{"start":{"line":133,"column":2},"end":{"line":135,"column":5}},"75":{"start":{"line":134,"column":4},"end":{"line":134,"column":51}},"76":{"start":{"line":137,"column":0},"end":{"line":148,"column":3}},"77":{"start":{"line":138,"column":18},"end":{"line":138,"column":68}},"78":{"start":{"line":140,"column":20},"end":{"line":140,"column":66}},"79":{"start":{"line":142,"column":2},"end":{"line":144,"column":5}},"80":{"start":{"line":143,"column":4},"end":{"line":143,"column":47}},"81":{"start":{"line":145,"column":2},"end":{"line":147,"column":5}},"82":{"start":{"line":146,"column":4},"end":{"line":146,"column":50}},"83":{"start":{"line":149,"column":0},"end":{"line":160,"column":3}},"84":{"start":{"line":150,"column":18},"end":{"line":150,"column":76}},"85":{"start":{"line":152,"column":20},"end":{"line":152,"column":71}},"86":{"start":{"line":154,"column":2},"end":{"line":156,"column":5}},"87":{"start":{"line":155,"column":4},"end":{"line":155,"column":47}},"88":{"start":{"line":157,"column":2},"end":{"line":159,"column":5}},"89":{"start":{"line":158,"column":4},"end":{"line":158,"column":50}},"90":{"start":{"line":161,"column":0},"end":{"line":175,"column":3}},"91":{"start":{"line":162,"column":12},"end":{"line":168,"column":3}},"92":{"start":{"line":170,"column":15},"end":{"line":170,"column":64}},"93":{"start":{"line":172,"column":2},"end":{"line":174,"column":5}},"94":{"start":{"line":173,"column":4},"end":{"line":173,"column":44}}},"fnMap":{"0":{"name":"(anonymous_0)","decl":{"start":{"line":12,"column":29},"end":{"line":12,"column":30}},"loc":{"start":{"line":12,"column":41},"end":{"line":23,"column":1}},"line":12},"1":{"name":"(anonymous_1)","decl":{"start":{"line":17,"column":27},"end":{"line":17,"column":28}},"loc":{"start":{"line":17,"column":39},"end":{"line":19,"column":3}},"line":17},"2":{"name":"(anonymous_2)","decl":{"start":{"line":20,"column":28},"end":{"line":20,"column":29}},"loc":{"start":{"line":20,"column":40},"end":{"line":22,"column":3}},"line":20},"3":{"name":"(anonymous_3)","decl":{"start":{"line":24,"column":32},"end":{"line":24,"column":33}},"loc":{"start":{"line":24,"column":44},"end":{"line":35,"column":1}},"line":24},"4":{"name":"(anonymous_4)","decl":{"start":{"line":29,"column":42},"end":{"line":29,"column":43}},"loc":{"start":{"line":29,"column":54},"end":{"line":31,"column":3}},"line":29},"5":{"name":"(anonymous_5)","decl":{"start":{"line":32,"column":45},"end":{"line":32,"column":46}},"loc":{"start":{"line":32,"column":57},"end":{"line":34,"column":3}},"line":32},"6":{"name":"(anonymous_6)","decl":{"start":{"line":36,"column":36},"end":{"line":36,"column":37}},"loc":{"start":{"line":36,"column":48},"end":{"line":47,"column":1}},"line":36},"7":{"name":"(anonymous_7)","decl":{"start":{"line":41,"column":46},"end":{"line":41,"column":47}},"loc":{"start":{"line":41,"column":58},"end":{"line":43,"column":3}},"line":41},"8":{"name":"(anonymous_8)","decl":{"start":{"line":44,"column":49},"end":{"line":44,"column":50}},"loc":{"start":{"line":44,"column":61},"end":{"line":46,"column":3}},"line":44},"9":{"name":"(anonymous_9)","decl":{"start":{"line":48,"column":23},"end":{"line":48,"column":24}},"loc":{"start":{"line":48,"column":35},"end":{"line":59,"column":1}},"line":48},"10":{"name":"(anonymous_10)","decl":{"start":{"line":53,"column":44},"end":{"line":53,"column":45}},"loc":{"start":{"line":53,"column":56},"end":{"line":55,"column":3}},"line":53},"11":{"name":"(anonymous_11)","decl":{"start":{"line":56,"column":47},"end":{"line":56,"column":48}},"loc":{"start":{"line":56,"column":59},"end":{"line":58,"column":3}},"line":56},"12":{"name":"(anonymous_12)","decl":{"start":{"line":60,"column":22},"end":{"line":60,"column":23}},"loc":{"start":{"line":60,"column":34},"end":{"line":71,"column":1}},"line":60},"13":{"name":"(anonymous_13)","decl":{"start":{"line":65,"column":43},"end":{"line":65,"column":44}},"loc":{"start":{"line":65,"column":55},"end":{"line":67,"column":3}},"line":65},"14":{"name":"(anonymous_14)","decl":{"start":{"line":68,"column":46},"end":{"line":68,"column":47}},"loc":{"start":{"line":68,"column":58},"end":{"line":70,"column":3}},"line":68},"15":{"name":"(anonymous_15)","decl":{"start":{"line":72,"column":20},"end":{"line":72,"column":21}},"loc":{"start":{"line":72,"column":32},"end":{"line":83,"column":1}},"line":72},"16":{"name":"(anonymous_16)","decl":{"start":{"line":77,"column":41},"end":{"line":77,"column":42}},"loc":{"start":{"line":77,"column":53},"end":{"line":79,"column":3}},"line":77},"17":{"name":"(anonymous_17)","decl":{"start":{"line":80,"column":44},"end":{"line":80,"column":45}},"loc":{"start":{"line":80,"column":56},"end":{"line":82,"column":3}},"line":80},"18":{"name":"(anonymous_18)","decl":{"start":{"line":84,"column":23},"end":{"line":84,"column":24}},"loc":{"start":{"line":84,"column":35},"end":{"line":95,"column":1}},"line":84},"19":{"name":"(anonymous_19)","decl":{"start":{"line":89,"column":44},"end":{"line":89,"column":45}},"loc":{"start":{"line":89,"column":56},"end":{"line":91,"column":3}},"line":89},"20":{"name":"(anonymous_20)","decl":{"start":{"line":92,"column":47},"end":{"line":92,"column":48}},"loc":{"start":{"line":92,"column":59},"end":{"line":94,"column":3}},"line":92},"21":{"name":"(anonymous_21)","decl":{"start":{"line":96,"column":28},"end":{"line":96,"column":29}},"loc":{"start":{"line":96,"column":40},"end":{"line":112,"column":1}},"line":96},"22":{"name":"(anonymous_22)","decl":{"start":{"line":103,"column":65},"end":{"line":103,"column":66}},"loc":{"start":{"line":103,"column":77},"end":{"line":105,"column":3}},"line":103},"23":{"name":"(anonymous_23)","decl":{"start":{"line":106,"column":51},"end":{"line":106,"column":52}},"loc":{"start":{"line":106,"column":63},"end":{"line":108,"column":3}},"line":106},"24":{"name":"(anonymous_24)","decl":{"start":{"line":109,"column":52},"end":{"line":109,"column":53}},"loc":{"start":{"line":109,"column":64},"end":{"line":111,"column":3}},"line":109},"25":{"name":"(anonymous_25)","decl":{"start":{"line":113,"column":29},"end":{"line":113,"column":30}},"loc":{"start":{"line":113,"column":41},"end":{"line":124,"column":1}},"line":113},"26":{"name":"(anonymous_26)","decl":{"start":{"line":118,"column":39},"end":{"line":118,"column":40}},"loc":{"start":{"line":118,"column":51},"end":{"line":120,"column":3}},"line":118},"27":{"name":"(anonymous_27)","decl":{"start":{"line":121,"column":42},"end":{"line":121,"column":43}},"loc":{"start":{"line":121,"column":54},"end":{"line":123,"column":3}},"line":121},"28":{"name":"(anonymous_28)","decl":{"start":{"line":125,"column":29},"end":{"line":125,"column":30}},"loc":{"start":{"line":125,"column":41},"end":{"line":136,"column":1}},"line":125},"29":{"name":"(anonymous_29)","decl":{"start":{"line":130,"column":39},"end":{"line":130,"column":40}},"loc":{"start":{"line":130,"column":51},"end":{"line":132,"column":3}},"line":130},"30":{"name":"(anonymous_30)","decl":{"start":{"line":133,"column":42},"end":{"line":133,"column":43}},"loc":{"start":{"line":133,"column":54},"end":{"line":135,"column":3}},"line":133},"31":{"name":"(anonymous_31)","decl":{"start":{"line":137,"column":28},"end":{"line":137,"column":29}},"loc":{"start":{"line":137,"column":40},"end":{"line":148,"column":1}},"line":137},"32":{"name":"(anonymous_32)","decl":{"start":{"line":142,"column":38},"end":{"line":142,"column":39}},"loc":{"start":{"line":142,"column":50},"end":{"line":144,"column":3}},"line":142},"33":{"name":"(anonymous_33)","decl":{"start":{"line":145,"column":41},"end":{"line":145,"column":42}},"loc":{"start":{"line":145,"column":53},"end":{"line":147,"column":3}},"line":145},"34":{"name":"(anonymous_34)","decl":{"start":{"line":149,"column":28},"end":{"line":149,"column":29}},"loc":{"start":{"line":149,"column":40},"end":{"line":160,"column":1}},"line":149},"35":{"name":"(anonymous_35)","decl":{"start":{"line":154,"column":38},"end":{"line":154,"column":39}},"loc":{"start":{"line":154,"column":50},"end":{"line":156,"column":3}},"line":154},"36":{"name":"(anonymous_36)","decl":{"start":{"line":157,"column":41},"end":{"line":157,"column":42}},"loc":{"start":{"line":157,"column":53},"end":{"line":159,"column":3}},"line":157},"37":{"name":"(anonymous_37)","decl":{"start":{"line":161,"column":29},"end":{"line":161,"column":30}},"loc":{"start":{"line":161,"column":41},"end":{"line":175,"column":1}},"line":161},"38":{"name":"(anonymous_38)","decl":{"start":{"line":172,"column":39},"end":{"line":172,"column":40}},"loc":{"start":{"line":172,"column":51},"end":{"line":174,"column":3}},"line":172}},"branchMap":{},"s":{"0":1,"1":1,"2":1,"3":1,"4":1,"5":1,"6":1,"7":1,"8":1,"9":1,"10":1,"11":1,"12":1,"13":1,"14":1,"15":1,"16":1,"17":1,"18":1,"19":1,"20":1,"21":1,"22":1,"23":1,"24":1,"25":1,"26":1,"27":1,"28":1,"29":1,"30":1,"31":1,"32":1,"33":1,"34":1,"35":1,"36":1,"37":1,"38":1,"39":1,"40":1,"41":1,"42":1,"43":1,"44":1,"45":1,"46":1,"47":1,"48":1,"49":1,"50":1,"51":1,"52":1,"53":1,"54":1,"55":1,"56":1,"57":1,"58":1,"59":1,"60":1,"61":1,"62":1,"63":1,"64":1,"65":1,"66":1,"67":1,"68":1,"69":1,"70":1,"71":1,"72":1,"73":1,"74":1,"75":1,"76":1,"77":1,"78":1,"79":1,"80":1,"81":1,"82":1,"83":1,"84":1,"85":1,"86":1,"87":1,"88":1,"89":1,"90":1,"91":1,"92":1,"93":1,"94":1},"f":{"0":1,"1":1,"2":1,"3":1,"4":1,"5":1,"6":1,"7":1,"8":1,"9":1,"10":1,"11":1,"12":1,"13":1,"14":1,"15":1,"16":1,"17":1,"18":1,"19":1,"20":1,"21":1,"22":1,"23":1,"24":1,"25":1,"26":1,"27":1,"28":1,"29":1,"30":1,"31":1,"32":1,"33":1,"34":1,"35":1,"36":1,"37":1,"38":1},"b":{},"_coverageSchema":"43e27e138ebf9cfc5966b082cf9a028302ed4184","hash":"4507d883ec60be934132e242c85f0048440548e9","contentHash":"8fbe20f0f5ea788b95498e8b73b9759848861b0ee4bc7da834578b4028916cf9"},"C:\\Property Pro Lite\\Server\\helpers\\inputvalidation.js":{"path":"C:\\Property Pro Lite\\Server\\helpers\\inputvalidation.js","statementMap":{"0":{"start":{"line":3,"column":0},"end":{"line":5,"column":3}},"1":{"start":{"line":6,"column":0},"end":{"line":6,"column":28}},"2":{"start":{"line":11,"column":20},"end":{"line":14,"column":1}},"3":{"start":{"line":12,"column":19},"end":{"line":12,"column":170}},"4":{"start":{"line":13,"column":2},"end":{"line":13,"column":32}},"5":{"start":{"line":16,"column":23},"end":{"line":22,"column":1}},"6":{"start":{"line":17,"column":2},"end":{"line":19,"column":3}},"7":{"start":{"line":18,"column":4},"end":{"line":18,"column":17}},"8":{"start":{"line":21,"column":2},"end":{"line":21,"column":14}},"9":{"start":{"line":24,"column":20},"end":{"line":27,"column":1}},"10":{"start":{"line":25,"column":21},"end":{"line":25,"column":289}},"11":{"start":{"line":26,"column":2},"end":{"line":26,"column":34}},"12":{"start":{"line":29,"column":24},"end":{"line":35,"column":1}},"13":{"start":{"line":30,"column":2},"end":{"line":32,"column":3}},"14":{"start":{"line":31,"column":4},"end":{"line":31,"column":17}},"15":{"start":{"line":34,"column":2},"end":{"line":34,"column":14}},"16":{"start":{"line":37,"column":23},"end":{"line":43,"column":1}},"17":{"start":{"line":38,"column":2},"end":{"line":40,"column":3}},"18":{"start":{"line":39,"column":4},"end":{"line":39,"column":17}},"19":{"start":{"line":42,"column":2},"end":{"line":42,"column":14}},"20":{"start":{"line":45,"column":22},"end":{"line":51,"column":1}},"21":{"start":{"line":46,"column":2},"end":{"line":48,"column":3}},"22":{"start":{"line":47,"column":4},"end":{"line":47,"column":17}},"23":{"start":{"line":50,"column":2},"end":{"line":50,"column":14}},"24":{"start":{"line":53,"column":20},"end":{"line":59,"column":1}},"25":{"start":{"line":54,"column":2},"end":{"line":56,"column":3}},"26":{"start":{"line":55,"column":4},"end":{"line":55,"column":17}},"27":{"start":{"line":58,"column":2},"end":{"line":58,"column":14}},"28":{"start":{"line":61,"column":20},"end":{"line":71,"column":1}},"29":{"start":{"line":62,"column":2},"end":{"line":64,"column":3}},"30":{"start":{"line":63,"column":4},"end":{"line":63,"column":23}},"31":{"start":{"line":66,"column":2},"end":{"line":68,"column":3}},"32":{"start":{"line":67,"column":4},"end":{"line":67,"column":18}},"33":{"start":{"line":70,"column":2},"end":{"line":70,"column":15}},"34":{"start":{"line":73,"column":20},"end":{"line":79,"column":1}},"35":{"start":{"line":74,"column":2},"end":{"line":76,"column":3}},"36":{"start":{"line":75,"column":4},"end":{"line":75,"column":17}},"37":{"start":{"line":78,"column":2},"end":{"line":78,"column":14}},"38":{"start":{"line":81,"column":20},"end":{"line":87,"column":1}},"39":{"start":{"line":82,"column":2},"end":{"line":84,"column":3}},"40":{"start":{"line":83,"column":4},"end":{"line":83,"column":17}},"41":{"start":{"line":86,"column":2},"end":{"line":86,"column":14}},"42":{"start":{"line":89,"column":19},"end":{"line":95,"column":1}},"43":{"start":{"line":90,"column":2},"end":{"line":92,"column":3}},"44":{"start":{"line":91,"column":4},"end":{"line":91,"column":17}},"45":{"start":{"line":94,"column":2},"end":{"line":94,"column":14}},"46":{"start":{"line":97,"column":19},"end":{"line":103,"column":1}},"47":{"start":{"line":98,"column":2},"end":{"line":100,"column":3}},"48":{"start":{"line":99,"column":4},"end":{"line":99,"column":17}},"49":{"start":{"line":102,"column":2},"end":{"line":102,"column":14}},"50":{"start":{"line":105,"column":23},"end":{"line":111,"column":1}},"51":{"start":{"line":106,"column":2},"end":{"line":108,"column":3}},"52":{"start":{"line":107,"column":4},"end":{"line":107,"column":17}},"53":{"start":{"line":110,"column":2},"end":{"line":110,"column":14}},"54":{"start":{"line":113,"column":15},"end":{"line":127,"column":1}},"55":{"start":{"line":128,"column":0},"end":{"line":128,"column":30}}},"fnMap":{"0":{"name":"validateEmail","decl":{"start":{"line":11,"column":29},"end":{"line":11,"column":42}},"loc":{"start":{"line":11,"column":50},"end":{"line":14,"column":1}},"line":11},"1":{"name":"validatePassword","decl":{"start":{"line":16,"column":32},"end":{"line":16,"column":48}},"loc":{"start":{"line":16,"column":59},"end":{"line":22,"column":1}},"line":16},"2":{"name":"validatePhone","decl":{"start":{"line":24,"column":29},"end":{"line":24,"column":42}},"loc":{"start":{"line":24,"column":50},"end":{"line":27,"column":1}},"line":24},"3":{"name":"validateFirstName","decl":{"start":{"line":29,"column":33},"end":{"line":29,"column":50}},"loc":{"start":{"line":29,"column":57},"end":{"line":35,"column":1}},"line":29},"4":{"name":"validateLastName","decl":{"start":{"line":37,"column":32},"end":{"line":37,"column":48}},"loc":{"start":{"line":37,"column":55},"end":{"line":43,"column":1}},"line":37},"5":{"name":"validateAddress","decl":{"start":{"line":45,"column":31},"end":{"line":45,"column":46}},"loc":{"start":{"line":45,"column":56},"end":{"line":51,"column":1}},"line":45},"6":{"name":"validateAdmin","decl":{"start":{"line":53,"column":29},"end":{"line":53,"column":42}},"loc":{"start":{"line":53,"column":49},"end":{"line":59,"column":1}},"line":53},"7":{"name":"validateSatus","decl":{"start":{"line":61,"column":29},"end":{"line":61,"column":42}},"loc":{"start":{"line":61,"column":51},"end":{"line":71,"column":1}},"line":61},"8":{"name":"validatePrice","decl":{"start":{"line":73,"column":29},"end":{"line":73,"column":42}},"loc":{"start":{"line":73,"column":50},"end":{"line":79,"column":1}},"line":73},"9":{"name":"validateState","decl":{"start":{"line":81,"column":29},"end":{"line":81,"column":42}},"loc":{"start":{"line":81,"column":50},"end":{"line":87,"column":1}},"line":81},"10":{"name":"validateCity","decl":{"start":{"line":89,"column":28},"end":{"line":89,"column":40}},"loc":{"start":{"line":89,"column":47},"end":{"line":95,"column":1}},"line":89},"11":{"name":"validateType","decl":{"start":{"line":97,"column":28},"end":{"line":97,"column":40}},"loc":{"start":{"line":97,"column":47},"end":{"line":103,"column":1}},"line":97},"12":{"name":"validateImageUrl","decl":{"start":{"line":105,"column":32},"end":{"line":105,"column":48}},"loc":{"start":{"line":105,"column":54},"end":{"line":111,"column":1}},"line":105}},"branchMap":{"0":{"loc":{"start":{"line":17,"column":2},"end":{"line":19,"column":3}},"type":"if","locations":[{"start":{"line":17,"column":2},"end":{"line":19,"column":3}},{"start":{"line":17,"column":2},"end":{"line":19,"column":3}}],"line":17},"1":{"loc":{"start":{"line":17,"column":6},"end":{"line":17,"column":57}},"type":"binary-expr","locations":[{"start":{"line":17,"column":6},"end":{"line":17,"column":34}},{"start":{"line":17,"column":38},"end":{"line":17,"column":57}}],"line":17},"2":{"loc":{"start":{"line":30,"column":2},"end":{"line":32,"column":3}},"type":"if","locations":[{"start":{"line":30,"column":2},"end":{"line":32,"column":3}},{"start":{"line":30,"column":2},"end":{"line":32,"column":3}}],"line":30},"3":{"loc":{"start":{"line":30,"column":6},"end":{"line":30,"column":49}},"type":"binary-expr","locations":[{"start":{"line":30,"column":6},"end":{"line":30,"column":30}},{"start":{"line":30,"column":34},"end":{"line":30,"column":49}}],"line":30},"4":{"loc":{"start":{"line":38,"column":2},"end":{"line":40,"column":3}},"type":"if","locations":[{"start":{"line":38,"column":2},"end":{"line":40,"column":3}},{"start":{"line":38,"column":2},"end":{"line":40,"column":3}}],"line":38},"5":{"loc":{"start":{"line":38,"column":6},"end":{"line":38,"column":49}},"type":"binary-expr","locations":[{"start":{"line":38,"column":6},"end":{"line":38,"column":30}},{"start":{"line":38,"column":34},"end":{"line":38,"column":49}}],"line":38},"6":{"loc":{"start":{"line":46,"column":2},"end":{"line":48,"column":3}},"type":"if","locations":[{"start":{"line":46,"column":2},"end":{"line":48,"column":3}},{"start":{"line":46,"column":2},"end":{"line":48,"column":3}}],"line":46},"7":{"loc":{"start":{"line":46,"column":6},"end":{"line":46,"column":55}},"type":"binary-expr","locations":[{"start":{"line":46,"column":6},"end":{"line":46,"column":33}},{"start":{"line":46,"column":37},"end":{"line":46,"column":55}}],"line":46},"8":{"loc":{"start":{"line":54,"column":2},"end":{"line":56,"column":3}},"type":"if","locations":[{"start":{"line":54,"column":2},"end":{"line":56,"column":3}},{"start":{"line":54,"column":2},"end":{"line":56,"column":3}}],"line":54},"9":{"loc":{"start":{"line":54,"column":6},"end":{"line":54,"column":68}},"type":"binary-expr","locations":[{"start":{"line":54,"column":6},"end":{"line":54,"column":31}},{"start":{"line":54,"column":35},"end":{"line":54,"column":51}},{"start":{"line":54,"column":55},"end":{"line":54,"column":68}}],"line":54},"10":{"loc":{"start":{"line":62,"column":2},"end":{"line":64,"column":3}},"type":"if","locations":[{"start":{"line":62,"column":2},"end":{"line":64,"column":3}},{"start":{"line":62,"column":2},"end":{"line":64,"column":3}}],"line":62},"11":{"loc":{"start":{"line":62,"column":6},"end":{"line":62,"column":49}},"type":"binary-expr","locations":[{"start":{"line":62,"column":6},"end":{"line":62,"column":32}},{"start":{"line":62,"column":36},"end":{"line":62,"column":49}}],"line":62},"12":{"loc":{"start":{"line":66,"column":2},"end":{"line":68,"column":3}},"type":"if","locations":[{"start":{"line":66,"column":2},"end":{"line":68,"column":3}},{"start":{"line":66,"column":2},"end":{"line":68,"column":3}}],"line":66},"13":{"loc":{"start":{"line":66,"column":6},"end":{"line":66,"column":49}},"type":"binary-expr","locations":[{"start":{"line":66,"column":6},"end":{"line":66,"column":28}},{"start":{"line":66,"column":32},"end":{"line":66,"column":49}}],"line":66},"14":{"loc":{"start":{"line":74,"column":2},"end":{"line":76,"column":3}},"type":"if","locations":[{"start":{"line":74,"column":2},"end":{"line":76,"column":3}},{"start":{"line":74,"column":2},"end":{"line":76,"column":3}}],"line":74},"15":{"loc":{"start":{"line":82,"column":2},"end":{"line":84,"column":3}},"type":"if","locations":[{"start":{"line":82,"column":2},"end":{"line":84,"column":3}},{"start":{"line":82,"column":2},"end":{"line":84,"column":3}}],"line":82},"16":{"loc":{"start":{"line":82,"column":6},"end":{"line":82,"column":51}},"type":"binary-expr","locations":[{"start":{"line":82,"column":6},"end":{"line":82,"column":31}},{"start":{"line":82,"column":35},"end":{"line":82,"column":51}}],"line":82},"17":{"loc":{"start":{"line":90,"column":2},"end":{"line":92,"column":3}},"type":"if","locations":[{"start":{"line":90,"column":2},"end":{"line":92,"column":3}},{"start":{"line":90,"column":2},"end":{"line":92,"column":3}}],"line":90},"18":{"loc":{"start":{"line":98,"column":2},"end":{"line":100,"column":3}},"type":"if","locations":[{"start":{"line":98,"column":2},"end":{"line":100,"column":3}},{"start":{"line":98,"column":2},"end":{"line":100,"column":3}}],"line":98},"19":{"loc":{"start":{"line":98,"column":6},"end":{"line":98,"column":50}},"type":"binary-expr","locations":[{"start":{"line":98,"column":6},"end":{"line":98,"column":30}},{"start":{"line":98,"column":34},"end":{"line":98,"column":50}}],"line":98},"20":{"loc":{"start":{"line":106,"column":2},"end":{"line":108,"column":3}},"type":"if","locations":[{"start":{"line":106,"column":2},"end":{"line":108,"column":3}},{"start":{"line":106,"column":2},"end":{"line":108,"column":3}}],"line":106}},"s":{"0":1,"1":1,"2":1,"3":3,"4":3,"5":1,"6":3,"7":1,"8":2,"9":1,"10":3,"11":3,"12":1,"13":3,"14":1,"15":2,"16":1,"17":3,"18":1,"19":2,"20":1,"21":3,"22":1,"23":2,"24":1,"25":2,"26":1,"27":1,"28":1,"29":3,"30":1,"31":2,"32":1,"33":1,"34":1,"35":2,"36":1,"37":1,"38":1,"39":2,"40":1,"41":1,"42":1,"43":2,"44":1,"45":1,"46":1,"47":2,"48":1,"49":1,"50":1,"51":1,"52":0,"53":1,"54":1,"55":1},"f":{"0":3,"1":3,"2":3,"3":3,"4":3,"5":3,"6":2,"7":3,"8":2,"9":2,"10":2,"11":2,"12":1},"b":{"0":[1,2],"1":[3,3],"2":[1,2],"3":[3,3],"4":[1,2],"5":[3,3],"6":[1,2],"7":[3,3],"8":[1,1],"9":[2,1,1],"10":[1,2],"11":[3,3],"12":[1,1],"13":[2,2],"14":[1,1],"15":[1,1],"16":[2,1],"17":[1,1],"18":[1,1],"19":[2,2],"20":[0,1]},"_coverageSchema":"43e27e138ebf9cfc5966b082cf9a028302ed4184","hash":"66e25e77c197a25f70df03e0ee6a36c0e4c03745","contentHash":"87cc5c26985ee8ad4974c64530b12c6e8e03ff1cbd592890ed044ffdba67eab8"},"C:\\Property Pro Lite\\Server\\test\\patchObject.js":{"path":"C:\\Property Pro Lite\\Server\\test\\patchObject.js","statementMap":{"0":{"start":{"line":3,"column":29},"end":{"line":3,"column":84}},"1":{"start":{"line":5,"column":12},"end":{"line":5,"column":27}},"2":{"start":{"line":7,"column":19},"end":{"line":7,"column":76}},"3":{"start":{"line":10,"column":0},"end":{"line":40,"column":3}},"4":{"start":{"line":11,"column":16},"end":{"line":19,"column":3}},"5":{"start":{"line":20,"column":16},"end":{"line":24,"column":3}},"6":{"start":{"line":25,"column":2},"end":{"line":39,"column":5}},"7":{"start":{"line":26,"column":4},"end":{"line":26,"column":51}},"8":{"start":{"line":27,"column":4},"end":{"line":27,"column":50}},"9":{"start":{"line":28,"column":4},"end":{"line":28,"column":50}},"10":{"start":{"line":29,"column":4},"end":{"line":29,"column":58}},"11":{"start":{"line":30,"column":4},"end":{"line":30,"column":56}},"12":{"start":{"line":31,"column":4},"end":{"line":31,"column":63}},"13":{"start":{"line":32,"column":4},"end":{"line":32,"column":57}},"14":{"start":{"line":33,"column":4},"end":{"line":33,"column":55}},"15":{"start":{"line":34,"column":4},"end":{"line":34,"column":61}},"16":{"start":{"line":35,"column":4},"end":{"line":35,"column":57}},"17":{"start":{"line":36,"column":4},"end":{"line":36,"column":55}},"18":{"start":{"line":37,"column":4},"end":{"line":37,"column":61}},"19":{"start":{"line":38,"column":4},"end":{"line":38,"column":11}}},"fnMap":{"0":{"name":"(anonymous_0)","decl":{"start":{"line":10,"column":80},"end":{"line":10,"column":81}},"loc":{"start":{"line":10,"column":92},"end":{"line":40,"column":1}},"line":10},"1":{"name":"(anonymous_1)","decl":{"start":{"line":25,"column":43},"end":{"line":25,"column":44}},"loc":{"start":{"line":25,"column":59},"end":{"line":39,"column":3}},"line":25}},"branchMap":{},"s":{"0":1,"1":1,"2":1,"3":1,"4":1,"5":1,"6":1,"7":1,"8":1,"9":1,"10":1,"11":1,"12":1,"13":1,"14":1,"15":1,"16":1,"17":1,"18":1,"19":1},"f":{"0":1,"1":1},"b":{},"_coverageSchema":"43e27e138ebf9cfc5966b082cf9a028302ed4184","hash":"a36957c133081855251a1969dd8943a89949ab9f","contentHash":"114e0f184c14c72b51368d989be44addca9a8113fbdb28545b3223fad03c3675"},"C:\\Property Pro Lite\\Server\\helpers\\patchobject.js":{"path":"C:\\Property Pro Lite\\Server\\helpers\\patchobject.js","statementMap":{"0":{"start":{"line":3,"column":0},"end":{"line":5,"column":3}},"1":{"start":{"line":6,"column":0},"end":{"line":6,"column":28}},"2":{"start":{"line":11,"column":18},"end":{"line":22,"column":1}},"3":{"start":{"line":12,"column":15},"end":{"line":12,"column":22}},"4":{"start":{"line":13,"column":15},"end":{"line":13,"column":22}},"5":{"start":{"line":14,"column":19},"end":{"line":14,"column":38}},"6":{"start":{"line":15,"column":19},"end":{"line":15,"column":38}},"7":{"start":{"line":17,"column":2},"end":{"line":21,"column":3}},"8":{"start":{"line":17,"column":19},"end":{"line":17,"column":20}},"9":{"start":{"line":18,"column":4},"end":{"line":20,"column":5}},"10":{"start":{"line":19,"column":6},"end":{"line":19,"column":60}},"11":{"start":{"line":24,"column":15},"end":{"line":24,"column":26}},"12":{"start":{"line":25,"column":0},"end":{"line":25,"column":30}}},"fnMap":{"0":{"name":"patchObject","decl":{"start":{"line":11,"column":27},"end":{"line":11,"column":38}},"loc":{"start":{"line":11,"column":57},"end":{"line":22,"column":1}},"line":11}},"branchMap":{"0":{"loc":{"start":{"line":18,"column":4},"end":{"line":20,"column":5}},"type":"if","locations":[{"start":{"line":18,"column":4},"end":{"line":20,"column":5}},{"start":{"line":18,"column":4},"end":{"line":20,"column":5}}],"line":18}},"s":{"0":1,"1":1,"2":1,"3":1,"4":1,"5":1,"6":1,"7":1,"8":1,"9":3,"10":3,"11":1,"12":1},"f":{"0":1},"b":{"0":[3,0]},"_coverageSchema":"43e27e138ebf9cfc5966b082cf9a028302ed4184","hash":"b23e8376db69ff675b10a984110bd9022e547bc0","contentHash":"af2d662b8937cacb4b90dd100fea4c443d40a4292351c0c78e932c87a3b41736"},"C:\\Property Pro Lite\\Server\\test\\userstest.js":{"path":"C:\\Property Pro Lite\\Server\\test\\userstest.js","statementMap":{"0":{"start":{"line":3,"column":29},"end":{"line":3,"column":84}},"1":{"start":{"line":5,"column":30},"end":{"line":5,"column":86}},"2":{"start":{"line":7,"column":12},"end":{"line":7,"column":52}},"3":{"start":{"line":9,"column":16},"end":{"line":9,"column":60}},"4":{"start":{"line":11,"column":13},"end":{"line":11,"column":56}},"5":{"start":{"line":13,"column":22},"end":{"line":13,"column":82}},"6":{"start":{"line":15,"column":12},"end":{"line":15,"column":61}},"7":{"start":{"line":20,"column":0},"end":{"line":20,"column":43}},"8":{"start":{"line":23,"column":11},"end":{"line":23,"column":27}},"9":{"start":{"line":24,"column":12},"end":{"line":24,"column":45}},"10":{"start":{"line":25,"column":15},"end":{"line":34,"column":1}},"11":{"start":{"line":35,"column":11},"end":{"line":42,"column":1}},"12":{"start":{"line":43,"column":0},"end":{"line":300,"column":3}},"13":{"start":{"line":44,"column":2},"end":{"line":68,"column":5}},"14":{"start":{"line":45,"column":4},"end":{"line":67,"column":5}},"15":{"start":{"line":46,"column":6},"end":{"line":64,"column":9}},"16":{"start":{"line":47,"column":8},"end":{"line":47,"column":40}},"17":{"start":{"line":48,"column":8},"end":{"line":48,"column":52}},"18":{"start":{"line":49,"column":8},"end":{"line":49,"column":63}},"19":{"start":{"line":50,"column":8},"end":{"line":50,"column":61}},"20":{"start":{"line":51,"column":8},"end":{"line":51,"column":61}},"21":{"start":{"line":52,"column":8},"end":{"line":52,"column":60}},"22":{"start":{"line":53,"column":8},"end":{"line":53,"column":67}},"23":{"start":{"line":54,"column":8},"end":{"line":54,"column":65}},"24":{"start":{"line":55,"column":8},"end":{"line":55,"column":64}},"25":{"start":{"line":56,"column":8},"end":{"line":56,"column":62}},"26":{"start":{"line":57,"column":8},"end":{"line":57,"column":72}},"27":{"start":{"line":58,"column":8},"end":{"line":58,"column":70}},"28":{"start":{"line":59,"column":8},"end":{"line":59,"column":71}},"29":{"start":{"line":60,"column":8},"end":{"line":60,"column":69}},"30":{"start":{"line":61,"column":8},"end":{"line":61,"column":67}},"31":{"start":{"line":62,"column":8},"end":{"line":62,"column":65}},"32":{"start":{"line":63,"column":8},"end":{"line":63,"column":15}},"33":{"start":{"line":66,"column":6},"end":{"line":66,"column":25}},"34":{"start":{"line":69,"column":2},"end":{"line":93,"column":5}},"35":{"start":{"line":70,"column":4},"end":{"line":92,"column":7}},"36":{"start":{"line":71,"column":6},"end":{"line":91,"column":9}},"37":{"start":{"line":75,"column":8},"end":{"line":75,"column":52}},"38":{"start":{"line":76,"column":8},"end":{"line":76,"column":63}},"39":{"start":{"line":77,"column":8},"end":{"line":77,"column":61}},"40":{"start":{"line":78,"column":8},"end":{"line":78,"column":61}},"41":{"start":{"line":79,"column":8},"end":{"line":79,"column":60}},"42":{"start":{"line":80,"column":8},"end":{"line":80,"column":67}},"43":{"start":{"line":81,"column":8},"end":{"line":81,"column":65}},"44":{"start":{"line":82,"column":8},"end":{"line":82,"column":64}},"45":{"start":{"line":83,"column":8},"end":{"line":83,"column":62}},"46":{"start":{"line":84,"column":8},"end":{"line":84,"column":72}},"47":{"start":{"line":85,"column":8},"end":{"line":85,"column":70}},"48":{"start":{"line":86,"column":8},"end":{"line":86,"column":71}},"49":{"start":{"line":87,"column":8},"end":{"line":87,"column":69}},"50":{"start":{"line":88,"column":8},"end":{"line":88,"column":67}},"51":{"start":{"line":89,"column":8},"end":{"line":89,"column":65}},"52":{"start":{"line":90,"column":8},"end":{"line":90,"column":15}},"53":{"start":{"line":94,"column":2},"end":{"line":121,"column":5}},"54":{"start":{"line":95,"column":4},"end":{"line":120,"column":7}},"55":{"start":{"line":96,"column":6},"end":{"line":119,"column":9}},"56":{"start":{"line":97,"column":8},"end":{"line":97,"column":52}},"57":{"start":{"line":98,"column":8},"end":{"line":98,"column":63}},"58":{"start":{"line":99,"column":8},"end":{"line":99,"column":60}},"59":{"start":{"line":100,"column":8},"end":{"line":100,"column":63}},"60":{"start":{"line":101,"column":21},"end":{"line":101,"column":34}},"61":{"start":{"line":102,"column":8},"end":{"line":102,"column":59}},"62":{"start":{"line":103,"column":8},"end":{"line":103,"column":55}},"63":{"start":{"line":104,"column":8},"end":{"line":104,"column":62}},"64":{"start":{"line":105,"column":8},"end":{"line":105,"column":58}},"65":{"start":{"line":106,"column":8},"end":{"line":106,"column":63}},"66":{"start":{"line":107,"column":8},"end":{"line":107,"column":59}},"67":{"start":{"line":108,"column":8},"end":{"line":108,"column":62}},"68":{"start":{"line":109,"column":8},"end":{"line":109,"column":58}},"69":{"start":{"line":110,"column":8},"end":{"line":110,"column":61}},"70":{"start":{"line":111,"column":8},"end":{"line":111,"column":57}},"71":{"start":{"line":112,"column":8},"end":{"line":112,"column":64}},"72":{"start":{"line":113,"column":8},"end":{"line":113,"column":60}},"73":{"start":{"line":114,"column":8},"end":{"line":114,"column":67}},"74":{"start":{"line":115,"column":8},"end":{"line":115,"column":63}},"75":{"start":{"line":116,"column":8},"end":{"line":116,"column":66}},"76":{"start":{"line":117,"column":8},"end":{"line":117,"column":62}},"77":{"start":{"line":118,"column":8},"end":{"line":118,"column":15}},"78":{"start":{"line":122,"column":2},"end":{"line":131,"column":5}},"79":{"start":{"line":123,"column":4},"end":{"line":130,"column":7}},"80":{"start":{"line":124,"column":6},"end":{"line":129,"column":9}},"81":{"start":{"line":127,"column":8},"end":{"line":127,"column":49}},"82":{"start":{"line":128,"column":8},"end":{"line":128,"column":15}},"83":{"start":{"line":132,"column":2},"end":{"line":158,"column":5}},"84":{"start":{"line":133,"column":4},"end":{"line":157,"column":7}},"85":{"start":{"line":134,"column":6},"end":{"line":156,"column":9}},"86":{"start":{"line":135,"column":21},"end":{"line":135,"column":34}},"87":{"start":{"line":136,"column":8},"end":{"line":136,"column":52}},"88":{"start":{"line":137,"column":8},"end":{"line":137,"column":61}},"89":{"start":{"line":138,"column":8},"end":{"line":138,"column":52}},"90":{"start":{"line":139,"column":8},"end":{"line":139,"column":62}},"91":{"start":{"line":140,"column":8},"end":{"line":140,"column":58}},"92":{"start":{"line":141,"column":8},"end":{"line":141,"column":65}},"93":{"start":{"line":142,"column":8},"end":{"line":142,"column":61}},"94":{"start":{"line":143,"column":8},"end":{"line":143,"column":66}},"95":{"start":{"line":144,"column":8},"end":{"line":144,"column":62}},"96":{"start":{"line":145,"column":8},"end":{"line":145,"column":65}},"97":{"start":{"line":146,"column":8},"end":{"line":146,"column":61}},"98":{"start":{"line":147,"column":8},"end":{"line":147,"column":64}},"99":{"start":{"line":148,"column":8},"end":{"line":148,"column":60}},"100":{"start":{"line":149,"column":8},"end":{"line":149,"column":67}},"101":{"start":{"line":150,"column":8},"end":{"line":150,"column":63}},"102":{"start":{"line":151,"column":8},"end":{"line":151,"column":70}},"103":{"start":{"line":152,"column":8},"end":{"line":152,"column":66}},"104":{"start":{"line":153,"column":8},"end":{"line":153,"column":69}},"105":{"start":{"line":154,"column":8},"end":{"line":154,"column":65}},"106":{"start":{"line":155,"column":8},"end":{"line":155,"column":15}},"107":{"start":{"line":159,"column":2},"end":{"line":186,"column":5}},"108":{"start":{"line":160,"column":4},"end":{"line":185,"column":7}},"109":{"start":{"line":161,"column":6},"end":{"line":184,"column":9}},"110":{"start":{"line":162,"column":8},"end":{"line":162,"column":52}},"111":{"start":{"line":163,"column":8},"end":{"line":163,"column":63}},"112":{"start":{"line":164,"column":8},"end":{"line":164,"column":59}},"113":{"start":{"line":165,"column":8},"end":{"line":165,"column":63}},"114":{"start":{"line":166,"column":21},"end":{"line":166,"column":37}},"115":{"start":{"line":167,"column":8},"end":{"line":167,"column":59}},"116":{"start":{"line":168,"column":8},"end":{"line":168,"column":55}},"117":{"start":{"line":169,"column":8},"end":{"line":169,"column":62}},"118":{"start":{"line":170,"column":8},"end":{"line":170,"column":58}},"119":{"start":{"line":171,"column":8},"end":{"line":171,"column":63}},"120":{"start":{"line":172,"column":8},"end":{"line":172,"column":59}},"121":{"start":{"line":173,"column":8},"end":{"line":173,"column":62}},"122":{"start":{"line":174,"column":8},"end":{"line":174,"column":58}},"123":{"start":{"line":175,"column":8},"end":{"line":175,"column":61}},"124":{"start":{"line":176,"column":8},"end":{"line":176,"column":57}},"125":{"start":{"line":177,"column":8},"end":{"line":177,"column":64}},"126":{"start":{"line":178,"column":8},"end":{"line":178,"column":60}},"127":{"start":{"line":179,"column":8},"end":{"line":179,"column":67}},"128":{"start":{"line":180,"column":8},"end":{"line":180,"column":63}},"129":{"start":{"line":181,"column":8},"end":{"line":181,"column":66}},"130":{"start":{"line":182,"column":8},"end":{"line":182,"column":62}},"131":{"start":{"line":183,"column":8},"end":{"line":183,"column":15}},"132":{"start":{"line":190,"column":2},"end":{"line":293,"column":5}},"133":{"start":{"line":191,"column":13},"end":{"line":191,"column":35}},"134":{"start":{"line":192,"column":4},"end":{"line":219,"column":7}},"135":{"start":{"line":193,"column":6},"end":{"line":218,"column":9}},"136":{"start":{"line":194,"column":8},"end":{"line":217,"column":11}},"137":{"start":{"line":195,"column":10},"end":{"line":195,"column":54}},"138":{"start":{"line":196,"column":10},"end":{"line":196,"column":57}},"139":{"start":{"line":197,"column":10},"end":{"line":197,"column":65}},"140":{"start":{"line":198,"column":23},"end":{"line":198,"column":36}},"141":{"start":{"line":199,"column":10},"end":{"line":199,"column":61}},"142":{"start":{"line":200,"column":10},"end":{"line":200,"column":57}},"143":{"start":{"line":201,"column":10},"end":{"line":201,"column":64}},"144":{"start":{"line":202,"column":10},"end":{"line":202,"column":60}},"145":{"start":{"line":203,"column":10},"end":{"line":203,"column":65}},"146":{"start":{"line":204,"column":10},"end":{"line":204,"column":61}},"147":{"start":{"line":205,"column":10},"end":{"line":205,"column":60}},"148":{"start":{"line":206,"column":10},"end":{"line":206,"column":64}},"149":{"start":{"line":207,"column":10},"end":{"line":207,"column":60}},"150":{"start":{"line":208,"column":10},"end":{"line":208,"column":63}},"151":{"start":{"line":209,"column":10},"end":{"line":209,"column":59}},"152":{"start":{"line":210,"column":10},"end":{"line":210,"column":66}},"153":{"start":{"line":211,"column":10},"end":{"line":211,"column":62}},"154":{"start":{"line":212,"column":10},"end":{"line":212,"column":69}},"155":{"start":{"line":213,"column":10},"end":{"line":213,"column":65}},"156":{"start":{"line":214,"column":10},"end":{"line":214,"column":68}},"157":{"start":{"line":215,"column":10},"end":{"line":215,"column":64}},"158":{"start":{"line":216,"column":10},"end":{"line":216,"column":17}},"159":{"start":{"line":220,"column":4},"end":{"line":251,"column":7}},"160":{"start":{"line":221,"column":6},"end":{"line":250,"column":9}},"161":{"start":{"line":222,"column":8},"end":{"line":249,"column":11}},"162":{"start":{"line":226,"column":10},"end":{"line":226,"column":54}},"163":{"start":{"line":227,"column":10},"end":{"line":227,"column":57}},"164":{"start":{"line":228,"column":10},"end":{"line":228,"column":65}},"165":{"start":{"line":229,"column":23},"end":{"line":229,"column":36}},"166":{"start":{"line":230,"column":10},"end":{"line":230,"column":61}},"167":{"start":{"line":231,"column":10},"end":{"line":231,"column":57}},"168":{"start":{"line":232,"column":10},"end":{"line":232,"column":64}},"169":{"start":{"line":233,"column":10},"end":{"line":233,"column":60}},"170":{"start":{"line":234,"column":10},"end":{"line":234,"column":65}},"171":{"start":{"line":235,"column":10},"end":{"line":235,"column":61}},"172":{"start":{"line":236,"column":10},"end":{"line":236,"column":60}},"173":{"start":{"line":237,"column":10},"end":{"line":237,"column":64}},"174":{"start":{"line":238,"column":10},"end":{"line":238,"column":60}},"175":{"start":{"line":239,"column":10},"end":{"line":239,"column":62}},"176":{"start":{"line":240,"column":10},"end":{"line":240,"column":63}},"177":{"start":{"line":241,"column":10},"end":{"line":241,"column":59}},"178":{"start":{"line":242,"column":10},"end":{"line":242,"column":66}},"179":{"start":{"line":243,"column":10},"end":{"line":243,"column":62}},"180":{"start":{"line":244,"column":10},"end":{"line":244,"column":69}},"181":{"start":{"line":245,"column":10},"end":{"line":245,"column":65}},"182":{"start":{"line":246,"column":10},"end":{"line":246,"column":68}},"183":{"start":{"line":247,"column":10},"end":{"line":247,"column":64}},"184":{"start":{"line":248,"column":10},"end":{"line":248,"column":17}},"185":{"start":{"line":252,"column":4},"end":{"line":277,"column":7}},"186":{"start":{"line":253,"column":6},"end":{"line":276,"column":9}},"187":{"start":{"line":254,"column":8},"end":{"line":275,"column":11}},"188":{"start":{"line":258,"column":10},"end":{"line":258,"column":54}},"189":{"start":{"line":259,"column":10},"end":{"line":259,"column":57}},"190":{"start":{"line":260,"column":10},"end":{"line":260,"column":65}},"191":{"start":{"line":261,"column":10},"end":{"line":261,"column":63}},"192":{"start":{"line":262,"column":10},"end":{"line":262,"column":65}},"193":{"start":{"line":263,"column":10},"end":{"line":263,"column":63}},"194":{"start":{"line":264,"column":10},"end":{"line":264,"column":62}},"195":{"start":{"line":265,"column":10},"end":{"line":265,"column":71}},"196":{"start":{"line":266,"column":10},"end":{"line":266,"column":69}},"197":{"start":{"line":267,"column":10},"end":{"line":267,"column":71}},"198":{"start":{"line":268,"column":10},"end":{"line":268,"column":70}},"199":{"start":{"line":269,"column":24},"end":{"line":269,"column":45}},"200":{"start":{"line":270,"column":10},"end":{"line":270,"column":69}},"201":{"start":{"line":271,"column":10},"end":{"line":271,"column":67}},"202":{"start":{"line":272,"column":10},"end":{"line":272,"column":68}},"203":{"start":{"line":273,"column":10},"end":{"line":273,"column":66}},"204":{"start":{"line":274,"column":10},"end":{"line":274,"column":17}},"205":{"start":{"line":278,"column":4},"end":{"line":292,"column":7}},"206":{"start":{"line":279,"column":6},"end":{"line":291,"column":9}},"207":{"start":{"line":280,"column":8},"end":{"line":290,"column":11}},"208":{"start":{"line":281,"column":10},"end":{"line":281,"column":54}},"209":{"start":{"line":282,"column":10},"end":{"line":282,"column":65}},"210":{"start":{"line":283,"column":10},"end":{"line":283,"column":65}},"211":{"start":{"line":284,"column":10},"end":{"line":284,"column":63}},"212":{"start":{"line":285,"column":10},"end":{"line":285,"column":62}},"213":{"start":{"line":286,"column":10},"end":{"line":286,"column":71}},"214":{"start":{"line":287,"column":10},"end":{"line":287,"column":69}},"215":{"start":{"line":288,"column":10},"end":{"line":288,"column":127}},"216":{"start":{"line":289,"column":10},"end":{"line":289,"column":17}}},"fnMap":{"0":{"name":"(anonymous_0)","decl":{"start":{"line":43,"column":37},"end":{"line":43,"column":38}},"loc":{"start":{"line":43,"column":49},"end":{"line":300,"column":1}},"line":43},"1":{"name":"(anonymous_1)","decl":{"start":{"line":44,"column":30},"end":{"line":44,"column":31}},"loc":{"start":{"line":44,"column":46},"end":{"line":68,"column":3}},"line":44},"2":{"name":"(anonymous_2)","decl":{"start":{"line":46,"column":97},"end":{"line":46,"column":98}},"loc":{"start":{"line":46,"column":117},"end":{"line":64,"column":7}},"line":46},"3":{"name":"(anonymous_3)","decl":{"start":{"line":69,"column":39},"end":{"line":69,"column":40}},"loc":{"start":{"line":69,"column":51},"end":{"line":93,"column":3}},"line":69},"4":{"name":"(anonymous_4)","decl":{"start":{"line":70,"column":42},"end":{"line":70,"column":43}},"loc":{"start":{"line":70,"column":58},"end":{"line":92,"column":5}},"line":70},"5":{"name":"(anonymous_5)","decl":{"start":{"line":74,"column":13},"end":{"line":74,"column":14}},"loc":{"start":{"line":74,"column":33},"end":{"line":91,"column":7}},"line":74},"6":{"name":"(anonymous_6)","decl":{"start":{"line":94,"column":36},"end":{"line":94,"column":37}},"loc":{"start":{"line":94,"column":48},"end":{"line":121,"column":3}},"line":94},"7":{"name":"(anonymous_7)","decl":{"start":{"line":95,"column":48},"end":{"line":95,"column":49}},"loc":{"start":{"line":95,"column":64},"end":{"line":120,"column":5}},"line":95},"8":{"name":"(anonymous_8)","decl":{"start":{"line":96,"column":185},"end":{"line":96,"column":186}},"loc":{"start":{"line":96,"column":205},"end":{"line":119,"column":7}},"line":96},"9":{"name":"(anonymous_9)","decl":{"start":{"line":122,"column":36},"end":{"line":122,"column":37}},"loc":{"start":{"line":122,"column":48},"end":{"line":131,"column":3}},"line":122},"10":{"name":"(anonymous_10)","decl":{"start":{"line":123,"column":71},"end":{"line":123,"column":72}},"loc":{"start":{"line":123,"column":87},"end":{"line":130,"column":5}},"line":123},"11":{"name":"(anonymous_11)","decl":{"start":{"line":126,"column":13},"end":{"line":126,"column":14}},"loc":{"start":{"line":126,"column":33},"end":{"line":129,"column":7}},"line":126},"12":{"name":"(anonymous_12)","decl":{"start":{"line":132,"column":28},"end":{"line":132,"column":29}},"loc":{"start":{"line":132,"column":40},"end":{"line":158,"column":3}},"line":132},"13":{"name":"(anonymous_13)","decl":{"start":{"line":133,"column":42},"end":{"line":133,"column":43}},"loc":{"start":{"line":133,"column":58},"end":{"line":157,"column":5}},"line":133},"14":{"name":"(anonymous_14)","decl":{"start":{"line":134,"column":128},"end":{"line":134,"column":129}},"loc":{"start":{"line":134,"column":148},"end":{"line":156,"column":7}},"line":134},"15":{"name":"(anonymous_15)","decl":{"start":{"line":159,"column":55},"end":{"line":159,"column":56}},"loc":{"start":{"line":159,"column":67},"end":{"line":186,"column":3}},"line":159},"16":{"name":"(anonymous_16)","decl":{"start":{"line":160,"column":44},"end":{"line":160,"column":45}},"loc":{"start":{"line":160,"column":60},"end":{"line":185,"column":5}},"line":160},"17":{"name":"(anonymous_17)","decl":{"start":{"line":161,"column":147},"end":{"line":161,"column":148}},"loc":{"start":{"line":161,"column":167},"end":{"line":184,"column":7}},"line":161},"18":{"name":"(anonymous_18)","decl":{"start":{"line":190,"column":57},"end":{"line":190,"column":58}},"loc":{"start":{"line":190,"column":80},"end":{"line":293,"column":3}},"line":190},"19":{"name":"(anonymous_19)","decl":{"start":{"line":192,"column":60},"end":{"line":192,"column":61}},"loc":{"start":{"line":192,"column":72},"end":{"line":219,"column":5}},"line":192},"20":{"name":"(anonymous_20)","decl":{"start":{"line":193,"column":43},"end":{"line":193,"column":44}},"loc":{"start":{"line":193,"column":59},"end":{"line":218,"column":7}},"line":193},"21":{"name":"(anonymous_21)","decl":{"start":{"line":194,"column":154},"end":{"line":194,"column":155}},"loc":{"start":{"line":194,"column":176},"end":{"line":217,"column":9}},"line":194},"22":{"name":"(anonymous_22)","decl":{"start":{"line":220,"column":51},"end":{"line":220,"column":52}},"loc":{"start":{"line":220,"column":63},"end":{"line":251,"column":5}},"line":220},"23":{"name":"(anonymous_23)","decl":{"start":{"line":221,"column":53},"end":{"line":221,"column":54}},"loc":{"start":{"line":221,"column":69},"end":{"line":250,"column":7}},"line":221},"24":{"name":"(anonymous_24)","decl":{"start":{"line":225,"column":15},"end":{"line":225,"column":16}},"loc":{"start":{"line":225,"column":35},"end":{"line":249,"column":9}},"line":225},"25":{"name":"(anonymous_25)","decl":{"start":{"line":252,"column":44},"end":{"line":252,"column":45}},"loc":{"start":{"line":252,"column":56},"end":{"line":277,"column":5}},"line":252},"26":{"name":"(anonymous_26)","decl":{"start":{"line":253,"column":48},"end":{"line":253,"column":49}},"loc":{"start":{"line":253,"column":64},"end":{"line":276,"column":7}},"line":253},"27":{"name":"(anonymous_27)","decl":{"start":{"line":257,"column":15},"end":{"line":257,"column":16}},"loc":{"start":{"line":257,"column":35},"end":{"line":275,"column":9}},"line":257},"28":{"name":"(anonymous_28)","decl":{"start":{"line":278,"column":57},"end":{"line":278,"column":58}},"loc":{"start":{"line":278,"column":69},"end":{"line":292,"column":5}},"line":278},"29":{"name":"(anonymous_29)","decl":{"start":{"line":279,"column":55},"end":{"line":279,"column":56}},"loc":{"start":{"line":279,"column":71},"end":{"line":291,"column":7}},"line":279},"30":{"name":"(anonymous_30)","decl":{"start":{"line":280,"column":153},"end":{"line":280,"column":154}},"loc":{"start":{"line":280,"column":175},"end":{"line":290,"column":9}},"line":280}},"branchMap":{},"s":{"0":1,"1":1,"2":1,"3":1,"4":1,"5":1,"6":1,"7":1,"8":1,"9":1,"10":1,"11":1,"12":1,"13":1,"14":1,"15":1,"16":1,"17":1,"18":1,"19":1,"20":1,"21":1,"22":1,"23":1,"24":1,"25":1,"26":1,"27":1,"28":1,"29":1,"30":1,"31":1,"32":1,"33":0,"34":1,"35":1,"36":1,"37":1,"38":1,"39":1,"40":1,"41":1,"42":1,"43":1,"44":1,"45":1,"46":1,"47":1,"48":1,"49":1,"50":1,"51":1,"52":1,"53":1,"54":1,"55":1,"56":1,"57":1,"58":1,"59":1,"60":1,"61":1,"62":1,"63":1,"64":1,"65":1,"66":1,"67":1,"68":1,"69":1,"70":1,"71":1,"72":1,"73":1,"74":1,"75":1,"76":1,"77":1,"78":1,"79":1,"80":1,"81":1,"82":1,"83":1,"84":1,"85":1,"86":1,"87":1,"88":1,"89":1,"90":1,"91":1,"92":1,"93":1,"94":1,"95":1,"96":1,"97":1,"98":1,"99":1,"100":1,"101":1,"102":1,"103":1,"104":1,"105":1,"106":1,"107":1,"108":1,"109":1,"110":1,"111":1,"112":1,"113":1,"114":1,"115":1,"116":1,"117":1,"118":1,"119":1,"120":1,"121":1,"122":1,"123":1,"124":1,"125":1,"126":1,"127":1,"128":1,"129":1,"130":1,"131":1,"132":1,"133":1,"134":1,"135":1,"136":1,"137":1,"138":1,"139":1,"140":1,"141":1,"142":1,"143":1,"144":1,"145":1,"146":1,"147":1,"148":1,"149":1,"150":1,"151":1,"152":1,"153":1,"154":1,"155":1,"156":1,"157":1,"158":1,"159":1,"160":1,"161":1,"162":1,"163":1,"164":1,"165":1,"166":1,"167":1,"168":1,"169":1,"170":1,"171":1,"172":1,"173":1,"174":1,"175":1,"176":1,"177":1,"178":1,"179":1,"180":1,"181":1,"182":1,"183":1,"184":1,"185":1,"186":1,"187":1,"188":1,"189":1,"190":1,"191":1,"192":1,"193":1,"194":1,"195":1,"196":1,"197":1,"198":1,"199":1,"200":1,"201":1,"202":1,"203":1,"204":1,"205":1,"206":1,"207":1,"208":1,"209":1,"210":1,"211":1,"212":1,"213":1,"214":1,"215":1,"216":1},"f":{"0":1,"1":1,"2":1,"3":1,"4":1,"5":1,"6":1,"7":1,"8":1,"9":1,"10":1,"11":1,"12":1,"13":1,"14":1,"15":1,"16":1,"17":1,"18":1,"19":1,"20":1,"21":1,"22":1,"23":1,"24":1,"25":1,"26":1,"27":1,"28":1,"29":1,"30":1},"b":{},"_coverageSchema":"43e27e138ebf9cfc5966b082cf9a028302ed4184","hash":"3e3be23ad90fe8a8e1895af7ecd7021f87e3f3cb","contentHash":"f3cdcc509a9dfcafcb943ad2d920bf9d97df4e8dc287a51d4049db46ac197338"},"C:\\Property Pro Lite\\Server\\index.js":{"path":"C:\\Property Pro Lite\\Server\\index.js","statementMap":{"0":{"start":{"line":3,"column":29},"end":{"line":3,"column":84}},"1":{"start":{"line":5,"column":0},"end":{"line":7,"column":3}},"2":{"start":{"line":8,"column":0},"end":{"line":8,"column":28}},"3":{"start":{"line":10,"column":15},"end":{"line":10,"column":57}},"4":{"start":{"line":12,"column":18},"end":{"line":12,"column":64}},"5":{"start":{"line":14,"column":14},"end":{"line":14,"column":55}},"6":{"start":{"line":16,"column":24},"end":{"line":16,"column":77}},"7":{"start":{"line":18,"column":13},"end":{"line":18,"column":62}},"8":{"start":{"line":20,"column":14},"end":{"line":20,"column":64}},"9":{"start":{"line":22,"column":17},"end":{"line":22,"column":42}},"10":{"start":{"line":25,"column":0},"end":{"line":25,"column":30}},"11":{"start":{"line":26,"column":0},"end":{"line":26,"column":33}},"12":{"start":{"line":27,"column":0},"end":{"line":27,"column":30}},"13":{"start":{"line":29,"column":22},"end":{"line":29,"column":87}},"14":{"start":{"line":31,"column":11},"end":{"line":31,"column":35}},"15":{"start":{"line":32,"column":10},"end":{"line":32,"column":36}},"16":{"start":{"line":33,"column":0},"end":{"line":33,"column":39}},"17":{"start":{"line":34,"column":0},"end":{"line":36,"column":4}},"18":{"start":{"line":37,"column":0},"end":{"line":37,"column":38}},"19":{"start":{"line":38,"column":0},"end":{"line":38,"column":39}},"20":{"start":{"line":39,"column":0},"end":{"line":39,"column":113}},"21":{"start":{"line":40,"column":0},"end":{"line":45,"column":3}},"22":{"start":{"line":41,"column":2},"end":{"line":44,"column":5}},"23":{"start":{"line":46,"column":0},"end":{"line":46,"column":70}},"24":{"start":{"line":47,"column":15},"end":{"line":47,"column":18}},"25":{"start":{"line":48,"column":0},"end":{"line":48,"column":30}}},"fnMap":{"0":{"name":"(anonymous_0)","decl":{"start":{"line":40,"column":8},"end":{"line":40,"column":9}},"loc":{"start":{"line":40,"column":28},"end":{"line":45,"column":1}},"line":40}},"branchMap":{"0":{"loc":{"start":{"line":31,"column":11},"end":{"line":31,"column":35}},"type":"binary-expr","locations":[{"start":{"line":31,"column":11},"end":{"line":31,"column":27}},{"start":{"line":31,"column":31},"end":{"line":31,"column":35}}],"line":31}},"s":{"0":1,"1":1,"2":1,"3":1,"4":1,"5":1,"6":1,"7":1,"8":1,"9":1,"10":1,"11":1,"12":1,"13":1,"14":1,"15":1,"16":1,"17":1,"18":1,"19":1,"20":1,"21":1,"22":0,"23":1,"24":1,"25":1},"f":{"0":0},"b":{"0":[1,1]},"_coverageSchema":"43e27e138ebf9cfc5966b082cf9a028302ed4184","hash":"1aebf6ff2004209acadd61a8af94854f21e18c48","contentHash":"c0bddd93b3c68236040feb57fab6737850645975cf11fa911eaf12e024dc7f6c"},"C:\\Property Pro Lite\\Server\\routes\\users.js":{"path":"C:\\Property Pro Lite\\Server\\routes\\users.js","statementMap":{"0":{"start":{"line":3,"column":29},"end":{"line":3,"column":84}},"1":{"start":{"line":5,"column":0},"end":{"line":7,"column":3}},"2":{"start":{"line":8,"column":0},"end":{"line":8,"column":28}},"3":{"start":{"line":10,"column":15},"end":{"line":10,"column":57}},"4":{"start":{"line":12,"column":11},"end":{"line":12,"column":49}},"5":{"start":{"line":14,"column":20},"end":{"line":14,"column":67}},"6":{"start":{"line":16,"column":14},"end":{"line":16,"column":55}},"7":{"start":{"line":18,"column":21},"end":{"line":18,"column":84}},"8":{"start":{"line":20,"column":20},"end":{"line":20,"column":82}},"9":{"start":{"line":22,"column":22},"end":{"line":22,"column":82}},"10":{"start":{"line":24,"column":19},"end":{"line":24,"column":76}},"11":{"start":{"line":26,"column":12},"end":{"line":26,"column":61}},"12":{"start":{"line":28,"column":19},"end":{"line":28,"column":76}},"13":{"start":{"line":37,"column":13},"end":{"line":37,"column":38}},"14":{"start":{"line":39,"column":17},"end":{"line":39,"column":45}},"15":{"start":{"line":41,"column":0},"end":{"line":103,"column":3}},"16":{"start":{"line":42,"column":17},"end":{"line":42,"column":25}},"17":{"start":{"line":43,"column":19},"end":{"line":43,"column":174}},"18":{"start":{"line":46,"column":2},"end":{"line":102,"column":5}},"19":{"start":{"line":47,"column":4},"end":{"line":52,"column":5}},"20":{"start":{"line":48,"column":6},"end":{"line":51,"column":9}},"21":{"start":{"line":54,"column":4},"end":{"line":101,"column":7}},"22":{"start":{"line":55,"column":6},"end":{"line":60,"column":7}},"23":{"start":{"line":56,"column":8},"end":{"line":59,"column":11}},"24":{"start":{"line":62,"column":6},"end":{"line":100,"column":9}},"25":{"start":{"line":63,"column":8},"end":{"line":63,"column":15}},"26":{"start":{"line":65,"column":8},"end":{"line":70,"column":9}},"27":{"start":{"line":66,"column":10},"end":{"line":69,"column":13}},"28":{"start":{"line":72,"column":8},"end":{"line":72,"column":46}},"29":{"start":{"line":73,"column":8},"end":{"line":73,"column":25}},"30":{"start":{"line":74,"column":24},"end":{"line":79,"column":9}},"31":{"start":{"line":81,"column":8},"end":{"line":99,"column":11}},"32":{"start":{"line":82,"column":10},"end":{"line":87,"column":11}},"33":{"start":{"line":83,"column":12},"end":{"line":86,"column":15}},"34":{"start":{"line":89,"column":10},"end":{"line":98,"column":13}},"35":{"start":{"line":104,"column":0},"end":{"line":150,"column":3}},"36":{"start":{"line":105,"column":11},"end":{"line":105,"column":24}},"37":{"start":{"line":107,"column":2},"end":{"line":149,"column":5}},"38":{"start":{"line":108,"column":4},"end":{"line":113,"column":5}},"39":{"start":{"line":109,"column":6},"end":{"line":112,"column":9}},"40":{"start":{"line":115,"column":14},"end":{"line":115,"column":24}},"41":{"start":{"line":116,"column":15},"end":{"line":121,"column":5}},"42":{"start":{"line":123,"column":4},"end":{"line":148,"column":7}},"43":{"start":{"line":124,"column":6},"end":{"line":130,"column":7}},"44":{"start":{"line":125,"column":21},"end":{"line":125,"column":57}},"45":{"start":{"line":126,"column":8},"end":{"line":129,"column":11}},"46":{"start":{"line":132,"column":6},"end":{"line":147,"column":9}},"47":{"start":{"line":133,"column":8},"end":{"line":138,"column":9}},"48":{"start":{"line":134,"column":10},"end":{"line":137,"column":13}},"49":{"start":{"line":140,"column":8},"end":{"line":146,"column":11}},"50":{"start":{"line":152,"column":0},"end":{"line":187,"column":3}},"51":{"start":{"line":154,"column":13},"end":{"line":154,"column":27}},"52":{"start":{"line":156,"column":2},"end":{"line":186,"column":3}},"53":{"start":{"line":157,"column":4},"end":{"line":170,"column":7}},"54":{"start":{"line":158,"column":6},"end":{"line":163,"column":7}},"55":{"start":{"line":159,"column":8},"end":{"line":162,"column":11}},"56":{"start":{"line":165,"column":6},"end":{"line":165,"column":55}},"57":{"start":{"line":166,"column":6},"end":{"line":169,"column":9}},"58":{"start":{"line":172,"column":4},"end":{"line":185,"column":7}},"59":{"start":{"line":173,"column":6},"end":{"line":178,"column":7}},"60":{"start":{"line":174,"column":8},"end":{"line":177,"column":11}},"61":{"start":{"line":180,"column":6},"end":{"line":180,"column":55}},"62":{"start":{"line":181,"column":6},"end":{"line":184,"column":9}},"63":{"start":{"line":188,"column":0},"end":{"line":206,"column":3}},"64":{"start":{"line":189,"column":11},"end":{"line":189,"column":24}},"65":{"start":{"line":191,"column":2},"end":{"line":205,"column":5}},"66":{"start":{"line":192,"column":4},"end":{"line":197,"column":5}},"67":{"start":{"line":193,"column":6},"end":{"line":196,"column":9}},"68":{"start":{"line":199,"column":15},"end":{"line":199,"column":29}},"69":{"start":{"line":200,"column":4},"end":{"line":200,"column":40}},"70":{"start":{"line":201,"column":4},"end":{"line":204,"column":7}},"71":{"start":{"line":207,"column":15},"end":{"line":207,"column":25}},"72":{"start":{"line":208,"column":0},"end":{"line":208,"column":30}}},"fnMap":{"0":{"name":"(anonymous_0)","decl":{"start":{"line":41,"column":75},"end":{"line":41,"column":76}},"loc":{"start":{"line":41,"column":95},"end":{"line":103,"column":1}},"line":41},"1":{"name":"(anonymous_1)","decl":{"start":{"line":46,"column":27},"end":{"line":46,"column":28}},"loc":{"start":{"line":46,"column":56},"end":{"line":102,"column":3}},"line":46},"2":{"name":"(anonymous_2)","decl":{"start":{"line":54,"column":167},"end":{"line":54,"column":168}},"loc":{"start":{"line":54,"column":192},"end":{"line":101,"column":5}},"line":54},"3":{"name":"(anonymous_3)","decl":{"start":{"line":62,"column":78},"end":{"line":62,"column":79}},"loc":{"start":{"line":62,"column":102},"end":{"line":100,"column":7}},"line":62},"4":{"name":"(anonymous_4)","decl":{"start":{"line":81,"column":62},"end":{"line":81,"column":63}},"loc":{"start":{"line":81,"column":87},"end":{"line":99,"column":9}},"line":81},"5":{"name":"(anonymous_5)","decl":{"start":{"line":104,"column":81},"end":{"line":104,"column":82}},"loc":{"start":{"line":104,"column":101},"end":{"line":150,"column":1}},"line":104},"6":{"name":"(anonymous_6)","decl":{"start":{"line":107,"column":71},"end":{"line":107,"column":72}},"loc":{"start":{"line":107,"column":96},"end":{"line":149,"column":3}},"line":107},"7":{"name":"(anonymous_7)","decl":{"start":{"line":123,"column":60},"end":{"line":123,"column":61}},"loc":{"start":{"line":123,"column":83},"end":{"line":148,"column":5}},"line":123},"8":{"name":"(anonymous_8)","decl":{"start":{"line":132,"column":185},"end":{"line":132,"column":186}},"loc":{"start":{"line":132,"column":210},"end":{"line":147,"column":7}},"line":132},"9":{"name":"(anonymous_9)","decl":{"start":{"line":152,"column":55},"end":{"line":152,"column":56}},"loc":{"start":{"line":152,"column":75},"end":{"line":187,"column":1}},"line":152},"10":{"name":"(anonymous_10)","decl":{"start":{"line":157,"column":87},"end":{"line":157,"column":88}},"loc":{"start":{"line":157,"column":112},"end":{"line":170,"column":5}},"line":157},"11":{"name":"(anonymous_11)","decl":{"start":{"line":172,"column":53},"end":{"line":172,"column":54}},"loc":{"start":{"line":172,"column":78},"end":{"line":185,"column":5}},"line":172},"12":{"name":"(anonymous_12)","decl":{"start":{"line":188,"column":58},"end":{"line":188,"column":59}},"loc":{"start":{"line":188,"column":78},"end":{"line":206,"column":1}},"line":188},"13":{"name":"(anonymous_13)","decl":{"start":{"line":191,"column":71},"end":{"line":191,"column":72}},"loc":{"start":{"line":191,"column":96},"end":{"line":205,"column":3}},"line":191}},"branchMap":{"0":{"loc":{"start":{"line":47,"column":4},"end":{"line":52,"column":5}},"type":"if","locations":[{"start":{"line":47,"column":4},"end":{"line":52,"column":5}},{"start":{"line":47,"column":4},"end":{"line":52,"column":5}}],"line":47},"1":{"loc":{"start":{"line":55,"column":6},"end":{"line":60,"column":7}},"type":"if","locations":[{"start":{"line":55,"column":6},"end":{"line":60,"column":7}},{"start":{"line":55,"column":6},"end":{"line":60,"column":7}}],"line":55},"2":{"loc":{"start":{"line":65,"column":8},"end":{"line":70,"column":9}},"type":"if","locations":[{"start":{"line":65,"column":8},"end":{"line":70,"column":9}},{"start":{"line":65,"column":8},"end":{"line":70,"column":9}}],"line":65},"3":{"loc":{"start":{"line":82,"column":10},"end":{"line":87,"column":11}},"type":"if","locations":[{"start":{"line":82,"column":10},"end":{"line":87,"column":11}},{"start":{"line":82,"column":10},"end":{"line":87,"column":11}}],"line":82},"4":{"loc":{"start":{"line":108,"column":4},"end":{"line":113,"column":5}},"type":"if","locations":[{"start":{"line":108,"column":4},"end":{"line":113,"column":5}},{"start":{"line":108,"column":4},"end":{"line":113,"column":5}}],"line":108},"5":{"loc":{"start":{"line":124,"column":6},"end":{"line":130,"column":7}},"type":"if","locations":[{"start":{"line":124,"column":6},"end":{"line":130,"column":7}},{"start":{"line":124,"column":6},"end":{"line":130,"column":7}}],"line":124},"6":{"loc":{"start":{"line":133,"column":8},"end":{"line":138,"column":9}},"type":"if","locations":[{"start":{"line":133,"column":8},"end":{"line":138,"column":9}},{"start":{"line":133,"column":8},"end":{"line":138,"column":9}}],"line":133},"7":{"loc":{"start":{"line":156,"column":2},"end":{"line":186,"column":3}},"type":"if","locations":[{"start":{"line":156,"column":2},"end":{"line":186,"column":3}},{"start":{"line":156,"column":2},"end":{"line":186,"column":3}}],"line":156},"8":{"loc":{"start":{"line":158,"column":6},"end":{"line":163,"column":7}},"type":"if","locations":[{"start":{"line":158,"column":6},"end":{"line":163,"column":7}},{"start":{"line":158,"column":6},"end":{"line":163,"column":7}}],"line":158},"9":{"loc":{"start":{"line":173,"column":6},"end":{"line":178,"column":7}},"type":"if","locations":[{"start":{"line":173,"column":6},"end":{"line":178,"column":7}},{"start":{"line":173,"column":6},"end":{"line":178,"column":7}}],"line":173},"10":{"loc":{"start":{"line":192,"column":4},"end":{"line":197,"column":5}},"type":"if","locations":[{"start":{"line":192,"column":4},"end":{"line":197,"column":5}},{"start":{"line":192,"column":4},"end":{"line":197,"column":5}}],"line":192}},"s":{"0":1,"1":1,"2":1,"3":1,"4":1,"5":1,"6":1,"7":1,"8":1,"9":1,"10":1,"11":1,"12":1,"13":1,"14":1,"15":1,"16":1,"17":1,"18":1,"19":1,"20":0,"21":1,"22":1,"23":0,"24":1,"25":1,"26":1,"27":0,"28":1,"29":1,"30":1,"31":1,"32":1,"33":0,"34":1,"35":1,"36":1,"37":1,"38":1,"39":0,"40":1,"41":1,"42":1,"43":1,"44":0,"45":0,"46":1,"47":1,"48":0,"49":1,"50":1,"51":2,"52":2,"53":1,"54":1,"55":0,"56":1,"57":1,"58":1,"59":1,"60":0,"61":1,"62":1,"63":1,"64":0,"65":0,"66":0,"67":0,"68":0,"69":0,"70":0,"71":1,"72":1},"f":{"0":1,"1":1,"2":1,"3":1,"4":1,"5":1,"6":1,"7":1,"8":1,"9":2,"10":1,"11":1,"12":0,"13":0},"b":{"0":[0,1],"1":[0,1],"2":[0,1],"3":[0,1],"4":[0,1],"5":[0,1],"6":[0,1],"7":[1,1],"8":[0,1],"9":[0,1],"10":[0,0]},"_coverageSchema":"43e27e138ebf9cfc5966b082cf9a028302ed4184","hash":"4088dabe59b7f7653ef50d5d8f39c68c95afb195","contentHash":"10f9d572efe6f3c6e873ffe5018b14dae3331fdff2c9a75da62f4d880c8713df"},"C:\\Property Pro Lite\\Server\\middlewares\\verify_signup.js":{"path":"C:\\Property Pro Lite\\Server\\middlewares\\verify_signup.js","statementMap":{"0":{"start":{"line":3,"column":29},"end":{"line":3,"column":84}},"1":{"start":{"line":5,"column":0},"end":{"line":7,"column":3}},"2":{"start":{"line":8,"column":0},"end":{"line":8,"column":28}},"3":{"start":{"line":10,"column":14},"end":{"line":10,"column":55}},"4":{"start":{"line":12,"column":23},"end":{"line":12,"column":84}},"5":{"start":{"line":19,"column":19},"end":{"line":64,"column":1}},"6":{"start":{"line":20,"column":14},"end":{"line":20,"column":16}},"7":{"start":{"line":22,"column":2},"end":{"line":24,"column":3}},"8":{"start":{"line":23,"column":4},"end":{"line":23,"column":32}},"9":{"start":{"line":26,"column":2},"end":{"line":28,"column":3}},"10":{"start":{"line":27,"column":4},"end":{"line":27,"column":39}},"11":{"start":{"line":30,"column":2},"end":{"line":32,"column":3}},"12":{"start":{"line":31,"column":4},"end":{"line":31,"column":38}},"13":{"start":{"line":34,"column":2},"end":{"line":36,"column":3}},"14":{"start":{"line":35,"column":4},"end":{"line":35,"column":39}},"15":{"start":{"line":38,"column":2},"end":{"line":40,"column":3}},"16":{"start":{"line":39,"column":4},"end":{"line":39,"column":33}},"17":{"start":{"line":42,"column":2},"end":{"line":44,"column":3}},"18":{"start":{"line":43,"column":4},"end":{"line":43,"column":38}},"19":{"start":{"line":46,"column":2},"end":{"line":63,"column":3}},"20":{"start":{"line":47,"column":4},"end":{"line":57,"column":7}},"21":{"start":{"line":48,"column":6},"end":{"line":53,"column":7}},"22":{"start":{"line":49,"column":8},"end":{"line":52,"column":11}},"23":{"start":{"line":55,"column":6},"end":{"line":55,"column":31}},"24":{"start":{"line":56,"column":6},"end":{"line":56,"column":13}},"25":{"start":{"line":59,"column":4},"end":{"line":62,"column":7}},"26":{"start":{"line":66,"column":15},"end":{"line":66,"column":27}},"27":{"start":{"line":67,"column":0},"end":{"line":67,"column":30}}},"fnMap":{"0":{"name":"verifySignup","decl":{"start":{"line":19,"column":28},"end":{"line":19,"column":40}},"loc":{"start":{"line":19,"column":57},"end":{"line":64,"column":1}},"line":19},"1":{"name":"(anonymous_1)","decl":{"start":{"line":47,"column":51},"end":{"line":47,"column":52}},"loc":{"start":{"line":47,"column":72},"end":{"line":57,"column":5}},"line":47}},"branchMap":{"0":{"loc":{"start":{"line":22,"column":2},"end":{"line":24,"column":3}},"type":"if","locations":[{"start":{"line":22,"column":2},"end":{"line":24,"column":3}},{"start":{"line":22,"column":2},"end":{"line":24,"column":3}}],"line":22},"1":{"loc":{"start":{"line":26,"column":2},"end":{"line":28,"column":3}},"type":"if","locations":[{"start":{"line":26,"column":2},"end":{"line":28,"column":3}},{"start":{"line":26,"column":2},"end":{"line":28,"column":3}}],"line":26},"2":{"loc":{"start":{"line":30,"column":2},"end":{"line":32,"column":3}},"type":"if","locations":[{"start":{"line":30,"column":2},"end":{"line":32,"column":3}},{"start":{"line":30,"column":2},"end":{"line":32,"column":3}}],"line":30},"3":{"loc":{"start":{"line":34,"column":2},"end":{"line":36,"column":3}},"type":"if","locations":[{"start":{"line":34,"column":2},"end":{"line":36,"column":3}},{"start":{"line":34,"column":2},"end":{"line":36,"column":3}}],"line":34},"4":{"loc":{"start":{"line":38,"column":2},"end":{"line":40,"column":3}},"type":"if","locations":[{"start":{"line":38,"column":2},"end":{"line":40,"column":3}},{"start":{"line":38,"column":2},"end":{"line":40,"column":3}}],"line":38},"5":{"loc":{"start":{"line":42,"column":2},"end":{"line":44,"column":3}},"type":"if","locations":[{"start":{"line":42,"column":2},"end":{"line":44,"column":3}},{"start":{"line":42,"column":2},"end":{"line":44,"column":3}}],"line":42},"6":{"loc":{"start":{"line":46,"column":2},"end":{"line":63,"column":3}},"type":"if","locations":[{"start":{"line":46,"column":2},"end":{"line":63,"column":3}},{"start":{"line":46,"column":2},"end":{"line":63,"column":3}}],"line":46},"7":{"loc":{"start":{"line":48,"column":6},"end":{"line":53,"column":7}},"type":"if","locations":[{"start":{"line":48,"column":6},"end":{"line":53,"column":7}},{"start":{"line":48,"column":6},"end":{"line":53,"column":7}}],"line":48}},"s":{"0":1,"1":1,"2":1,"3":1,"4":1,"5":1,"6":1,"7":1,"8":0,"9":1,"10":0,"11":1,"12":0,"13":1,"14":0,"15":1,"16":0,"17":1,"18":0,"19":1,"20":1,"21":1,"22":0,"23":1,"24":1,"25":0,"26":1,"27":1},"f":{"0":1,"1":1},"b":{"0":[0,1],"1":[0,1],"2":[0,1],"3":[0,1],"4":[0,1],"5":[0,1],"6":[1,0],"7":[0,1]},"_coverageSchema":"43e27e138ebf9cfc5966b082cf9a028302ed4184","hash":"e63763bafbc8b2cb878413d12ad8d48107a3ea61","contentHash":"fba723a030ef9a3b8feb0614ffe13d475cb2837e0bb8bd63bf76a3c1f396bee7"},"C:\\Property Pro Lite\\Server\\middlewares\\verify_token.js":{"path":"C:\\Property Pro Lite\\Server\\middlewares\\verify_token.js","statementMap":{"0":{"start":{"line":3,"column":29},"end":{"line":3,"column":84}},"1":{"start":{"line":5,"column":0},"end":{"line":7,"column":3}},"2":{"start":{"line":8,"column":0},"end":{"line":8,"column":28}},"3":{"start":{"line":10,"column":20},"end":{"line":10,"column":67}},"4":{"start":{"line":15,"column":18},"end":{"line":40,"column":1}},"5":{"start":{"line":16,"column":21},"end":{"line":16,"column":46}},"6":{"start":{"line":18,"column":2},"end":{"line":39,"column":3}},"7":{"start":{"line":19,"column":17},"end":{"line":19,"column":40}},"8":{"start":{"line":21,"column":16},"end":{"line":21,"column":25}},"9":{"start":{"line":23,"column":4},"end":{"line":33,"column":7}},"10":{"start":{"line":24,"column":6},"end":{"line":32,"column":7}},"11":{"start":{"line":25,"column":8},"end":{"line":28,"column":11}},"12":{"start":{"line":30,"column":8},"end":{"line":30,"column":32}},"13":{"start":{"line":31,"column":8},"end":{"line":31,"column":15}},"14":{"start":{"line":35,"column":4},"end":{"line":38,"column":7}},"15":{"start":{"line":42,"column":15},"end":{"line":42,"column":26}},"16":{"start":{"line":43,"column":0},"end":{"line":43,"column":30}}},"fnMap":{"0":{"name":"verifyToken","decl":{"start":{"line":15,"column":27},"end":{"line":15,"column":38}},"loc":{"start":{"line":15,"column":55},"end":{"line":40,"column":1}},"line":15},"1":{"name":"(anonymous_1)","decl":{"start":{"line":23,"column":56},"end":{"line":23,"column":57}},"loc":{"start":{"line":23,"column":81},"end":{"line":33,"column":5}},"line":23}},"branchMap":{"0":{"loc":{"start":{"line":18,"column":2},"end":{"line":39,"column":3}},"type":"if","locations":[{"start":{"line":18,"column":2},"end":{"line":39,"column":3}},{"start":{"line":18,"column":2},"end":{"line":39,"column":3}}],"line":18},"1":{"loc":{"start":{"line":24,"column":6},"end":{"line":32,"column":7}},"type":"if","locations":[{"start":{"line":24,"column":6},"end":{"line":32,"column":7}},{"start":{"line":24,"column":6},"end":{"line":32,"column":7}}],"line":24}},"s":{"0":1,"1":1,"2":1,"3":1,"4":1,"5":8,"6":8,"7":8,"8":8,"9":8,"10":8,"11":0,"12":8,"13":8,"14":0,"15":1,"16":1},"f":{"0":8,"1":8},"b":{"0":[8,0],"1":[0,8]},"_coverageSchema":"43e27e138ebf9cfc5966b082cf9a028302ed4184","hash":"aed501ffa6dd3bb739046fb690b86cc113972000","contentHash":"f0a466d6cd4d0d6acc123d8cfea33c35e214e2311edd685a0dd2c5cea88b26e8"},"C:\\Property Pro Lite\\Server\\helpers\\extract_errors.js":{"path":"C:\\Property Pro Lite\\Server\\helpers\\extract_errors.js","statementMap":{"0":{"start":{"line":3,"column":0},"end":{"line":5,"column":3}},"1":{"start":{"line":6,"column":0},"end":{"line":6,"column":28}},"2":{"start":{"line":9,"column":20},"end":{"line":16,"column":1}},"3":{"start":{"line":10,"column":21},"end":{"line":10,"column":35}},"4":{"start":{"line":11,"column":19},"end":{"line":11,"column":21}},"5":{"start":{"line":12,"column":2},"end":{"line":14,"column":5}},"6":{"start":{"line":13,"column":4},"end":{"line":13,"column":37}},"7":{"start":{"line":15,"column":2},"end":{"line":15,"column":20}},"8":{"start":{"line":18,"column":15},"end":{"line":18,"column":28}},"9":{"start":{"line":19,"column":0},"end":{"line":19,"column":30}}},"fnMap":{"0":{"name":"extractErrors","decl":{"start":{"line":9,"column":29},"end":{"line":9,"column":42}},"loc":{"start":{"line":9,"column":51},"end":{"line":16,"column":1}},"line":9},"1":{"name":"(anonymous_1)","decl":{"start":{"line":12,"column":23},"end":{"line":12,"column":24}},"loc":{"start":{"line":12,"column":38},"end":{"line":14,"column":3}},"line":12}},"branchMap":{},"s":{"0":1,"1":1,"2":1,"3":1,"4":1,"5":1,"6":1,"7":1,"8":1,"9":1},"f":{"0":1,"1":1},"b":{},"_coverageSchema":"43e27e138ebf9cfc5966b082cf9a028302ed4184","hash":"69a3f301c3d9c99aaf2295599cca23d750d7f49e","contentHash":"e74994df9dcfb6064d7819cdfa8cf7d362ba8cd3791bf9c915df32defb1b6a0d"},"C:\\Property Pro Lite\\Server\\Schemas\\flag_schema.js":{"path":"C:\\Property Pro Lite\\Server\\Schemas\\flag_schema.js","statementMap":{"0":{"start":{"line":3,"column":29},"end":{"line":3,"column":84}},"1":{"start":{"line":5,"column":0},"end":{"line":7,"column":3}},"2":{"start":{"line":8,"column":0},"end":{"line":8,"column":28}},"3":{"start":{"line":10,"column":11},"end":{"line":10,"column":49}},"4":{"start":{"line":12,"column":13},"end":{"line":17,"column":2}},"5":{"start":{"line":19,"column":15},"end":{"line":19,"column":21}},"6":{"start":{"line":20,"column":0},"end":{"line":20,"column":30}}},"fnMap":{},"branchMap":{},"s":{"0":1,"1":1,"2":1,"3":1,"4":1,"5":1,"6":1},"f":{},"b":{},"_coverageSchema":"43e27e138ebf9cfc5966b082cf9a028302ed4184","hash":"ef0e81742dddd329c4fe265472ec7f9df95b65ec","contentHash":"f2c893b3729c4d140d0eb91e0de9649404007c0c090f3f14a5dae00e0a67bcfe"},"C:\\Property Pro Lite\\Server\\config\\pool.js":{"path":"C:\\Property Pro Lite\\Server\\config\\pool.js","statementMap":{"0":{"start":{"line":3,"column":15},"end":{"line":3,"column":28}},"1":{"start":{"line":4,"column":11},"end":{"line":4,"column":24}},"2":{"start":{"line":6,"column":0},"end":{"line":6,"column":27}},"3":{"start":{"line":8,"column":11},"end":{"line":10,"column":2}},"4":{"start":{"line":11,"column":0},"end":{"line":15,"column":3}},"5":{"start":{"line":12,"column":2},"end":{"line":14,"column":3}},"6":{"start":{"line":13,"column":4},"end":{"line":13,"column":14}},"7":{"start":{"line":16,"column":0},"end":{"line":16,"column":22}}},"fnMap":{"0":{"name":"(anonymous_0)","decl":{"start":{"line":11,"column":13},"end":{"line":11,"column":14}},"loc":{"start":{"line":11,"column":36},"end":{"line":15,"column":1}},"line":11}},"branchMap":{"0":{"loc":{"start":{"line":12,"column":2},"end":{"line":14,"column":3}},"type":"if","locations":[{"start":{"line":12,"column":2},"end":{"line":14,"column":3}},{"start":{"line":12,"column":2},"end":{"line":14,"column":3}}],"line":12}},"s":{"0":1,"1":1,"2":1,"3":1,"4":1,"5":1,"6":0,"7":1},"f":{"0":1},"b":{"0":[0,1]},"_coverageSchema":"43e27e138ebf9cfc5966b082cf9a028302ed4184","hash":"98a5cfa551744f15e5a5a344d1d3dec7205e98c7","contentHash":"86be4a4da98531ff84a2ea58cfec31960a4852e46402484bdaa091b5c7177307"},"C:\\Property Pro Lite\\Server\\helpers\\refine_data.js":{"path":"C:\\Property Pro Lite\\Server\\helpers\\refine_data.js","statementMap":{"0":{"start":{"line":3,"column":0},"end":{"line":5,"column":3}},"1":{"start":{"line":6,"column":0},"end":{"line":6,"column":28}},"2":{"start":{"line":8,"column":17},"end":{"line":15,"column":1}},"3":{"start":{"line":9,"column":19},"end":{"line":9,"column":23}},"4":{"start":{"line":10,"column":2},"end":{"line":13,"column":5}},"5":{"start":{"line":11,"column":15},"end":{"line":11,"column":23}},"6":{"start":{"line":12,"column":4},"end":{"line":12,"column":40}},"7":{"start"
[...]
"line":269,"column":17}}],"line":234},"22":{"loc":{"start":{"line":242,"column":20},"end":{"line":267,"column":21}},"type":"if","locations":[{"start":{"line":242,"column":20},"end":{"line":267,"column":21}},{"start":{"line":242,"column":20},"end":{"line":267,"column":21}}],"line":242},"23":{"loc":{"start":{"line":289,"column":4},"end":{"line":294,"column":5}},"type":"if","locations":[{"start":{"line":289,"column":4},"end":{"line":294,"column":5}},{"start":{"line":289,"column":4},"end":{"line":294,"column":5}}],"line":289},"24":{"loc":{"start":{"line":299,"column":4},"end":{"line":315,"column":5}},"type":"if","locations":[{"start":{"line":299,"column":4},"end":{"line":315,"column":5}},{"start":{"line":299,"column":4},"end":{"line":315,"column":5}}],"line":299},"25":{"loc":{"start":{"line":299,"column":8},"end":{"line":299,"column":102}},"type":"binary-expr","locations":[{"start":{"line":299,"column":8},"end":{"line":299,"column":76}},{"start":{"line":299,"column":80},"end":{"line":299,"column":102}}],"line":299},"26":{"loc":{"start":{"line":308,"column":8},"end":{"line":313,"column":9}},"type":"if","locations":[{"start":{"line":308,"column":8},"end":{"line":313,"column":9}},{"start":{"line":308,"column":8},"end":{"line":313,"column":9}}],"line":308},"27":{"loc":{"start":{"line":322,"column":4},"end":{"line":327,"column":5}},"type":"if","locations":[{"start":{"line":322,"column":4},"end":{"line":327,"column":5}},{"start":{"line":322,"column":4},"end":{"line":327,"column":5}}],"line":322},"28":{"loc":{"start":{"line":329,"column":4},"end":{"line":345,"column":5}},"type":"if","locations":[{"start":{"line":329,"column":4},"end":{"line":345,"column":5}},{"start":{"line":329,"column":4},"end":{"line":345,"column":5}}],"line":329},"29":{"loc":{"start":{"line":329,"column":8},"end":{"line":329,"column":102}},"type":"binary-expr","locations":[{"start":{"line":329,"column":8},"end":{"line":329,"column":76}},{"start":{"line":329,"column":80},"end":{"line":329,"column":102}}],"line":329},"30":{"loc":{"start":{"line":336,"column":8},"end":{"line":343,"column":9}},"type":"if","locations":[{"start":{"line":336,"column":8},"end":{"line":343,"column":9}},{"start":{"line":336,"column":8},"end":{"line":343,"column":9}}],"line":336}},"s":{"0":1,"1":1,"2":1,"3":1,"4":1,"5":1,"6":1,"7":1,"8":1,"9":1,"10":1,"11":1,"12":1,"13":1,"14":1,"15":1,"16":1,"17":1,"18":1,"19":1,"20":1,"21":1,"22":1,"23":1,"24":0,"25":1,"26":1,"27":1,"28":1,"29":2,"30":4,"31":6,"32":2,"33":2,"34":2,"35":2,"36":2,"37":0,"38":0,"39":2,"40":2,"41":2,"42":2,"43":2,"44":1,"45":1,"46":1,"47":1,"48":0,"49":1,"50":2,"51":2,"52":0,"53":2,"54":1,"55":2,"56":1,"57":1,"58":1,"59":1,"60":2,"61":1,"62":1,"63":1,"64":1,"65":1,"66":0,"67":0,"68":0,"69":0,"70":1,"71":1,"72":0,"73":1,"74":0,"75":1,"76":1,"77":1,"78":1,"79":0,"80":0,"81":1,"82":1,"83":0,"84":1,"85":1,"86":1,"87":1,"88":1,"89":1,"90":1,"91":1,"92":1,"93":0,"94":1,"95":1,"96":1,"97":0,"98":1,"99":1,"100":1,"101":1,"102":1,"103":1,"104":1,"105":1,"106":0,"107":1,"108":0,"109":1,"110":1,"111":1,"112":1,"113":1},"f":{"0":1,"1":1,"2":1,"3":2,"4":4,"5":2,"6":1,"7":2,"8":1,"9":1,"10":1,"11":1,"12":1,"13":1,"14":1,"15":1,"16":1,"17":1,"18":1,"19":1,"20":1,"21":1},"b":{"0":[0,1],"1":[2,2,0,2,2],"2":[0,2],"3":[1,1],"4":[0,1],"5":[1,0,1,1,1],"6":[1,0],"7":[0,1],"8":[0,1],"9":[1,0],"10":[1,1],"11":[1,0],"12":[1,1],"13":[1,1],"14":[1,1],"15":[1,0],"16":[1,1],"17":[1,1],"18":[1,1],"19":[1,1],"20":[1,1],"21":[0,1],"22":[0,1],"23":[0,1],"24":[0,1],"25":[1,0],"26":[1,0],"27":[0,1],"28":[0,1],"29":[1,0],"30":[1,0]},"_coverageSchema":"43e27e138ebf9cfc5966b082cf9a028302ed4184","hash":"cd9665370f017de1d5f3b9a5a08684c8e994ffc9","contentHash":"6a3e94e0f7c92c5f152095bf1df22147b7ed3cc5732fc3c49d2aeabc4db279a5"},"C:\\Property Pro Lite\\Server\\helpers\\verify_property.js":{"path":"C:\\Property Pro Lite\\Server\\helpers\\verify_property.js","statementMap":{"0":{"start":{"line":3,"column":29},"end":{"line":3,"column":84}},"1":{"start":{"line":5,"column":0},"end":{"line":7,"column":3}},"2":{"start":{"line":8,"column":0},"end":{"line":8,"column":28}},"3":{"start":{"line":10,"column":20},"end":{"line":10,"column":67}},"4":{"start":{"line":16,"column":10},"end":{"line":16,"column":20}},"5":{"start":{"line":18,"column":21},"end":{"line":45,"column":1}},"6":{"start":{"line":19,"column":2},"end":{"line":24,"column":3}},"7":{"start":{"line":20,"column":4},"end":{"line":23,"column":7}},"8":{"start":{"line":26,"column":17},"end":{"line":39,"column":3}},"9":{"start":{"line":40,"column":2},"end":{"line":40,"column":38}},"10":{"start":{"line":41,"column":2},"end":{"line":41,"column":44}},"11":{"start":{"line":42,"column":2},"end":{"line":42,"column":58}},"12":{"start":{"line":43,"column":2},"end":{"line":43,"column":26}},"13":{"start":{"line":44,"column":2},"end":{"line":44,"column":9}},"14":{"start":{"line":47,"column":15},"end":{"line":47,"column":29}},"15":{"start":{"line":48,"column":0},"end":{"line":48,"column":30}}},"fnMap":{"0":{"name":"verifyProperty","decl":{"start":{"line":18,"column":30},"end":{"line":18,"column":44}},"loc":{"start":{"line":18,"column":61},"end":{"line":45,"column":1}},"line":18}},"branchMap":{"0":{"loc":{"start":{"line":19,"column":2},"end":{"line":24,"column":3}},"type":"if","locations":[{"start":{"line":19,"column":2},"end":{"line":24,"column":3}},{"start":{"line":19,"column":2},"end":{"line":24,"column":3}}],"line":19},"1":{"loc":{"start":{"line":28,"column":12},"end":{"line":28,"column":42}},"type":"binary-expr","locations":[{"start":{"line":28,"column":12},"end":{"line":28,"column":27}},{"start":{"line":28,"column":31},"end":{"line":28,"column":42}}],"line":28},"2":{"loc":{"start":{"line":30,"column":13},"end":{"line":30,"column":47}},"type":"binary-expr","locations":[{"start":{"line":30,"column":13},"end":{"line":30,"column":29}},{"start":{"line":30,"column":33},"end":{"line":30,"column":47}}],"line":30},"3":{"loc":{"start":{"line":35,"column":11},"end":{"line":35,"column":43}},"type":"binary-expr","locations":[{"start":{"line":35,"column":11},"end":{"line":35,"column":25}},{"start":{"line":35,"column":29},"end":{"line":35,"column":43}}],"line":35},"4":{"loc":{"start":{"line":36,"column":17},"end":{"line":36,"column":55}},"type":"binary-expr","locations":[{"start":{"line":36,"column":17},"end":{"line":36,"column":37}},{"start":{"line":36,"column":41},"end":{"line":36,"column":55}}],"line":36}},"s":{"0":1,"1":1,"2":1,"3":1,"4":1,"5":1,"6":2,"7":0,"8":2,"9":2,"10":2,"11":2,"12":2,"13":2,"14":1,"15":1},"f":{"0":2},"b":{"0":[0,2],"1":[2,1],"2":[2,2],"3":[2,2],"4":[2,2]},"_coverageSchema":"43e27e138ebf9cfc5966b082cf9a028302ed4184","hash":"ba57fa8534022d1abcb1b25947b5ec773de82484","contentHash":"0e05d86bc18b7a4e88fa49916bebbb53607aa495008ba931e8e094474d2c92e4"},"C:\\Property Pro Lite\\Server\\middlewares\\verify_signin.js":{"path":"C:\\Property Pro Lite\\Server\\middlewares\\verify_signin.js","statementMap":{"0":{"start":{"line":3,"column":29},"end":{"line":3,"column":84}},"1":{"start":{"line":5,"column":0},"end":{"line":7,"column":3}},"2":{"start":{"line":8,"column":0},"end":{"line":8,"column":28}},"3":{"start":{"line":10,"column":14},"end":{"line":10,"column":55}},"4":{"start":{"line":12,"column":12},"end":{"line":12,"column":61}},"5":{"start":{"line":19,"column":19},"end":{"line":52,"column":1}},"6":{"start":{"line":20,"column":2},"end":{"line":51,"column":5}},"7":{"start":{"line":21,"column":4},"end":{"line":26,"column":5}},"8":{"start":{"line":22,"column":6},"end":{"line":25,"column":9}},"9":{"start":{"line":28,"column":4},"end":{"line":49,"column":7}},"10":{"start":{"line":29,"column":6},"end":{"line":34,"column":7}},"11":{"start":{"line":30,"column":8},"end":{"line":33,"column":11}},"12":{"start":{"line":36,"column":6},"end":{"line":36,"column":28}},"13":{"start":{"line":38,"column":6},"end":{"line":48,"column":9}},"14":{"start":{"line":39,"column":8},"end":{"line":44,"column":9}},"15":{"start":{"line":40,"column":10},"end":{"line":43,"column":13}},"16":{"start":{"line":46,"column":8},"end":{"line":46,"column":24}},"17":{"start":{"line":47,"column":8},"end":{"line":47,"column":15}},"18":{"start":{"line":50,"column":4},"end":{"line":50,"column":11}},"19":{"start":{"line":54,"column":15},"end":{"line":54,"column":27}},"20":{"start":{"line":55,"column":0},"end":{"line":55,"column":30}}},"fnMap":{"0":{"name":"verifySignin","decl":{"start":{"line":19,"column":28},"end":{"line":19,"column":40}},"loc":{"start":{"line":19,"column":57},"end":{"line":52,"column":1}},"line":19},"1":{"name":"(anonymous_1)","decl":{"start":{"line":20,"column":27},"end":{"line":20,"column":28}},"loc":{"start":{"line":20,"column":56},"end":{"line":51,"column":3}},"line":20},"2":{"name":"(anonymous_2)","decl":{"start":{"line":28,"column":75},"end":{"line":28,"column":76}},"loc":{"start":{"line":28,"column":100},"end":{"line":49,"column":5}},"line":28},"3":{"name":"(anonymous_3)","decl":{"start":{"line":38,"column":67},"end":{"line":38,"column":68}},"loc":{"start":{"line":38,"column":88},"end":{"line":48,"column":7}},"line":38}},"branchMap":{"0":{"loc":{"start":{"line":21,"column":4},"end":{"line":26,"column":5}},"type":"if","locations":[{"start":{"line":21,"column":4},"end":{"line":26,"column":5}},{"start":{"line":21,"column":4},"end":{"line":26,"column":5}}],"line":21},"1":{"loc":{"start":{"line":29,"column":6},"end":{"line":34,"column":7}},"type":"if","locations":[{"start":{"line":29,"column":6},"end":{"line":34,"column":7}},{"start":{"line":29,"column":6},"end":{"line":34,"column":7}}],"line":29},"2":{"loc":{"start":{"line":39,"column":8},"end":{"line":44,"column":9}},"type":"if","locations":[{"start":{"line":39,"column":8},"end":{"line":44,"column":9}},{"start":{"line":39,"column":8},"end":{"line":44,"column":9}}],"line":39}},"s":{"0":1,"1":1,"2":1,"3":1,"4":1,"5":1,"6":1,"7":1,"8":0,"9":1,"10":1,"11":0,"12":1,"13":1,"14":1,"15":0,"16":1,"17":1,"18":1,"19":1,"20":1},"f":{"0":1,"1":1,"2":1,"3":1},"b":{"0":[0,1],"1":[0,1],"2":[0,1]},"_coverageSchema":"43e27e138ebf9cfc5966b082cf9a028302ed4184","hash":"879b4e3832ec98758f103eb23f476931d0ac1521","contentHash":"bcf8dbaea8c5e25512e4cfe9199fe90136d49cf8dd1ddb1036050f7366e45526"},"C:\\Property Pro Lite\\Server\\middlewares\\multer.js":{"path":"C:\\Property Pro Lite\\Server\\middlewares\\multer.js","statementMap":{"0":{"start":{"line":3,"column":29},"end":{"line":3,"column":84}},"1":{"start":{"line":5,"column":0},"end":{"line":7,"column":3}},"2":{"start":{"line":8,"column":0},"end":{"line":8,"column":28}},"3":{"start":{"line":10,"column":14},"end":{"line":10,"column":55}},"4":{"start":{"line":13,"column":15},"end":{"line":23,"column":2}},"5":{"start":{"line":16,"column":4},"end":{"line":19,"column":5}},"6":{"start":{"line":17,"column":6},"end":{"line":17,"column":52}},"7":{"start":{"line":18,"column":6},"end":{"line":18,"column":13}},"8":{"start":{"line":21,"column":4},"end":{"line":21,"column":19}},"9":{"start":{"line":25,"column":0},"end":{"line":25,"column":30}}},"fnMap":{"0":{"name":"fileFilter","decl":{"start":{"line":15,"column":23},"end":{"line":15,"column":33}},"loc":{"start":{"line":15,"column":49},"end":{"line":22,"column":3}},"line":15}},"branchMap":{"0":{"loc":{"start":{"line":16,"column":4},"end":{"line":19,"column":5}},"type":"if","locations":[{"start":{"line":16,"column":4},"end":{"line":19,"column":5}},{"start":{"line":16,"column":4},"end":{"line":19,"column":5}}],"line":16}},"s":{"0":1,"1":1,"2":1,"3":1,"4":1,"5":2,"6":0,"7":0,"8":2,"9":1},"f":{"0":2},"b":{"0":[0,2]},"_coverageSchema":"43e27e138ebf9cfc5966b082cf9a028302ed4184","hash":"9e548bfedef603fb1aa1480f5e6bcdb58ae5cfda","contentHash":"0d701e95bb1654af3c28b85389eee302fa11ce0ff133fd9e8428e935782f3b6b"},"C:\\Property Pro Lite\\Server\\Schemas\\property_schema.js":{"path":"C:\\Property Pro Lite\\Server\\Schemas\\property_schema.js","statementMap":{"0":{"start":{"line":3,"column":29},"end":{"line":3,"column":84}},"1":{"start":{"line":5,"column":0},"end":{"line":7,"column":3}},"2":{"start":{"line":8,"column":0},"end":{"line":8,"column":28}},"3":{"start":{"line":10,"column":11},"end":{"line":10,"column":49}},"4":{"start":{"line":12,"column":13},"end":{"line":26,"column":2}},"5":{"start":{"line":28,"column":15},"end":{"line":28,"column":21}},"6":{"start":{"line":29,"column":0},"end":{"line":29,"column":30}}},"fnMap":{},"branchMap":{},"s":{"0":1,"1":1,"2":1,"3":1,"4":1,"5":1,"6":1},"f":{},"b":{},"_coverageSchema":"43e27e138ebf9cfc5966b082cf9a028302ed4184","hash":"04b88ec158fc18ff22c36433d75727ae6f99e291","contentHash":"d13cf8368f76586bb7cf2e64342630fadda5a2924c959c6046e43ae958b696c1"},"C:\\Property Pro Lite\\Server\\helpers\\generateId.js":{"path":"C:\\Property Pro Lite\\Server\\helpers\\generateId.js","statementMap":{"0":{"start":{"line":3,"column":29},"end":{"line":3,"column":84}},"1":{"start":{"line":5,"column":0},"end":{"line":7,"column":3}},"2":{"start":{"line":8,"column":0},"end":{"line":8,"column":28}},"3":{"start":{"line":10,"column":12},"end":{"line":10,"column":61}},"4":{"start":{"line":13,"column":17},"end":{"line":26,"column":1}},"5":{"start":{"line":16,"column":2},"end":{"line":25,"column":5}},"6":{"start":{"line":17,"column":4},"end":{"line":21,"column":5}},"7":{"start":{"line":18,"column":6},"end":{"line":18,"column":13}},"8":{"start":{"line":20,"column":6},"end":{"line":20,"column":34}},"9":{"start":{"line":23,"column":4},"end":{"line":23,"column":16}},"10":{"start":{"line":24,"column":4},"end":{"line":24,"column":11}},"11":{"start":{"line":28,"column":15},"end":{"line":28,"column":25}},"12":{"start":{"line":29,"column":0},"end":{"line":29,"column":30}}},"fnMap":{"0":{"name":"generateId","decl":{"start":{"line":13,"column":26},"end":{"line":13,"column":36}},"loc":{"start":{"line":13,"column":53},"end":{"line":26,"column":1}},"line":13},"1":{"name":"(anonymous_1)","decl":{"start":{"line":16,"column":57},"end":{"line":16,"column":58}},"loc":{"start":{"line":16,"column":80},"end":{"line":25,"column":3}},"line":16}},"branchMap":{"0":{"loc":{"start":{"line":17,"column":4},"end":{"line":21,"column":5}},"type":"if","locations":[{"start":{"line":17,"column":4},"end":{"line":21,"column":5}},{"start":{"line":17,"column":4},"end":{"line":21,"column":5}}],"line":17}},"s":{"0":1,"1":1,"2":1,"3":1,"4":1,"5":2,"6":2,"7":0,"8":2,"9":2,"10":2,"11":1,"12":1},"f":{"0":2,"1":2},"b":{"0":[0,2]},"_coverageSchema":"43e27e138ebf9cfc5966b082cf9a028302ed4184","hash":"8fe513318396bcce1adc9fa136e5d1675ad9493b","contentHash":"f045858f42237afb6eafbd89094707465f325f62a45624d11a69ea634bc19b88"},"C:\\Property Pro Lite\\Server\\config\\cloudinary.js":{"path":"C:\\Property Pro Lite\\Server\\config\\cloudinary.js","statementMap":{"0":{"start":{"line":4,"column":17},"end":{"line":4,"column":38}},"1":{"start":{"line":6,"column":0},"end":{"line":10,"column":3}}},"fnMap":{},"branchMap":{},"s":{"0":1,"1":1},"f":{},"b":{},"_coverageSchema":"43e27e138ebf9cfc5966b082cf9a028302ed4184","hash":"4ebb44fbff50a9434062348fbf60c374f68a24e8","contentHash":"a90c375a04ff696aff1d85fd6fbd4b77c798433576fda3a48d71fff0a4192c9d"},"C:\\Property Pro Lite\\Server\\db\\databases.js":{"path":"C:\\Property Pro Lite\\Server\\db\\databases.js","statementMap":{"0":{"start":{"line":3,"column":29},"end":{"line":3,"column":84}},"1":{"start":{"line":5,"column":12},"end":{"line":5,"column":61}},"2":{"start":{"line":9,"column":21},"end":{"line":15,"column":1}},"3":{"start":{"line":10,"column":18},"end":{"line":10,"column":587}},"4":{"start":{"line":12,"column":2},"end":{"line":14,"column":5}},"5":{"start":{"line":13,"column":4},"end":{"line":13,"column":21}},"6":{"start":{"line":17,"column":18},"end":{"line":23,"column":1}},"7":{"start":{"line":18,"column":18},"end":{"line":18,"column":360}},"8":{"start":{"line":20,"column":2},"end":{"line":22,"column":5}},"9":{"start":{"line":21,"column":4},"end":{"line":21,"column":21}},"10":{"start":{"line":25,"column":18},"end":{"line":31,"column":1}},"11":{"start":{"line":26,"column":18},"end":{"line":26,"column":243}},"12":{"start":{"line":28,"column":2},"end":{"line":30,"column":5}},"13":{"start":{"line":29,"column":4},"end":{"line":29,"column":21}},"14":{"start":{"line":33,"column":0},"end":{"line":38,"column":2}}},"fnMap":{"0":{"name":"createProperty","decl":{"start":{"line":9,"column":30},"end":{"line":9,"column":44}},"loc":{"start":{"line":9,"column":47},"end":{"line":15,"column":1}},"line":9},"1":{"name":"(anonymous_1)","decl":{"start":{"line":12,"column":41},"end":{"line":12,"column":42}},"loc":{"start":{"line":12,"column":56},"end":{"line":12,"column":58}},"line":12},"2":{"name":"(anonymous_2)","decl":{"start":{"line":12,"column":69},"end":{"line":12,"column":70}},"loc":{"start":{"line":12,"column":84},"end":{"line":14,"column":3}},"line":12},"3":{"name":"createUsers","decl":{"start":{"line":17,"column":27},"end":{"line":17,"column":38}},"loc":{"start":{"line":17,"column":41},"end":{"line":23,"column":1}},"line":17},"4":{"name":"(anonymous_4)","decl":{"start":{"line":20,"column":41},"end":{"line":20,"column":42}},"loc":{"start":{"line":20,"column":56},"end":{"line":20,"column":58}},"line":20},"5":{"name":"(anonymous_5)","decl":{"start":{"line":20,"column":69},"end":{"line":20,"column":70}},"loc":{"start":{"line":20,"column":84},"end":{"line":22,"column":3}},"line":20},"6":{"name":"createFlags","decl":{"start":{"line":25,"column":27},"end":{"line":25,"column":38}},"loc":{"start":{"line":25,"column":41},"end":{"line":31,"column":1}},"line":25},"7":{"name":"(anonymous_7)","decl":{"start":{"line":28,"column":41},"end":{"line":28,"column":42}},"loc":{"start":{"line":28,"column":56},"end":{"line":28,"column":58}},"line":28},"8":{"name":"(anonymous_8)","decl":{"start":{"line":28,"column":69},"end":{"line":28,"column":70}},"loc":{"start":{"line":28,"column":84},"end":{"line":30,"column":3}},"line":28}},"branchMap":{},"s":{"0":1,"1":1,"2":1,"3":1,"4":1,"5":0,"6":1,"7":1,"8":1,"9":0,"10":1,"11":1,"12":1,"13":0,"14":1},"f":{"0":1,"1":1,"2":0,"3":1,"4":1,"5":0,"6":1,"7":1,"8":0},"b":{},"_coverageSchema":"43e27e138ebf9cfc5966b082cf9a028302ed4184","hash":"f6a7e3ba7791c0b71404c0a4dd3bab05499c0ab2","contentHash":"fa49555c3d71881e04b4c8b134582bfb1b91f9f4fa6875529420fab67764eb31"},"C:\\Property Pro Lite\\Server\\helpers\\generate_email.js":{"path":"C:\\Property Pro Lite\\Server\\helpers\\generate_email.js","statementMap":{"0":{"start":{"line":3,"column":0},"end":{"line":5,"column":3}},"1":{"start":{"line":6,"column":0},"end":{"line":6,"column":28}},"2":{"start":{"line":8,"column":25},"end":{"line":21,"column":1}},"3":{"start":{"line":9,"column":18},"end":{"line":9,"column":112}},"4":{"start":{"line":10,"column":16},"end":{"line":10,"column":142}},"5":{"start":{"line":11,"column":22},"end":{"line":11,"column":52}},"6":{"start":{"line":12,"column":22},"end":{"line":12,"column":52}},"7":{"start":{"line":13,"column":22},"end":{"line":13,"column":52}},"8":{"start":{"line":14,"column":22},"end":{"line":14,"column":52}},"9":{"start":{"line":15,"column":18},"end":{"line":15,"column":40}},"10":{"start":{"line":16,"column":20},"end":{"line":16,"column":44}},"11":{"start":{"line":17,"column":21},"end":{"line":17,"column":45}},"12":{"start":{"line":18,"column":20},"end":{"line":18,"column":44}},"13":{"start":{"line":19,"column":18},"end":{"line":19,"column":148}},"14":{"start":{"line":20,"column":2},"end":{"line":20,"column":19}},"15":{"start":{"line":23,"column":15},"end":{"line":23,"column":33}},"16":{"start":{"line":24,"column":0},"end":{"line":24,"column":30}}},"fnMap":{"0":{"name":"generateRandomUser","decl":{"start":{"line":8,"column":34},"end":{"line":8,"column":52}},"loc":{"start":{"line":8,"column":55},"end":{"line":21,"column":1}},"line":8}},"branchMap":{},"s":{"0":1,"1":1,"2":1,"3":1,"4":1,"5":1,"6":1,"7":1,"8":1,"9":1,"10":1,"11":1,"12":1,"13":1,"14":1,"15":1,"16":1},"f":{"0":1},"b":{},"_coverageSchema":"43e27e138ebf9cfc5966b082cf9a028302ed4184","hash":"6599005cc813619dd40593d4905359a00739416d","contentHash":"3fe762d8733bee1a535b9509589a7ad7592e47974387c16a936f6c094a2a5271"}}