{"C:\\Property Pro Lite\\Server\\test\\inputvalidation.js":{"path":"C:\\Property Pro Lite\\Server\\test\\inputvalidation.js","statementMap":{"0":{"start":{"line":3,"column":12},"end":{"line":3,"column":27}},"1":{"start":{"line":5,"column":23},"end":{"line":5,"column":94}},"2":{"start":{"line":7,"column":39},"end":{"line":7,"column":95}},"3":{"start":{"line":12,"column":0},"end":{"line":23,"column":3}},"4":{"start":{"line":13,"column":19},"end":{"line":13,"column":88}},"5":{"start":{"line":15,"column":21},"end":{"line":15,"column":89}},"6":{"start":{"line":17,"column":2},"end":{"line":19,"column":5}},"7":{"start":{"line":18,"column":4},"end":{"line":18,"column":48}},"8":{"start":{"line":20,"column":2},"end":{"line":22,"column":5}},"9":{"start":{"line":21,"column":4},"end":{"line":21,"column":51}},"10":{"start":{"line":24,"column":0},"end":{"line":35,"column":3}},"11":{"start":{"line":25,"column":22},"end":{"line":25,"column":82}},"12":{"start":{"line":27,"column":24},"end":{"line":27,"column":75}},"13":{"start":{"line":29,"column":2},"end":{"line":31,"column":5}},"14":{"start":{"line":30,"column":4},"end":{"line":30,"column":51}},"15":{"start":{"line":32,"column":2},"end":{"line":34,"column":5}},"16":{"start":{"line":33,"column":4},"end":{"line":33,"column":54}},"17":{"start":{"line":36,"column":0},"end":{"line":47,"column":3}},"18":{"start":{"line":37,"column":19},"end":{"line":37,"column":75}},"19":{"start":{"line":39,"column":21},"end":{"line":39,"column":74}},"20":{"start":{"line":41,"column":2},"end":{"line":43,"column":5}},"21":{"start":{"line":42,"column":4},"end":{"line":42,"column":48}},"22":{"start":{"line":44,"column":2},"end":{"line":46,"column":5}},"23":{"start":{"line":45,"column":4},"end":{"line":45,"column":51}},"24":{"start":{"line":48,"column":0},"end":{"line":59,"column":3}},"25":{"start":{"line":49,"column":18},"end":{"line":49,"column":72}},"26":{"start":{"line":51,"column":20},"end":{"line":51,"column":70}},"27":{"start":{"line":53,"column":2},"end":{"line":55,"column":5}},"28":{"start":{"line":54,"column":4},"end":{"line":54,"column":47}},"29":{"start":{"line":56,"column":2},"end":{"line":58,"column":5}},"30":{"start":{"line":57,"column":4},"end":{"line":57,"column":50}},"31":{"start":{"line":60,"column":0},"end":{"line":71,"column":3}},"32":{"start":{"line":61,"column":18},"end":{"line":61,"column":72}},"33":{"start":{"line":63,"column":20},"end":{"line":63,"column":70}},"34":{"start":{"line":65,"column":2},"end":{"line":67,"column":5}},"35":{"start":{"line":66,"column":4},"end":{"line":66,"column":47}},"36":{"start":{"line":68,"column":2},"end":{"line":70,"column":5}},"37":{"start":{"line":69,"column":4},"end":{"line":69,"column":50}},"38":{"start":{"line":72,"column":0},"end":{"line":83,"column":3}},"39":{"start":{"line":73,"column":21},"end":{"line":73,"column":88}},"40":{"start":{"line":75,"column":23},"end":{"line":75,"column":74}},"41":{"start":{"line":77,"column":2},"end":{"line":79,"column":5}},"42":{"start":{"line":78,"column":4},"end":{"line":78,"column":50}},"43":{"start":{"line":80,"column":2},"end":{"line":82,"column":5}},"44":{"start":{"line":81,"column":4},"end":{"line":81,"column":53}},"45":{"start":{"line":84,"column":0},"end":{"line":95,"column":3}},"46":{"start":{"line":85,"column":23},"end":{"line":85,"column":71}},"47":{"start":{"line":87,"column":25},"end":{"line":87,"column":72}},"48":{"start":{"line":89,"column":2},"end":{"line":91,"column":5}},"49":{"start":{"line":90,"column":4},"end":{"line":90,"column":52}},"50":{"start":{"line":92,"column":2},"end":{"line":94,"column":5}},"51":{"start":{"line":93,"column":4},"end":{"line":93,"column":55}},"52":{"start":{"line":96,"column":0},"end":{"line":112,"column":3}},"53":{"start":{"line":97,"column":20},"end":{"line":97,"column":65}},"54":{"start":{"line":99,"column":28},"end":{"line":99,"column":77}},"55":{"start":{"line":101,"column":30},"end":{"line":101,"column":82}},"56":{"start":{"line":103,"column":2},"end":{"line":105,"column":5}},"57":{"start":{"line":104,"column":4},"end":{"line":104,"column":57}},"58":{"start":{"line":106,"column":2},"end":{"line":108,"column":5}},"59":{"start":{"line":107,"column":4},"end":{"line":107,"column":60}},"60":{"start":{"line":109,"column":2},"end":{"line":111,"column":5}},"61":{"start":{"line":110,"column":4},"end":{"line":110,"column":60}},"62":{"start":{"line":113,"column":0},"end":{"line":124,"column":3}},"63":{"start":{"line":114,"column":18},"end":{"line":114,"column":65}},"64":{"start":{"line":116,"column":20},"end":{"line":116,"column":71}},"65":{"start":{"line":118,"column":2},"end":{"line":120,"column":5}},"66":{"start":{"line":119,"column":4},"end":{"line":119,"column":47}},"67":{"start":{"line":121,"column":2},"end":{"line":123,"column":5}},"68":{"start":{"line":122,"column":4},"end":{"line":122,"column":50}},"69":{"start":{"line":125,"column":0},"end":{"line":136,"column":3}},"70":{"start":{"line":126,"column":19},"end":{"line":126,"column":69}},"71":{"start":{"line":128,"column":21},"end":{"line":128,"column":68}},"72":{"start":{"line":130,"column":2},"end":{"line":132,"column":5}},"73":{"start":{"line":131,"column":4},"end":{"line":131,"column":48}},"74":{"start":{"line":133,"column":2},"end":{"line":135,"column":5}},"75":{"start":{"line":134,"column":4},"end":{"line":134,"column":51}},"76":{"start":{"line":137,"column":0},"end":{"line":148,"column":3}},"77":{"start":{"line":138,"column":18},"end":{"line":138,"column":68}},"78":{"start":{"line":140,"column":20},"end":{"line":140,"column":66}},"79":{"start":{"line":142,"column":2},"end":{"line":144,"column":5}},"80":{"start":{"line":143,"column":4},"end":{"line":143,"column":47}},"81":{"start":{"line":145,"column":2},"end":{"line":147,"column":5}},"82":{"start":{"line":146,"column":4},"end":{"line":146,"column":50}},"83":{"start":{"line":149,"column":0},"end":{"line":160,"column":3}},"84":{"start":{"line":150,"column":18},"end":{"line":150,"column":76}},"85":{"start":{"line":152,"column":20},"end":{"line":152,"column":71}},"86":{"start":{"line":154,"column":2},"end":{"line":156,"column":5}},"87":{"start":{"line":155,"column":4},"end":{"line":155,"column":47}},"88":{"start":{"line":157,"column":2},"end":{"line":159,"column":5}},"89":{"start":{"line":158,"column":4},"end":{"line":158,"column":50}},"90":{"start":{"line":161,"column":0},"end":{"line":175,"column":3}},"91":{"start":{"line":162,"column":12},"end":{"line":168,"column":3}},"92":{"start":{"line":170,"column":15},"end":{"line":170,"column":64}},"93":{"start":{"line":172,"column":2},"end":{"line":174,"column":5}},"94":{"start":{"line":173,"column":4},"end":{"line":173,"column":44}}},"fnMap":{"0":{"name":"_interopRequireDefault","decl":{"start":{"line":7,"column":9},"end":{"line":7,"column":31}},"loc":{"start":{"line":7,"column":37},"end":{"line":7,"column":97}},"line":7},"1":{"name":"(anonymous_1)","decl":{"start":{"line":12,"column":29},"end":{"line":12,"column":30}},"loc":{"start":{"line":12,"column":41},"end":{"line":23,"column":1}},"line":12},"2":{"name":"(anonymous_2)","decl":{"start":{"line":17,"column":27},"end":{"line":17,"column":28}},"loc":{"start":{"line":17,"column":39},"end":{"line":19,"column":3}},"line":17},"3":{"name":"(anonymous_3)","decl":{"start":{"line":20,"column":28},"end":{"line":20,"column":29}},"loc":{"start":{"line":20,"column":40},"end":{"line":22,"column":3}},"line":20},"4":{"name":"(anonymous_4)","decl":{"start":{"line":24,"column":32},"end":{"line":24,"column":33}},"loc":{"start":{"line":24,"column":44},"end":{"line":35,"column":1}},"line":24},"5":{"name":"(anonymous_5)","decl":{"start":{"line":29,"column":42},"end":{"line":29,"column":43}},"loc":{"start":{"line":29,"column":54},"end":{"line":31,"column":3}},"line":29},"6":{"name":"(anonymous_6)","decl":{"start":{"line":32,"column":45},"end":{"line":32,"column":46}},"loc":{"start":{"line":32,"column":57},"end":{"line":34,"column":3}},"line":32},"7":{"name":"(anonymous_7)","decl":{"start":{"line":36,"column":36},"end":{"line":36,"column":37}},"loc":{"start":{"line":36,"column":48},"end":{"line":47,"column":1}},"line":36},"8":{"name":"(anonymous_8)","decl":{"start":{"line":41,"column":46},"end":{"line":41,"column":47}},"loc":{"start":{"line":41,"column":58},"end":{"line":43,"column":3}},"line":41},"9":{"name":"(anonymous_9)","decl":{"start":{"line":44,"column":49},"end":{"line":44,"column":50}},"loc":{"start":{"line":44,"column":61},"end":{"line":46,"column":3}},"line":44},"10":{"name":"(anonymous_10)","decl":{"start":{"line":48,"column":23},"end":{"line":48,"column":24}},"loc":{"start":{"line":48,"column":35},"end":{"line":59,"column":1}},"line":48},"11":{"name":"(anonymous_11)","decl":{"start":{"line":53,"column":44},"end":{"line":53,"column":45}},"loc":{"start":{"line":53,"column":56},"end":{"line":55,"column":3}},"line":53},"12":{"name":"(anonymous_12)","decl":{"start":{"line":56,"column":47},"end":{"line":56,"column":48}},"loc":{"start":{"line":56,"column":59},"end":{"line":58,"column":3}},"line":56},"13":{"name":"(anonymous_13)","decl":{"start":{"line":60,"column":22},"end":{"line":60,"column":23}},"loc":{"start":{"line":60,"column":34},"end":{"line":71,"column":1}},"line":60},"14":{"name":"(anonymous_14)","decl":{"start":{"line":65,"column":43},"end":{"line":65,"column":44}},"loc":{"start":{"line":65,"column":55},"end":{"line":67,"column":3}},"line":65},"15":{"name":"(anonymous_15)","decl":{"start":{"line":68,"column":46},"end":{"line":68,"column":47}},"loc":{"start":{"line":68,"column":58},"end":{"line":70,"column":3}},"line":68},"16":{"name":"(anonymous_16)","decl":{"start":{"line":72,"column":20},"end":{"line":72,"column":21}},"loc":{"start":{"line":72,"column":32},"end":{"line":83,"column":1}},"line":72},"17":{"name":"(anonymous_17)","decl":{"start":{"line":77,"column":41},"end":{"line":77,"column":42}},"loc":{"start":{"line":77,"column":53},"end":{"line":79,"column":3}},"line":77},"18":{"name":"(anonymous_18)","decl":{"start":{"line":80,"column":44},"end":{"line":80,"column":45}},"loc":{"start":{"line":80,"column":56},"end":{"line":82,"column":3}},"line":80},"19":{"name":"(anonymous_19)","decl":{"start":{"line":84,"column":23},"end":{"line":84,"column":24}},"loc":{"start":{"line":84,"column":35},"end":{"line":95,"column":1}},"line":84},"20":{"name":"(anonymous_20)","decl":{"start":{"line":89,"column":44},"end":{"line":89,"column":45}},"loc":{"start":{"line":89,"column":56},"end":{"line":91,"column":3}},"line":89},"21":{"name":"(anonymous_21)","decl":{"start":{"line":92,"column":47},"end":{"line":92,"column":48}},"loc":{"start":{"line":92,"column":59},"end":{"line":94,"column":3}},"line":92},"22":{"name":"(anonymous_22)","decl":{"start":{"line":96,"column":28},"end":{"line":96,"column":29}},"loc":{"start":{"line":96,"column":40},"end":{"line":112,"column":1}},"line":96},"23":{"name":"(anonymous_23)","decl":{"start":{"line":103,"column":65},"end":{"line":103,"column":66}},"loc":{"start":{"line":103,"column":77},"end":{"line":105,"column":3}},"line":103},"24":{"name":"(anonymous_24)","decl":{"start":{"line":106,"column":51},"end":{"line":106,"column":52}},"loc":{"start":{"line":106,"column":63},"end":{"line":108,"column":3}},"line":106},"25":{"name":"(anonymous_25)","decl":{"start":{"line":109,"column":52},"end":{"line":109,"column":53}},"loc":{"start":{"line":109,"column":64},"end":{"line":111,"column":3}},"line":109},"26":{"name":"(anonymous_26)","decl":{"start":{"line":113,"column":29},"end":{"line":113,"column":30}},"loc":{"start":{"line":113,"column":41},"end":{"line":124,"column":1}},"line":113},"27":{"name":"(anonymous_27)","decl":{"start":{"line":118,"column":39},"end":{"line":118,"column":40}},"loc":{"start":{"line":118,"column":51},"end":{"line":120,"column":3}},"line":118},"28":{"name":"(anonymous_28)","decl":{"start":{"line":121,"column":42},"end":{"line":121,"column":43}},"loc":{"start":{"line":121,"column":54},"end":{"line":123,"column":3}},"line":121},"29":{"name":"(anonymous_29)","decl":{"start":{"line":125,"column":29},"end":{"line":125,"column":30}},"loc":{"start":{"line":125,"column":41},"end":{"line":136,"column":1}},"line":125},"30":{"name":"(anonymous_30)","decl":{"start":{"line":130,"column":39},"end":{"line":130,"column":40}},"loc":{"start":{"line":130,"column":51},"end":{"line":132,"column":3}},"line":130},"31":{"name":"(anonymous_31)","decl":{"start":{"line":133,"column":42},"end":{"line":133,"column":43}},"loc":{"start":{"line":133,"column":54},"end":{"line":135,"column":3}},"line":133},"32":{"name":"(anonymous_32)","decl":{"start":{"line":137,"column":28},"end":{"line":137,"column":29}},"loc":{"start":{"line":137,"column":40},"end":{"line":148,"column":1}},"line":137},"33":{"name":"(anonymous_33)","decl":{"start":{"line":142,"column":38},"end":{"line":142,"column":39}},"loc":{"start":{"line":142,"column":50},"end":{"line":144,"column":3}},"line":142},"34":{"name":"(anonymous_34)","decl":{"start":{"line":145,"column":41},"end":{"line":145,"column":42}},"loc":{"start":{"line":145,"column":53},"end":{"line":147,"column":3}},"line":145},"35":{"name":"(anonymous_35)","decl":{"start":{"line":149,"column":28},"end":{"line":149,"column":29}},"loc":{"start":{"line":149,"column":40},"end":{"line":160,"column":1}},"line":149},"36":{"name":"(anonymous_36)","decl":{"start":{"line":154,"column":38},"end":{"line":154,"column":39}},"loc":{"start":{"line":154,"column":50},"end":{"line":156,"column":3}},"line":154},"37":{"name":"(anonymous_37)","decl":{"start":{"line":157,"column":41},"end":{"line":157,"column":42}},"loc":{"start":{"line":157,"column":53},"end":{"line":159,"column":3}},"line":157},"38":{"name":"(anonymous_38)","decl":{"start":{"line":161,"column":29},"end":{"line":161,"column":30}},"loc":{"start":{"line":161,"column":41},"end":{"line":175,"column":1}},"line":161},"39":{"name":"(anonymous_39)","decl":{"start":{"line":172,"column":39},"end":{"line":172,"column":40}},"loc":{"start":{"line":172,"column":51},"end":{"line":174,"column":3}},"line":172}},"branchMap":{"0":{"loc":{"start":{"line":7,"column":46},"end":{"line":7,"column":94}},"type":"cond-expr","locations":[{"start":{"line":7,"column":70},"end":{"line":7,"column":73}},{"start":{"line":7,"column":76},"end":{"line":7,"column":94}}],"line":7},"1":{"loc":{"start":{"line":7,"column":46},"end":{"line":7,"column":67}},"type":"binary-expr","locations":[{"start":{"line":7,"column":46},"end":{"line":7,"column":49}},{"start":{"line":7,"column":53},"end":{"line":7,"column":67}}],"line":7}},"s":{"0":1,"1":1,"2":1,"3":1,"4":1,"5":1,"6":1,"7":1,"8":1,"9":1,"10":1,"11":1,"12":1,"13":1,"14":1,"15":1,"16":1,"17":1,"18":1,"19":1,"20":1,"21":1,"22":1,"23":1,"24":1,"25":1,"26":1,"27":1,"28":1,"29":1,"30":1,"31":1,"32":1,"33":1,"34":1,"35":1,"36":1,"37":1,"38":1,"39":1,"40":1,"41":1,"42":1,"43":1,"44":1,"45":1,"46":1,"47":1,"48":1,"49":1,"50":1,"51":1,"52":1,"53":1,"54":1,"55":1,"56":1,"57":1,"58":1,"59":1,"60":1,"61":1,"62":1,"63":1,"64":1,"65":1,"66":1,"67":1,"68":1,"69":1,"70":1,"71":1,"72":1,"73":1,"74":1,"75":1,"76":1,"77":1,"78":1,"79":1,"80":1,"81":1,"82":1,"83":1,"84":1,"85":1,"86":1,"87":1,"88":1,"89":1,"90":1,"91":1,"92":1,"93":1,"94":1},"f":{"0":1,"1":1,"2":1,"3":1,"4":1,"5":1,"6":1,"7":1,"8":1,"9":1,"10":1,"11":1,"12":1,"13":1,"14":1,"15":1,"16":1,"17":1,"18":1,"19":1,"20":1,"21":1,"22":1,"23":1,"24":1,"25":1,"26":1,"27":1,"28":1,"29":1,"30":1,"31":1,"32":1,"33":1,"34":1,"35":1,"36":1,"37":1,"38":1,"39":1},"b":{"0":[1,0],"1":[1,1]},"_coverageSchema":"43e27e138ebf9cfc5966b082cf9a028302ed4184","hash":"9a344820e572dd8090fe41b400bb3bd01cdb9572","contentHash":"29b156c800150a23551e7f74411a7bec72822c1f1566ae3c690650a87182c04d"},"C:\\Property Pro Lite\\Server\\helpers\\inputValidation.js":{"path":"C:\\Property Pro Lite\\Server\\helpers\\inputValidation.js","statementMap":{"0":{"start":{"line":3,"column":0},"end":{"line":5,"column":3}},"1":{"start":{"line":6,"column":0},"end":{"line":6,"column":28}},"2":{"start":{"line":8,"column":13},"end":{"line":8,"column":59}},"3":{"start":{"line":10,"column":39},"end":{"line":10,"column":95}},"4":{"start":{"line":15,"column":20},"end":{"line":24,"column":1}},"5":{"start":{"line":16,"column":2},"end":{"line":20,"column":3}},"6":{"start":{"line":16,"column":19},"end":{"line":16,"column":20}},"7":{"start":{"line":17,"column":4},"end":{"line":19,"column":5}},"8":{"start":{"line":18,"column":6},"end":{"line":18,"column":19}},"9":{"start":{"line":22,"column":19},"end":{"line":22,"column":170}},"10":{"start":{"line":23,"column":2},"end":{"line":23,"column":32}},"11":{"start":{"line":26,"column":23},"end":{"line":29,"column":1}},"12":{"start":{"line":27,"column":20},"end":{"line":27,"column":120}},"13":{"start":{"line":28,"column":2},"end":{"line":28,"column":36}},"14":{"start":{"line":31,"column":20},"end":{"line":34,"column":1}},"15":{"start":{"line":32,"column":21},"end":{"line":32,"column":289}},"16":{"start":{"line":33,"column":2},"end":{"line":33,"column":34}},"17":{"start":{"line":36,"column":24},"end":{"line":42,"column":1}},"18":{"start":{"line":37,"column":2},"end":{"line":39,"column":3}},"19":{"start":{"line":38,"column":4},"end":{"line":38,"column":17}},"20":{"start":{"line":41,"column":2},"end":{"line":41,"column":14}},"21":{"start":{"line":44,"column":23},"end":{"line":50,"column":1}},"22":{"start":{"line":45,"column":2},"end":{"line":47,"column":3}},"23":{"start":{"line":46,"column":4},"end":{"line":46,"column":17}},"24":{"start":{"line":49,"column":2},"end":{"line":49,"column":14}},"25":{"start":{"line":52,"column":22},"end":{"line":58,"column":1}},"26":{"start":{"line":53,"column":2},"end":{"line":55,"column":3}},"27":{"start":{"line":54,"column":4},"end":{"line":54,"column":17}},"28":{"start":{"line":57,"column":2},"end":{"line":57,"column":14}},"29":{"start":{"line":60,"column":20},"end":{"line":66,"column":1}},"30":{"start":{"line":61,"column":2},"end":{"line":63,"column":3}},"31":{"start":{"line":62,"column":4},"end":{"line":62,"column":17}},"32":{"start":{"line":65,"column":2},"end":{"line":65,"column":14}},"33":{"start":{"line":68,"column":20},"end":{"line":78,"column":1}},"34":{"start":{"line":69,"column":2},"end":{"line":71,"column":3}},"35":{"start":{"line":70,"column":4},"end":{"line":70,"column":23}},"36":{"start":{"line":73,"column":2},"end":{"line":75,"column":3}},"37":{"start":{"line":74,"column":4},"end":{"line":74,"column":18}},"38":{"start":{"line":77,"column":2},"end":{"line":77,"column":15}},"39":{"start":{"line":80,"column":20},"end":{"line":86,"column":1}},"40":{"start":{"line":81,"column":2},"end":{"line":83,"column":3}},"41":{"start":{"line":82,"column":4},"end":{"line":82,"column":17}},"42":{"start":{"line":85,"column":2},"end":{"line":85,"column":14}},"43":{"start":{"line":88,"column":20},"end":{"line":94,"column":1}},"44":{"start":{"line":89,"column":2},"end":{"line":91,"column":3}},"45":{"start":{"line":90,"column":4},"end":{"line":90,"column":17}},"46":{"start":{"line":93,"column":2},"end":{"line":93,"column":14}},"47":{"start":{"line":96,"column":19},"end":{"line":102,"column":1}},"48":{"start":{"line":97,"column":2},"end":{"line":99,"column":3}},"49":{"start":{"line":98,"column":4},"end":{"line":98,"column":17}},"50":{"start":{"line":101,"column":2},"end":{"line":101,"column":14}},"51":{"start":{"line":104,"column":19},"end":{"line":110,"column":1}},"52":{"start":{"line":105,"column":2},"end":{"line":107,"column":3}},"53":{"start":{"line":106,"column":4},"end":{"line":106,"column":17}},"54":{"start":{"line":109,"column":2},"end":{"line":109,"column":14}},"55":{"start":{"line":112,"column":23},"end":{"line":118,"column":1}},"56":{"start":{"line":113,"column":2},"end":{"line":115,"column":3}},"57":{"start":{"line":114,"column":4},"end":{"line":114,"column":17}},"58":{"start":{"line":117,"column":2},"end":{"line":117,"column":14}},"59":{"start":{"line":120,"column":15},"end":{"line":134,"column":1}},"60":{"start":{"line":135,"column":0},"end":{"line":135,"column":30}}},"fnMap":{"0":{"name":"_interopRequireDefault","decl":{"start":{"line":10,"column":9},"end":{"line":10,"column":31}},"loc":{"start":{"line":10,"column":37},"end":{"line":10,"column":97}},"line":10},"1":{"name":"validateEmail","decl":{"start":{"line":15,"column":29},"end":{"line":15,"column":42}},"loc":{"start":{"line":15,"column":50},"end":{"line":24,"column":1}},"line":15},"2":{"name":"validatePassword","decl":{"start":{"line":26,"column":32},"end":{"line":26,"column":48}},"loc":{"start":{"line":26,"column":59},"end":{"line":29,"column":1}},"line":26},"3":{"name":"validatePhone","decl":{"start":{"line":31,"column":29},"end":{"line":31,"column":42}},"loc":{"start":{"line":31,"column":50},"end":{"line":34,"column":1}},"line":31},"4":{"name":"validateFirstName","decl":{"start":{"line":36,"column":33},"end":{"line":36,"column":50}},"loc":{"start":{"line":36,"column":57},"end":{"line":42,"column":1}},"line":36},"5":{"name":"validateLastName","decl":{"start":{"line":44,"column":32},"end":{"line":44,"column":48}},"loc":{"start":{"line":44,"column":55},"end":{"line":50,"column":1}},"line":44},"6":{"name":"validateAddress","decl":{"start":{"line":52,"column":31},"end":{"line":52,"column":46}},"loc":{"start":{"line":52,"column":56},"end":{"line":58,"column":1}},"line":52},"7":{"name":"validateAdmin","decl":{"start":{"line":60,"column":29},"end":{"line":60,"column":42}},"loc":{"start":{"line":60,"column":49},"end":{"line":66,"column":1}},"line":60},"8":{"name":"validateSatus","decl":{"start":{"line":68,"column":29},"end":{"line":68,"column":42}},"loc":{"start":{"line":68,"column":51},"end":{"line":78,"column":1}},"line":68},"9":{"name":"validatePrice","decl":{"start":{"line":80,"column":29},"end":{"line":80,"column":42}},"loc":{"start":{"line":80,"column":50},"end":{"line":86,"column":1}},"line":80},"10":{"name":"validateState","decl":{"start":{"line":88,"column":29},"end":{"line":88,"column":42}},"loc":{"start":{"line":88,"column":50},"end":{"line":94,"column":1}},"line":88},"11":{"name":"validateCity","decl":{"start":{"line":96,"column":28},"end":{"line":96,"column":40}},"loc":{"start":{"line":96,"column":47},"end":{"line":102,"column":1}},"line":96},"12":{"name":"validateType","decl":{"start":{"line":104,"column":28},"end":{"line":104,"column":40}},"loc":{"start":{"line":104,"column":47},"end":{"line":110,"column":1}},"line":104},"13":{"name":"validateImageUrl","decl":{"start":{"line":112,"column":32},"end":{"line":112,"column":48}},"loc":{"start":{"line":112,"column":54},"end":{"line":118,"column":1}},"line":112}},"branchMap":{"0":{"loc":{"start":{"line":10,"column":46},"end":{"line":10,"column":94}},"type":"cond-expr","locations":[{"start":{"line":10,"column":70},"end":{"line":10,"column":73}},{"start":{"line":10,"column":76},"end":{"line":10,"column":94}}],"line":10},"1":{"loc":{"start":{"line":10,"column":46},"end":{"line":10,"column":67}},"type":"binary-expr","locations":[{"start":{"line":10,"column":46},"end":{"line":10,"column":49}},{"start":{"line":10,"column":53},"end":{"line":10,"column":67}}],"line":10},"2":{"loc":{"start":{"line":17,"column":4},"end":{"line":19,"column":5}},"type":"if","locations":[{"start":{"line":17,"column":4},"end":{"line":19,"column":5}},{"start":{"line":17,"column":4},"end":{"line":19,"column":5}}],"line":17},"3":{"loc":{"start":{"line":37,"column":2},"end":{"line":39,"column":3}},"type":"if","locations":[{"start":{"line":37,"column":2},"end":{"line":39,"column":3}},{"start":{"line":37,"column":2},"end":{"line":39,"column":3}}],"line":37},"4":{"loc":{"start":{"line":37,"column":6},"end":{"line":37,"column":49}},"type":"binary-expr","locations":[{"start":{"line":37,"column":6},"end":{"line":37,"column":30}},{"start":{"line":37,"column":34},"end":{"line":37,"column":49}}],"line":37},"5":{"loc":{"start":{"line":45,"column":2},"end":{"line":47,"column":3}},"type":"if","locations":[{"start":{"line":45,"column":2},"end":{"line":47,"column":3}},{"start":{"line":45,"column":2},"end":{"line":47,"column":3}}],"line":45},"6":{"loc":{"start":{"line":45,"column":6},"end":{"line":45,"column":49}},"type":"binary-expr","locations":[{"start":{"line":45,"column":6},"end":{"line":45,"column":30}},{"start":{"line":45,"column":34},"end":{"line":45,"column":49}}],"line":45},"7":{"loc":{"start":{"line":53,"column":2},"end":{"line":55,"column":3}},"type":"if","locations":[{"start":{"line":53,"column":2},"end":{"line":55,"column":3}},{"start":{"line":53,"column":2},"end":{"line":55,"column":3}}],"line":53},"8":{"loc":{"start":{"line":53,"column":6},"end":{"line":53,"column":56}},"type":"binary-expr","locations":[{"start":{"line":53,"column":6},"end":{"line":53,"column":33}},{"start":{"line":53,"column":37},"end":{"line":53,"column":56}}],"line":53},"9":{"loc":{"start":{"line":61,"column":2},"end":{"line":63,"column":3}},"type":"if","locations":[{"start":{"line":61,"column":2},"end":{"line":63,"column":3}},{"start":{"line":61,"column":2},"end":{"line":63,"column":3}}],"line":61},"10":{"loc":{"start":{"line":61,"column":6},"end":{"line":61,"column":68}},"type":"binary-expr","locations":[{"start":{"line":61,"column":6},"end":{"line":61,"column":31}},{"start":{"line":61,"column":35},"end":{"line":61,"column":51}},{"start":{"line":61,"column":55},"end":{"line":61,"column":68}}],"line":61},"11":{"loc":{"start":{"line":69,"column":2},"end":{"line":71,"column":3}},"type":"if","locations":[{"start":{"line":69,"column":2},"end":{"line":71,"column":3}},{"start":{"line":69,"column":2},"end":{"line":71,"column":3}}],"line":69},"12":{"loc":{"start":{"line":69,"column":6},"end":{"line":69,"column":49}},"type":"binary-expr","locations":[{"start":{"line":69,"column":6},"end":{"line":69,"column":32}},{"start":{"line":69,"column":36},"end":{"line":69,"column":49}}],"line":69},"13":{"loc":{"start":{"line":73,"column":2},"end":{"line":75,"column":3}},"type":"if","locations":[{"start":{"line":73,"column":2},"end":{"line":75,"column":3}},{"start":{"line":73,"column":2},"end":{"line":75,"column":3}}],"line":73},"14":{"loc":{"start":{"line":73,"column":6},"end":{"line":73,"column":49}},"type":"binary-expr","locations":[{"start":{"line":73,"column":6},"end":{"line":73,"column":28}},{"start":{"line":73,"column":32},"end":{"line":73,"column":49}}],"line":73},"15":{"loc":{"start":{"line":81,"column":2},"end":{"line":83,"column":3}},"type":"if","locations":[{"start":{"line":81,"column":2},"end":{"line":83,"column":3}},{"start":{"line":81,"column":2},"end":{"line":83,"column":3}}],"line":81},"16":{"loc":{"start":{"line":89,"column":2},"end":{"line":91,"column":3}},"type":"if","locations":[{"start":{"line":89,"column":2},"end":{"line":91,"column":3}},{"start":{"line":89,"column":2},"end":{"line":91,"column":3}}],"line":89},"17":{"loc":{"start":{"line":89,"column":6},"end":{"line":89,"column":51}},"type":"binary-expr","locations":[{"start":{"line":89,"column":6},"end":{"line":89,"column":31}},{"start":{"line":89,"column":35},"end":{"line":89,"column":51}}],"line":89},"18":{"loc":{"start":{"line":97,"column":2},"end":{"line":99,"column":3}},"type":"if","locations":[{"start":{"line":97,"column":2},"end":{"line":99,"column":3}},{"start":{"line":97,"column":2},"end":{"line":99,"column":3}}],"line":97},"19":{"loc":{"start":{"line":105,"column":2},"end":{"line":107,"column":3}},"type":"if","locations":[{"start":{"line":105,"column":2},"end":{"line":107,"column":3}},{"start":{"line":105,"column":2},"end":{"line":107,"column":3}}],"line":105},"20":{"loc":{"start":{"line":105,"column":6},"end":{"line":105,"column":50}},"type":"binary-expr","locations":[{"start":{"line":105,"column":6},"end":{"line":105,"column":30}},{"start":{"line":105,"column":34},"end":{"line":105,"column":50}}],"line":105},"21":{"loc":{"start":{"line":113,"column":2},"end":{"line":115,"column":3}},"type":"if","locations":[{"start":{"line":113,"column":2},"end":{"line":115,"column":3}},{"start":{"line":113,"column":2},"end":{"line":115,"column":3}}],"line":113}},"s":{"0":1,"1":1,"2":1,"3":1,"4":1,"5":2,"6":2,"7":2,"8":0,"9":2,"10":2,"11":1,"12":3,"13":3,"14":1,"15":1,"16":1,"17":1,"18":4,"19":2,"20":2,"21":1,"22":0,"23":0,"24":0,"25":1,"26":2,"27":1,"28":1,"29":1,"30":2,"31":1,"32":1,"33":1,"34":3,"35":1,"36":2,"37":1,"38":1,"39":1,"40":2,"41":1,"42":1,"43":1,"44":2,"45":1,"46":1,"47":1,"48":2,"49":1,"50":1,"51":1,"52":2,"53":1,"54":1,"55":1,"56":1,"57":0,"58":1,"59":1,"60":1},"f":{"0":1,"1":2,"2":3,"3":1,"4":4,"5":0,"6":2,"7":2,"8":3,"9":2,"10":2,"11":2,"12":2,"13":1},"b":{"0":[0,1],"1":[1,1],"2":[0,2],"3":[2,2],"4":[4,4],"5":[0,0],"6":[0,0],"7":[1,1],"8":[2,2],"9":[1,1],"10":[2,1,1],"11":[1,2],"12":[3,3],"13":[1,1],"14":[2,2],"15":[1,1],"16":[1,1],"17":[2,1],"18":[1,1],"19":[1,1],"20":[2,2],"21":[0,1]},"_coverageSchema":"43e27e138ebf9cfc5966b082cf9a028302ed4184","hash":"de7a9c611a08e98e6e2507e065d6b4be2807e238","contentHash":"4b585576fad1105abf83eb62a5998fc9a460d85389f7e9a19d444e57929a7a0d"},"C:\\Property Pro Lite\\Server\\db\\users.js":{"path":"C:\\Property Pro Lite\\Server\\db\\users.js","statementMap":{"0":{"start":{"line":6,"column":12},"end":{"line":15,"column":2}},"1":{"start":{"line":16,"column":0},"end":{"line":16,"column":23}}},"fnMap":{},"branchMap":{},"s":{"0":1,"1":1},"f":{},"b":{},"_coverageSchema":"43e27e138ebf9cfc5966b082cf9a028302ed4184","hash":"b3f6f768c0e994f1efa86ff08e9253b23d40aaa6","contentHash":"b52fd87322d93ecaf1c813cd6a27c14b9b02982a4f1afaf92c89dd02b22b7842"},"C:\\Property Pro Lite\\Server\\test\\patchObject.js":{"path":"C:\\Property Pro Lite\\Server\\test\\patchObject.js","statementMap":{"0":{"start":{"line":3,"column":12},"end":{"line":3,"column":27}},"1":{"start":{"line":5,"column":19},"end":{"line":5,"column":76}},"2":{"start":{"line":7,"column":39},"end":{"line":7,"column":95}},"3":{"start":{"line":10,"column":0},"end":{"line":40,"column":3}},"4":{"start":{"line":11,"column":16},"end":{"line":19,"column":3}},"5":{"start":{"line":20,"column":16},"end":{"line":24,"column":3}},"6":{"start":{"line":25,"column":2},"end":{"line":39,"column":5}},"7":{"start":{"line":26,"column":4},"end":{"line":26,"column":51}},"8":{"start":{"line":27,"column":4},"end":{"line":27,"column":50}},"9":{"start":{"line":28,"column":4},"end":{"line":28,"column":50}},"10":{"start":{"line":29,"column":4},"end":{"line":29,"column":58}},"11":{"start":{"line":30,"column":4},"end":{"line":30,"column":56}},"12":{"start":{"line":31,"column":4},"end":{"line":31,"column":63}},"13":{"start":{"line":32,"column":4},"end":{"line":32,"column":57}},"14":{"start":{"line":33,"column":4},"end":{"line":33,"column":55}},"15":{"start":{"line":34,"column":4},"end":{"line":34,"column":61}},"16":{"start":{"line":35,"column":4},"end":{"line":35,"column":57}},"17":{"start":{"line":36,"column":4},"end":{"line":36,"column":55}},"18":{"start":{"line":37,"column":4},"end":{"line":37,"column":61}},"19":{"start":{"line":38,"column":4},"end":{"line":38,"column":11}}},"fnMap":{"0":{"name":"_interopRequireDefault","decl":{"start":{"line":7,"column":9},"end":{"line":7,"column":31}},"loc":{"start":{"line":7,"column":37},"end":{"line":7,"column":97}},"line":7},"1":{"name":"(anonymous_1)","decl":{"start":{"line":10,"column":80},"end":{"line":10,"column":81}},"loc":{"start":{"line":10,"column":92},"end":{"line":40,"column":1}},"line":10},"2":{"name":"(anonymous_2)","decl":{"start":{"line":25,"column":43},"end":{"line":25,"column":44}},"loc":{"start":{"line":25,"column":59},"end":{"line":39,"column":3}},"line":25}},"branchMap":{"0":{"loc":{"start":{"line":7,"column":46},"end":{"line":7,"column":94}},"type":"cond-expr","locations":[{"start":{"line":7,"column":70},"end":{"line":7,"column":73}},{"start":{"line":7,"column":76},"end":{"line":7,"column":94}}],"line":7},"1":{"loc":{"start":{"line":7,"column":46},"end":{"line":7,"column":67}},"type":"binary-expr","locations":[{"start":{"line":7,"column":46},"end":{"line":7,"column":49}},{"start":{"line":7,"column":53},"end":{"line":7,"column":67}}],"line":7}},"s":{"0":1,"1":1,"2":1,"3":1,"4":1,"5":1,"6":1,"7":1,"8":1,"9":1,"10":1,"11":1,"12":1,"13":1,"14":1,"15":1,"16":1,"17":1,"18":1,"19":1},"f":{"0":1,"1":1,"2":1},"b":{"0":[1,0],"1":[1,1]},"_coverageSchema":"43e27e138ebf9cfc5966b082cf9a028302ed4184","hash":"b95b386067094172b19a1e8e940974d0903cbd79","contentHash":"ca16f006d23b6d425b24c7b82bd8338e2fc8e32c58fd09c51d5a2fc386506a3d"},"C:\\Property Pro Lite\\Server\\helpers\\patchobject.js":{"path":"C:\\Property Pro Lite\\Server\\helpers\\patchobject.js","statementMap":{"0":{"start":{"line":3,"column":0},"end":{"line":5,"column":3}},"1":{"start":{"line":6,"column":0},"end":{"line":6,"column":28}},"2":{"start":{"line":11,"column":18},"end":{"line":22,"column":1}},"3":{"start":{"line":12,"column":15},"end":{"line":12,"column":22}},"4":{"start":{"line":13,"column":15},"end":{"line":13,"column":22}},"5":{"start":{"line":14,"column":19},"end":{"line":14,"column":38}},"6":{"start":{"line":15,"column":19},"end":{"line":15,"column":38}},"7":{"start":{"line":17,"column":2},"end":{"line":21,"column":3}},"8":{"start":{"line":17,"column":19},"end":{"line":17,"column":20}},"9":{"start":{"line":18,"column":4},"end":{"line":20,"column":5}},"10":{"start":{"line":19,"column":6},"end":{"line":19,"column":60}},"11":{"start":{"line":24,"column":15},"end":{"line":24,"column":26}},"12":{"start":{"line":25,"column":0},"end":{"line":25,"column":30}}},"fnMap":{"0":{"name":"patchObject","decl":{"start":{"line":11,"column":27},"end":{"line":11,"column":38}},"loc":{"start":{"line":11,"column":57},"end":{"line":22,"column":1}},"line":11}},"branchMap":{"0":{"loc":{"start":{"line":18,"column":4},"end":{"line":20,"column":5}},"type":"if","locations":[{"start":{"line":18,"column":4},"end":{"line":20,"column":5}},{"start":{"line":18,"column":4},"end":{"line":20,"column":5}}],"line":18}},"s":{"0":1,"1":1,"2":1,"3":1,"4":1,"5":1,"6":1,"7":1,"8":1,"9":3,"10":3,"11":1,"12":1},"f":{"0":1},"b":{"0":[3,0]},"_coverageSchema":"43e27e138ebf9cfc5966b082cf9a028302ed4184","hash":"b23e8376db69ff675b10a984110bd9022e547bc0","contentHash":"c89b4d53fa550e1ed29f3bd13b5622e67f2ba75d4636b209c0a3580a5374cd0b"},"C:\\Property Pro Lite\\Server\\test\\userstest.js":{"path":"C:\\Property Pro Lite\\Server\\test\\userstest.js","statementMap":{"0":{"start":{"line":3,"column":13},"end":{"line":3,"column":56}},"1":{"start":{"line":5,"column":12},"end":{"line":5,"column":52}},"2":{"start":{"line":7,"column":16},"end":{"line":7,"column":60}},"3":{"start":{"line":9,"column":22},"end":{"line":9,"column":82}},"4":{"start":{"line":11,"column":12},"end":{"line":11,"column":61}},"5":{"start":{"line":13,"column":40},"end":{"line":13,"column":473}},"6":{"start":{"line":13,"column":69},"end":{"line":13,"column":80}},"7":{"start":{"line":13,"column":103},"end":{"line":13,"column":105}},"8":{"start":{"line":13,"column":107},"end":{"line":13,"column":431}},"9":{"start":{"line":13,"column":126},"end":{"line":13,"column":429}},"10":{"start":{"line":13,"column":149},"end":{"line":13,"column":427}},"11":{"start":{"line":13,"column":214},"end":{"line":13,"column":319}},"12":{"start":{"line":13,"column":321},"end":{"line":13,"column":425}},"13":{"start":{"line":13,"column":349},"end":{"line":13,"column":390}},"14":{"start":{"line":13,"column":400},"end":{"line":13,"column":423}},"15":{"start":{"line":13,"column":432},"end":{"line":13,"column":456}},"16":{"start":{"line":13,"column":457},"end":{"line":13,"column":471}},"17":{"start":{"line":15,"column":39},"end":{"line":15,"column":95}},"18":{"start":{"line":20,"column":0},"end":{"line":20,"column":43}},"19":{"start":{"line":23,"column":11},"end":{"line":23,"column":27}},"20":{"start":{"line":25,"column":12},"end":{"line":25,"column":45}},"21":{"start":{"line":26,"column":15},"end":{"line":35,"column":1}},"22":{"start":{"line":36,"column":11},"end":{"line":43,"column":1}},"23":{"start":{"line":44,"column":0},"end":{"line":326,"column":3}},"24":{"start":{"line":45,"column":2},"end":{"line":69,"column":5}},"25":{"start":{"line":46,"column":4},"end":{"line":68,"column":5}},"26":{"start":{"line":47,"column":6},"end":{"line":65,"column":9}},"27":{"start":{"line":48,"column":8},"end":{"line":48,"column":40}},"28":{"start":{"line":49,"column":8},"end":{"line":49,"column":52}},"29":{"start":{"line":50,"column":8},"end":{"line":50,"column":63}},"30":{"start":{"line":51,"column":8},"end":{"line":51,"column":61}},"31":{"start":{"line":52,"column":8},"end":{"line":52,"column":61}},"32":{"start":{"line":53,"column":8},"end":{"line":53,"column":60}},"33":{"start":{"line":54,"column":8},"end":{"line":54,"column":67}},"34":{"start":{"line":55,"column":8},"end":{"line":55,"column":65}},"35":{"start":{"line":56,"column":8},"end":{"line":56,"column":64}},"36":{"start":{"line":57,"column":8},"end":{"line":57,"column":62}},"37":{"start":{"line":58,"column":8},"end":{"line":58,"column":72}},"38":{"start":{"line":59,"column":8},"end":{"line":59,"column":70}},"39":{"start":{"line":60,"column":8},"end":{"line":60,"column":71}},"40":{"start":{"line":61,"column":8},"end":{"line":61,"column":69}},"41":{"start":{"line":62,"column":8},"end":{"line":62,"column":67}},"42":{"start":{"line":63,"column":8},"end":{"line":63,"column":65}},"43":{"start":{"line":64,"column":8},"end":{"line":64,"column":15}},"44":{"start":{"line":67,"column":6},"end":{"line":67,"column":25}},"45":{"start":{"line":70,"column":2},"end":{"line":70,"column":40}},"46":{"start":{"line":71,"column":2},"end":{"line":95,"column":5}},"47":{"start":{"line":72,"column":4},"end":{"line":94,"column":7}},"48":{"start":{"line":73,"column":6},"end":{"line":93,"column":9}},"49":{"start":{"line":77,"column":8},"end":{"line":77,"column":52}},"50":{"start":{"line":78,"column":8},"end":{"line":78,"column":63}},"51":{"start":{"line":79,"column":8},"end":{"line":79,"column":61}},"52":{"start":{"line":80,"column":8},"end":{"line":80,"column":61}},"53":{"start":{"line":81,"column":8},"end":{"line":81,"column":60}},"54":{"start":{"line":82,"column":8},"end":{"line":82,"column":67}},"55":{"start":{"line":83,"column":8},"end":{"line":83,"column":65}},"56":{"start":{"line":84,"column":8},"end":{"line":84,"column":64}},"57":{"start":{"line":85,"column":8},"end":{"line":85,"column":62}},"58":{"start":{"line":86,"column":8},"end":{"line":86,"column":72}},"59":{"start":{"line":87,"column":8},"end":{"line":87,"column":70}},"60":{"start":{"line":88,"column":8},"end":{"line":88,"column":71}},"61":{"start":{"line":89,"column":8},"end":{"line":89,"column":69}},"62":{"start":{"line":90,"column":8},"end":{"line":90,"column":67}},"63":{"start":{"line":91,"column":8},"end":{"line":91,"column":65}},"64":{"start":{"line":92,"column":8},"end":{"line":92,"column":15}},"65":{"start":{"line":96,"column":2},"end":{"line":124,"column":5}},"66":{"start":{"line":97,"column":4},"end":{"line":123,"column":7}},"67":{"start":{"line":98,"column":6},"end":{"line":122,"column":9}},"68":{"start":{"line":99,"column":8},"end":{"line":99,"column":30}},"69":{"start":{"line":100,"column":8},"end":{"line":100,"column":52}},"70":{"start":{"line":101,"column":8},"end":{"line":101,"column":63}},"71":{"start":{"line":102,"column":8},"end":{"line":102,"column":60}},"72":{"start":{"line":103,"column":8},"end":{"line":103,"column":63}},"73":{"start":{"line":104,"column":21},"end":{"line":104,"column":34}},"74":{"start":{"line":105,"column":8},"end":{"line":105,"column":59}},"75":{"start":{"line":106,"column":8},"end":{"line":106,"column":55}},"76":{"start":{"line":107,"column":8},"end":{"line":107,"column":62}},"77":{"start":{"line":108,"column":8},"end":{"line":108,"column":58}},"78":{"start":{"line":109,"column":8},"end":{"line":109,"column":63}},"79":{"start":{"line":110,"column":8},"end":{"line":110,"column":59}},"80":{"start":{"line":111,"column":8},"end":{"line":111,"column":62}},"81":{"start":{"line":112,"column":8},"end":{"line":112,"column":58}},"82":{"start":{"line":113,"column":8},"end":{"line":113,"column":61}},"83":{"start":{"line":114,"column":8},"end":{"line":114,"column":57}},"84":{"start":{"line":115,"column":8},"end":{"line":115,"column":64}},"85":{"start":{"line":116,"column":8},"end":{"line":116,"column":60}},"86":{"start":{"line":117,"column":8},"end":{"line":117,"column":67}},"87":{"start":{"line":118,"column":8},"end":{"line":118,"column":63}},"88":{"start":{"line":119,"column":8},"end":{"line":119,"column":66}},"89":{"start":{"line":120,"column":8},"end":{"line":120,"column":62}},"90":{"start":{"line":121,"column":8},"end":{"line":121,"column":15}},"91":{"start":{"line":125,"column":2},"end":{"line":135,"column":5}},"92":{"start":{"line":126,"column":4},"end":{"line":134,"column":7}},"93":{"start":{"line":127,"column":6},"end":{"line":133,"column":9}},"94":{"start":{"line":130,"column":8},"end":{"line":130,"column":30}},"95":{"start":{"line":131,"column":8},"end":{"line":131,"column":49}},"96":{"start":{"line":132,"column":8},"end":{"line":132,"column":15}},"97":{"start":{"line":136,"column":2},"end":{"line":162,"column":5}},"98":{"start":{"line":137,"column":4},"end":{"line":161,"column":7}},"99":{"start":{"line":138,"column":6},"end":{"line":160,"column":9}},"100":{"start":{"line":139,"column":21},"end":{"line":139,"column":34}},"101":{"start":{"line":140,"column":8},"end":{"line":140,"column":52}},"102":{"start":{"line":141,"column":8},"end":{"line":141,"column":61}},"103":{"start":{"line":142,"column":8},"end":{"line":142,"column":52}},"104":{"start":{"line":143,"column":8},"end":{"line":143,"column":62}},"105":{"start":{"line":144,"column":8},"end":{"line":144,"column":58}},"106":{"start":{"line":145,"column":8},"end":{"line":145,"column":65}},"107":{"start":{"line":146,"column":8},"end":{"line":146,"column":61}},"108":{"start":{"line":147,"column":8},"end":{"line":147,"column":66}},"109":{"start":{"line":148,"column":8},"end":{"line":148,"column":62}},"110":{"start":{"line":149,"column":8},"end":{"line":149,"column":65}},"111":{"start":{"line":150,"column":8},"end":{"line":150,"column":61}},"112":{"start":{"line":151,"column":8},"end":{"line":151,"column":64}},"113":{"start":{"line":152,"column":8},"end":{"line":152,"column":60}},"114":{"start":{"line":153,"column":8},"end":{"line":153,"column":67}},"115":{"start":{"line":154,"column":8},"end":{"line":154,"column":63}},"116":{"start":{"line":155,"column":8},"end":{"line":155,"column":70}},"117":{"start":{"line":156,"column":8},"end":{"line":156,"column":66}},"118":{"start":{"line":157,"column":8},"end":{"line":157,"column":69}},"119":{"start":{"line":158,"column":8},"end":{"line":158,"column":65}},"120":{"start":{"line":159,"column":8},"end":{"line":159,"column":15}},"121":{"start":{"line":163,"column":2},"end":{"line":190,"column":5}},"122":{"start":{"line":164,"column":4},"end":{"line":189,"column":7}},"123":{"start":{"line":165,"column":6},"end":{"line":188,"column":9}},"124":{"start":{"line":166,"column":8},"end":{"line":166,"column":52}},"125":{"start":{"line":167,"column":8},"end":{"line":167,"column":63}},"126":{"start":{"line":168,"column":8},"end":{"line":168,"column":59}},"127":{"start":{"line":169,"column":8},"end":{"line":169,"column":63}},"128":{"start":{"line":170,"column":21},"end":{"line":170,"column":37}},"129":{"start":{"line":171,"column":8},"end":{"line":171,"column":59}},"130":{"start":{"line":172,"column":8},"end":{"line":172,"column":55}},"131":{"start":{"line":173,"column":8},"end":{"line":173,"column":62}},"132":{"start":{"line":174,"column":8},"end":{"line":174,"column":58}},"133":{"start":{"line":175,"column":8},"end":{"line":175,"column":63}},"134":{"start":{"line":176,"column":8},"end":{"line":176,"column":59}},"135":{"start":{"line":177,"column":8},"end":{"line":177,"column":62}},"136":{"start":{"line":178,"column":8},"end":{"line":178,"column":58}},"137":{"start":{"line":179,"column":8},"end":{"line":179,"column":61}},"138":{"start":{"line":180,"column":8},"end":{"line":180,"column":57}},"139":{"start":{"line":181,"column":8},"end":{"line":181,"column":64}},"140":{"start":{"line":182,"column":8},"end":{"line":182,"column":60}},"141":{"start":{"line":183,"column":8},"end":{"line":183,"column":67}},"142":{"start":{"line":184,"column":8},"end":{"line":184,"column":63}},"143":{"start":{"line":185,"column":8},"end":{"line":185,"column":66}},"144":{"start":{"line":186,"column":8},"end":{"line":186,"column":62}},"145":{"start":{"line":187,"column":8},"end":{"line":187,"column":15}},"146":{"start":{"line":192,"column":2},"end":{"line":325,"column":5}},"147":{"start":{"line":193,"column":4},"end":{"line":324,"column":7}},"148":{"start":{"line":194,"column":6},"end":{"line":194,"column":30}},"149":{"start":{"line":195,"column":6},"end":{"line":222,"column":9}},"150":{"start":{"line":196,"column":8},"end":{"line":221,"column":11}},"151":{"start":{"line":197,"column":10},"end":{"line":220,"column":13}},"152":{"start":{"line":198,"column":12},"end":{"line":198,"column":56}},"153":{"start":{"line":199,"column":12},"end":{"line":199,"column":67}},"154":{"start":{"line":200,"column":12},"end":{"line":200,"column":64}},"155":{"start":{"line":201,"column":12},"end":{"line":201,"column":67}},"156":{"start":{"line":202,"column":25},"end":{"line":202,"column":38}},"157":{"start":{"line":203,"column":12},"end":{"line":203,"column":63}},"158":{"start":{"line":204,"column":12},"end":{"line":204,"column":59}},"159":{"start":{"line":205,"column":12},"end":{"line":205,"column":66}},"160":{"start":{"line":206,"column":12},"end":{"line":206,"column":62}},"161":{"start":{"line":207,"column":12},"end":{"line":207,"column":67}},"162":{"start":{"line":208,"column":12},"end":{"line":208,"column":63}},"163":{"start":{"line":209,"column":12},"end":{"line":209,"column":66}},"164":{"start":{"line":210,"column":12},"end":{"line":210,"column":62}},"165":{"start":{"line":211,"column":12},"end":{"line":211,"column":65}},"166":{"start":{"line":212,"column":12},"end":{"line":212,"column":61}},"167":{"start":{"line":213,"column":12},"end":{"line":213,"column":68}},"168":{"start":{"line":214,"column":12},"end":{"line":214,"column":64}},"169":{"start":{"line":215,"column":12},"end":{"line":215,"column":71}},"170":{"start":{"line":216,"column":12},"end":{"line":216,"column":67}},"171":{"start":{"line":217,"column":12},"end":{"line":217,"column":70}},"172":{"start":{"line":218,"column":12},"end":{"line":218,"column":66}},"173":{"start":{"line":219,"column":12},"end":{"line":219,"column":19}},"174":{"start":{"line":223,"column":6},"end":{"line":223,"column":22}},"175":{"start":{"line":224,"column":6},"end":{"line":255,"column":9}},"176":{"start":{"line":225,"column":8},"end":{"line":254,"column":11}},"177":{"start":{"line":226,"column":10},"end":{"line":253,"column":13}},"178":{"start":{"line":230,"column":12},"end":{"line":230,"column":56}},"179":{"start":{"line":231,"column":12},"end":{"line":231,"column":59}},"180":{"start":{"line":232,"column":12},"end":{"line":232,"column":67}},"181":{"start":{"line":233,"column":25},"end":{"line":233,"column":38}},"182":{"start":{"line":234,"column":12},"end":{"line":234,"column":63}},"183":{"start":{"line":235,"column":12},"end":{"line":235,"column":59}},"184":{"start":{"line":236,"column":12},"end":{"line":236,"column":66}},"185":{"start":{"line":237,"column":12},"end":{"line":237,"column":62}},"186":{"start":{"line":238,"column":12},"end":{"line":238,"column":67}},"187":{"start":{"line":239,"column":12},"end":{"line":239,"column":63}},"188":{"start":{"line":240,"column":12},"end":{"line":240,"column":62}},"189":{"start":{"line":241,"column":12},"end":{"line":241,"column":66}},"190":{"start":{"line":242,"column":12},"end":{"line":242,"column":62}},"191":{"start":{"line":243,"column":12},"end":{"line":243,"column":64}},"192":{"start":{"line":244,"column":12},"end":{"line":244,"column":65}},"193":{"start":{"line":245,"column":12},"end":{"line":245,"column":61}},"194":{"start":{"line":246,"column":12},"end":{"line":246,"column":68}},"195":{"start":{"line":247,"column":12},"end":{"line":247,"column":64}},"196":{"start":{"line":248,"column":12},"end":{"line":248,"column":71}},"197":{"start":{"line":249,"column":12},"end":{"line":249,"column":67}},"198":{"start":{"line":250,"column":12},"end":{"line":250,"column":70}},"199":{"start":{"line":251,"column":12},"end":{"line":251,"column":66}},"200":{"start":{"line":252,"column":12},"end":{"line":252,"column":19}},"201":{"start":{"line":256,"column":6},"end":{"line":280,"column":9}},"202":{"start":{"line":257,"column":8},"end":{"line":279,"column":11}},"203":{"start":{"line":258,"column":10},"end":{"line":278,"column":13}},"204":{"start":{"line":262,"column":12},"end":{"line":262,"column":56}},"205":{"start":{"line":263,"column":12},"end":{"line":263,"column":59}},"206":{"start":{"line":264,"column":12},"end":{"line":264,"column":67}},"207":{"start":{"line":265,"column":12},"end":{"line":265,"column":65}},"208":{"start":{"line":266,"column":12},"end":{"line":266,"column":67}},"209":{"start":{"line":267,"column":12},"end":{"line":267,"column":65}},"210":{"start":{"line":268,"column":12},"end":{"line":268,"column":64}},"211":{"start":{"line":269,"column":12},"end":{"line":269,"column":73}},"212":{"start":{"line":270,"column":12},"end":{"line":270,"column":71}},"213":{"start":{"line":271,"column":12},"end":{"line":271,"column":73}},"214":{"start":{"line":272,"column":12},"end":{"line":272,"column":72}},"215":{"start":{"line":273,"column":26},"end":{"line":273,"column":47}},"216":{"start":{"line":274,"column":12},"end":{"line":274,"column":71}},"217":{"start":{"line":275,"column":12},"end":{"line":275,"column":69}},"218":{"start":{"line":276,"column":12},"end":{"line":276,"column":70}},"219":{"start":{"line":277,"column":12},"end":{"line":277,"column":68}},"220":{"start":{"line":281,"column":6},"end":{"line":308,"column":9}},"221":{"start":{"line":282,"column":8},"end":{"line":307,"column":11}},"222":{"start":{"line":283,"column":10},"end":{"line":306,"column":13}},"223":{"start":{"line":284,"column":12},"end":{"line":284,"column":56}},"224":{"start":{"line":285,"column":12},"end":{"line":285,"column":59}},"225":{"start":{"line":286,"column":12},"end":{"line":286,"column":67}},"226":{"start":{"line":287,"column":25},"end":{"line":287,"column":38}},"227":{"start":{"line":288,"column":12},"end":{"line":288,"column":63}},"228":{"start":{"line":289,"column":12},"end":{"line":289,"column":59}},"229":{"start":{"line":290,"column":12},"end":{"line":290,"column":66}},"230":{"start":{"line":291,"column":12},"end":{"line":291,"column":62}},"231":{"start":{"line":292,"column":12},"end":{"line":292,"column":67}},"232":{"start":{"line":293,"column":12},"end":{"line":293,"column":63}},"233":{"start":{"line":294,"column":12},"end":{"line":294,"column":62}},"234":{"start":{"line":295,"column":12},"end":{"line":295,"column":66}},"235":{"start":{"line":296,"column":12},"end":{"line":296,"column":62}},"236":{"start":{"line":297,"column":12},"end":{"line":297,"column":65}},"237":{"start":{"line":298,"column":12},"end":{"line":298,"column":61}},"238":{"start":{"line":299,"column":12},"end":{"line":299,"column":68}},"239":{"start":{"line":300,"column":12},"end":{"line":300,"column":64}},"240":{"start":{"line":301,"column":12},"end":{"line":301,"column":71}},"241":{"start":{"line":302,"column":12},"end":{"line":302,"column":67}},"242":{"start":{"line":303,"column":12},"end":{"line":303,"column":70}},"243":{"start":{"line":304,"column":12},"end":{"line":304,"column":66}},"244":{"start":{"line":305,"column":12},"end":{"line":305,"column":19}},"245":{"start":{"line":309,"column":6},"end":{"line":323,"column":9}},"246":{"start":{"line":310,"column":8},"end":{"line":322,"column":11}},"247":{"start":{"line":311,"column":10},"end":{"line":321,"column":13}},"248":{"start":{"line":312,"column":12},"end":{"line":312,"column":56}},"249":{"start":{"line":313,"column":12},"end":{"line":313,"column":67}},"250":{"start":{"line":314,"column":12},"end":{"line":314,"column":67}},"251":{"start":{"line":315,"column":12},"end":{"line":315,"column":65}},"252":{"start":{"line":316,"column":12},"end":{"line":316,"column":64}},"253":{"start":{"line":317,"column":12},"end":{"line":317,"column":73}},"254":{"start":{"line":318,"column":12},"end":{"line":318,"column":71}},"255":{"start":{"line":319,"column":12},"end":{"line":319,"column":129}},"256":{"start":{"line":320,"column":12},"end":{"line":320,"column":19}}},"fnMap":{"0":{"name":"_interopRequireWildcard","decl":{"start":{"line":13,"column":9},"end":{"line":13,"column":32}},"loc":{"start":{"line":13,"column":38},"end":{"line":13,"column":475}},"line":13},"1":{"name":"_interopRequireDefault","decl":{"start":{"line":15,"column":9},"end":{"line":15,"column":31}},"loc":{"start":{"line":15,"column":37},"end":{"line":15,"column":97}},"line":15},"2":{"name":"(anonymous_2)","decl":{"start":{"line":44,"column":37},"end":{"line":44,"column":38}},"loc":{"start":{"line":44,"column":49},"end":{"line":326,"column":1}},"line":44},"3":{"name":"(anonymous_3)","decl":{"start":{"line":45,"column":30},"end":{"line":45,"column":31}},"loc":{"start":{"line":45,"column":46},"end":{"line":69,"column":3}},"line":45},"4":{"name":"(anonymous_4)","decl":{"start":{"line":47,"column":97},"end":{"line":47,"column":98}},"loc":{"start":{"line":47,"column":117},"end":{"line":65,"column":7}},"line":47},"5":{"name":"(anonymous_5)","decl":{"start":{"line":70,"column":24},"end":{"line":70,"column":25}},"loc":{"start":{"line":70,"column":36},"end":{"line":70,"column":38}},"line":70},"6":{"name":"(anonymous_6)","decl":{"start":{"line":71,"column":39},"end":{"line":71,"column":40}},"loc":{"start":{"line":71,"column":51},"end":{"line":95,"column":3}},"line":71},"7":{"name":"(anonymous_7)","decl":{"start":{"line":72,"column":42},"end":{"line":72,"column":43}},"loc":{"start":{"line":72,"column":58},"end":{"line":94,"column":5}},"line":72},"8":{"name":"(anonymous_8)","decl":{"start":{"line":76,"column":13},"end":{"line":76,"column":14}},"loc":{"start":{"line":76,"column":33},"end":{"line":93,"column":7}},"line":76},"9":{"name":"(anonymous_9)","decl":{"start":{"line":96,"column":36},"end":{"line":96,"column":37}},"loc":{"start":{"line":96,"column":48},"end":{"line":124,"column":3}},"line":96},"10":{"name":"(anonymous_10)","decl":{"start":{"line":97,"column":48},"end":{"line":97,"column":49}},"loc":{"start":{"line":97,"column":64},"end":{"line":123,"column":5}},"line":97},"11":{"name":"(anonymous_11)","decl":{"start":{"line":98,"column":185},"end":{"line":98,"column":186}},"loc":{"start":{"line":98,"column":205},"end":{"line":122,"column":7}},"line":98},"12":{"name":"(anonymous_12)","decl":{"start":{"line":125,"column":36},"end":{"line":125,"column":37}},"loc":{"start":{"line":125,"column":48},"end":{"line":135,"column":3}},"line":125},"13":{"name":"(anonymous_13)","decl":{"start":{"line":126,"column":71},"end":{"line":126,"column":72}},"loc":{"start":{"line":126,"column":87},"end":{"line":134,"column":5}},"line":126},"14":{"name":"(anonymous_14)","decl":{"start":{"line":129,"column":13},"end":{"line":129,"column":14}},"loc":{"start":{"line":129,"column":33},"end":{"line":133,"column":7}},"line":129},"15":{"name":"(anonymous_15)","decl":{"start":{"line":136,"column":28},"end":{"line":136,"column":29}},"loc":{"start":{"line":136,"column":40},"end":{"line":162,"column":3}},"line":136},"16":{"name":"(anonymous_16)","decl":{"start":{"line":137,"column":42},"end":{"line":137,"column":43}},"loc":{"start":{"line":137,"column":58},"end":{"line":161,"column":5}},"line":137},"17":{"name":"(anonymous_17)","decl":{"start":{"line":138,"column":78},"end":{"line":138,"column":79}},"loc":{"start":{"line":138,"column":98},"end":{"line":160,"column":7}},"line":138},"18":{"name":"(anonymous_18)","decl":{"start":{"line":163,"column":55},"end":{"line":163,"column":56}},"loc":{"start":{"line":163,"column":67},"end":{"line":190,"column":3}},"line":163},"19":{"name":"(anonymous_19)","decl":{"start":{"line":164,"column":44},"end":{"line":164,"column":45}},"loc":{"start":{"line":164,"column":60},"end":{"line":189,"column":5}},"line":164},"20":{"name":"(anonymous_20)","decl":{"start":{"line":165,"column":97},"end":{"line":165,"column":98}},"loc":{"start":{"line":165,"column":117},"end":{"line":188,"column":7}},"line":165},"21":{"name":"(anonymous_21)","decl":{"start":{"line":192,"column":27},"end":{"line":192,"column":28}},"loc":{"start":{"line":192,"column":56},"end":{"line":325,"column":3}},"line":192},"22":{"name":"(anonymous_22)","decl":{"start":{"line":193,"column":49},"end":{"line":193,"column":50}},"loc":{"start":{"line":193,"column":72},"end":{"line":324,"column":5}},"line":193},"23":{"name":"(anonymous_23)","decl":{"start":{"line":195,"column":45},"end":{"line":195,"column":46}},"loc":{"start":{"line":195,"column":57},"end":{"line":222,"column":7}},"line":195},"24":{"name":"(anonymous_24)","decl":{"start":{"line":196,"column":45},"end":{"line":196,"column":46}},"loc":{"start":{"line":196,"column":61},"end":{"line":221,"column":9}},"line":196},"25":{"name":"(anonymous_25)","decl":{"start":{"line":197,"column":94},"end":{"line":197,"column":95}},"loc":{"start":{"line":197,"column":114},"end":{"line":220,"column":11}},"line":197},"26":{"name":"(anonymous_26)","decl":{"start":{"line":224,"column":53},"end":{"line":224,"column":54}},"loc":{"start":{"line":224,"column":65},"end":{"line":255,"column":7}},"line":224},"27":{"name":"(anonymous_27)","decl":{"start":{"line":225,"column":55},"end":{"line":225,"column":56}},"loc":{"start":{"line":225,"column":71},"end":{"line":254,"column":9}},"line":225},"28":{"name":"(anonymous_28)","decl":{"start":{"line":229,"column":17},"end":{"line":229,"column":18}},"loc":{"start":{"line":229,"column":37},"end":{"line":253,"column":11}},"line":229},"29":{"name":"(anonymous_29)","decl":{"start":{"line":256,"column":46},"end":{"line":256,"column":47}},"loc":{"start":{"line":256,"column":58},"end":{"line":280,"column":7}},"line":256},"30":{"name":"(anonymous_30)","decl":{"start":{"line":257,"column":51},"end":{"line":257,"column":52}},"loc":{"start":{"line":257,"column":63},"end":{"line":279,"column":9}},"line":257},"31":{"name":"(anonymous_31)","decl":{"start":{"line":261,"column":17},"end":{"line":261,"column":18}},"loc":{"start":{"line":261,"column":37},"end":{"line":278,"column":11}},"line":261},"32":{"name":"(anonymous_32)","decl":{"start":{"line":281,"column":62},"end":{"line":281,"column":63}},"loc":{"start":{"line":281,"column":74},"end":{"line":308,"column":7}},"line":281},"33":{"name":"(anonymous_33)","decl":{"start":{"line":282,"column":45},"end":{"line":282,"column":46}},"loc":{"start":{"line":282,"column":61},"end":{"line":307,"column":9}},"line":282},"34":{"name":"(anonymous_34)","decl":{"start":{"line":283,"column":155},"end":{"line":283,"column":156}},"loc":{"start":{"line":283,"column":175},"end":{"line":306,"column":11}},"line":283},"35":{"name":"(anonymous_35)","decl":{"start":{"line":309,"column":48},"end":{"line":309,"column":49}},"loc":{"start":{"line":309,"column":60},"end":{"line":323,"column":7}},"line":309},"36":{"name":"(anonymous_36)","decl":{"start":{"line":310,"column":51},"end":{"line":310,"column":52}},"loc":{"start":{"line":310,"column":67},"end":{"line":322,"column":9}},"line":310},"37":{"name":"(anonymous_37)","decl":{"start":{"line":311,"column":150},"end":{"line":311,"column":151}},"loc":{"start":{"line":311,"column":170},"end":{"line":321,"column":11}},"line":311}},"branchMap":{"0":{"loc":{"start":{"line":13,"column":40},"end":{"line":13,"column":473}},"type":"if","locations":[{"start":{"line":13,"column":40},"end":{"line":13,"column":473}},{"start":{"line":13,"column":40},"end":{"line":13,"column":473}}],"line":13},"1":{"loc":{"start":{"line":13,"column":44},"end":{"line":13,"column":65}},"type":"binary-expr","locations":[{"start":{"line":13,"column":44},"end":{"line":13,"column":47}},{"start":{"line":13,"column":51},"end":{"line":13,"column":65}}],"line":13},"2":{"loc":{"start":{"line":13,"column":107},"end":{"line":13,"column":431}},"type":"if","locations":[{"start":{"line":13,"column":107},"end":{"line":13,"column":431}},{"start":{"line":13,"column":107},"end":{"line":13,"column":431}}],"line":13},"3":{"loc":{"start":{"line":13,"column":149},"end":{"line":13,"column":427}},"type":"if","locations":[{"start":{"line":13,"column":149},"end":{"line":13,"column":427}},{"start":{"line":13,"column":149},"end":{"line":13,"column":427}}],"line":13},"4":{"loc":{"start":{"line":13,"column":214},"end":{"line":13,"column":319}},"type":"cond-expr","locations":[{"start":{"line":13,"column":273},"end":{"line":13,"column":314}},{"start":{"line":13,"column":317},"end":{"line":13,"column":319}}],"line":13},"5":{"loc":{"start":{"line":13,"column":214},"end":{"line":13,"column":270}},"type":"binary-expr","locations":[{"start":{"line":13,"column":214},"end":{"line":13,"column":235}},{"start":{"line":13,"column":239},"end":{"line":13,"column":270}}],"line":13},"6":{"loc":{"start":{"line":13,"column":321},"end":{"line":13,"column":425}},"type":"if","locations":[{"start":{"line":13,"column":321},"end":{"line":13,"column":425}},{"start":{"line":13,"column":321},"end":{"line":13,"column":425}}],"line":13},"7":{"loc":{"start":{"line":13,"column":325},"end":{"line":13,"column":345}},"type":"binary-expr","locations":[{"start":{"line":13,"column":325},"end":{"line":13,"column":333}},{"start":{"line":13,"column":337},"end":{"line":13,"column":345}}],"line":13},"8":{"loc":{"start":{"line":15,"column":46},"end":{"line":15,"column":94}},"type":"cond-expr","locations":[{"start":{"line":15,"column":70},"end":{"line":15,"column":73}},{"start":{"line":15,"column":76},"end":{"line":15,"column":94}}],"line":15},"9":{"loc":{"start":{"line":15,"column":46},"end":{"line":15,"column":67}},"type":"binary-expr","locations":[{"start":{"line":15,"column":46},"end":{"line":15,"column":49}},{"start":{"line":15,"column":53},"end":{"line":15,"column":67}}],"line":15}},"s":{"0":1,"1":1,"2":1,"3":1,"4":1,"5":1,"6":0,"7":1,"8":1,"9":1,"10":10,"11":10,"12":10,"13":0,"14":10,"15":1,"16":1,"17":4,"18":1,"19":1,"20":1,"21":1,"22":1,"23":1,"24":1,"25":1,"26":1,"27":1,"28":1,"29":1,"30":1,"31":1,"32":1,"33":1,"34":1,"35":1,"36":1,"37":1,"38":1,"39":1,"40":1,"41":1,"42":1,"43":1,"44":0,"45":1,"46":1,"47":1,"48":1,"49":1,"50":0,"51":0,"52":0,"53":0,"54":0,"55":0,"56":0,"57":0,"58":0,"59":0,"60":0,"61":0,"62":0,"63":0,"64":0,"65":1,"66":1,"67":1,"68":1,"69":1,"70":1,"71":1,"72":1,"73":1,"74":1,"75":1,"76":1,"77":1,"78":1,"79":1,"80":1,"81":1,"82":1,"83":1,"84":1,"85":1,"86":1,"87":1,"88":1,"89":1,"90":1,"91":1,"92":1,"93":1,"94":1,"95":1,"96":1,"97":1,"98":1,"99":1,"100":1,"101":1,"102":1,"103":1,"104":1,"105":1,"106":1,"107":1,"108":1,"109":1,"110":1,"111":1,"112":1,"113":1,"114":1,"115":1,"116":1,"117":1,"118":1,"119":1,"120":1,"121":1,"122":1,"123":1,"124":1,"125":1,"126":1,"127":1,"128":1,"129":1,"130":1,"131":1,"132":1,"133":1,"134":1,"135":1,"136":1,"137":1,"138":1,"139":1,"140":1,"141":1,"142":1,"143":1,"144":1,"145":1,"146":1,"147":1,"148":1,"149":1,"150":1,"151":1,"152":1,"153":1,"154":1,"155":1,"156":1,"157":1,"158":1,"159":1,"160":1,"161":1,"162":1,"163":1,"164":1,"165":1,"166":1,"167":1,"168":1,"169":1,"170":1,"171":1,"172":1,"173":1,"174":1,"175":1,"176":1,"177":1,"178":1,"179":1,"180":1,"181":1,"182":1,"183":1,"184":1,"185":1,"186":1,"187":1,"188":1,"189":1,"190":1,"191":1,"192":1,"193":1,"194":1,"195":1,"196":1,"197":1,"198":1,"199":1,"200":1,"201":1,"202":1,"203":1,"204":0,"205":0,"206":0,"207":0,"208":0,"209":0,"210":0,"211":0,"212":0,"213":0,"214":0,"215":0,"216":0,"217":0,"218":0,"219":0,"220":1,"221":1,"222":1,"223":1,"224":0,"225":0,"226":0,"227":0,"228":0,"229":0,"230":0,"231":0,"232":0,"233":0,"234":0,"235":0,"236":0,"237":0,"238":0,"239":0,"240":0,"241":0,"242":0,"243":0,"244":0,"245":1,"246":1,"247":1,"248":1,"249":0,"250":0,"251":0,"252":0,"253":0,"254":0,"255":0,"256":0},"f":{"0":1,"1":4,"2":1,"3":1,"4":1,"5":1,"6":1,"7":1,"8":1,"9":1,"10":1,"11":1,"12":1,"13":1,"14":1,"15":1,"16":1,"17":1,"18":1,"19":1,"20":1,"21":1,"22":1,"23":1,"24":1,"25":1,"26":1,"27":1,"28":1,"29":1,"30":1,"31":0,"32":1,"33":1,"34":1,"35":1,"36":1,"37":1},"b":{"0":[0,1],"1":[1,1],"2":[1,0],"3":[10,0],"4":[10,0],"5":[10,10],"6":[0,10],"7":[10,10],"8":[3,1],"9":[4,4]},"_coverageSchema":"43e27e138ebf9cfc5966b082cf9a028302ed4184","hash":"20978a4644785944d8f3732d29bed5e91ba6060f","contentHash":"7c92547e5a8cbed3f08d9b4e3b546e74e3ed75756f5683cac8a4ae55c3b1c848"},"C:\\Property Pro Lite\\Server\\index.js":{"path":"C:\\Property Pro Lite\\Server\\index.js","statementMap":{"0":{"start":{"line":3,"column":0},"end":{"line":5,"column":3}},"1":{"start":{"line":6,"column":0},"end":{"line":6,"column":28}},"2":{"start":{"line":8,"column":15},"end":{"line":8,"column":57}},"3":{"start":{"line":10,"column":18},"end":{"line":10,"column":64}},"4":{"start":{"line":12,"column":13},"end":{"line":12,"column":62}},"5":{"start":{"line":14,"column":14},"end":{"line":14,"column":64}},"6":{"start":{"line":16,"column":17},"end":{"line":16,"column":42}},"7":{"start":{"line":18,"column":39},"end":{"line":18,"column":95}},"8":{"start":{"line":21,"column":0},"end":{"line":21,"column":33}},"9":{"start":{"line":22,"column":0},"end":{"line":22,"column":30}},"10":{"start":{"line":23,"column":0},"end":{"line":23,"column":30}},"11":{"start":{"line":24,"column":11},"end":{"line":24,"column":35}},"12":{"start":{"line":25,"column":10},"end":{"line":25,"column":36}},"13":{"start":{"line":26,"column":0},"end":{"line":26,"column":39}},"14":{"start":{"line":27,"column":0},"end":{"line":29,"column":4}},"15":{"start":{"line":30,"column":0},"end":{"line":30,"column":38}},"16":{"start":{"line":31,"column":0},"end":{"line":31,"column":39}},"17":{"start":{"line":32,"column":0},"end":{"line":37,"column":3}},"18":{"start":{"line":33,"column":2},"end":{"line":36,"column":5}},"19":{"start":{"line":38,"column":0},"end":{"line":38,"column":70}},"20":{"start":{"line":39,"column":15},"end":{"line":39,"column":18}},"21":{"start":{"line":40,"column":0},"end":{"line":40,"column":30}}},"fnMap":{"0":{"name":"_interopRequireDefault","decl":{"start":{"line":18,"column":9},"end":{"line":18,"column":31}},"loc":{"start":{"line":18,"column":37},"end":{"line":18,"column":97}},"line":18},"1":{"name":"(anonymous_1)","decl":{"start":{"line":32,"column":8},"end":{"line":32,"column":9}},"loc":{"start":{"line":32,"column":28},"end":{"line":37,"column":1}},"line":32}},"branchMap":{"0":{"loc":{"start":{"line":18,"column":46},"end":{"line":18,"column":94}},"type":"cond-expr","locations":[{"start":{"line":18,"column":70},"end":{"line":18,"column":73}},{"start":{"line":18,"column":76},"end":{"line":18,"column":94}}],"line":18},"1":{"loc":{"start":{"line":18,"column":46},"end":{"line":18,"column":67}},"type":"binary-expr","locations":[{"start":{"line":18,"column":46},"end":{"line":18,"column":49}},{"start":{"line":18,"column":53},"end":{"line":18,"column":67}}],"line":18},"2":{"loc":{"start":{"line":24,"column":11},"end":{"line":24,"column":35}},"type":"binary-expr","locations":[{"start":{"line":24,"column":11},"end":{"line":24,"column":27}},{"start":{"line":24,"column":31},"end":{"line":24,"column":35}}],"line":24}},"s":{"0":1,"1":1,"2":1,"3":1,"4":1,"5":1,"6":1,"7":4,"8":1,"9":1,"10":1,"11":1,"12":1,"13":1,"14":1,"15":1,"16":1,"17":1,"18":0,"19":1,"20":1,"21":1},"f":{"0":4,"1":0},"b":{"0":[2,2],"1":[4,4],"2":[1,1]},"_coverageSchema":"43e27e138ebf9cfc5966b082cf9a028302ed4184","hash":"918ee382450335bff22d7409ec31dab828fa4f9a","contentHash":"73cc455c0560054bc579dea98ccbefd03eedf3ac3827c858277c7c571592478a"},"C:\\Property Pro Lite\\Server\\routes\\users.js":{"path":"C:\\Property Pro Lite\\Server\\routes\\users.js","statementMap":{"0":{"start":{"line":3,"column":0},"end":{"line":5,"column":3}},"1":{"start":{"line":6,"column":0},"end":{"line":6,"column":28}},"2":{"start":{"line":8,"column":15},"end":{"line":8,"column":57}},"3":{"start":{"line":10,"column":11},"end":{"line":10,"column":49}},"4":{"start":{"line":12,"column":20},"end":{"line":12,"column":67}},"5":{"start":{"line":14,"column":21},"end":{"line":14,"column":84}},"6":{"start":{"line":16,"column":22},"end":{"line":16,"column":82}},"7":{"start":{"line":18,"column":19},"end":{"line":18,"column":76}},"8":{"start":{"line":20,"column":12},"end":{"line":20,"column":61}},"9":{"start":{"line":22,"column":19},"end":{"line":22,"column":76}},"10":{"start":{"line":24,"column":39},"end":{"line":24,"column":95}},"11":{"start":{"line":33,"column":17},"end":{"line":33,"column":45}},"12":{"start":{"line":35,"column":0},"end":{"line":90,"column":3}},"13":{"start":{"line":36,"column":17},"end":{"line":36,"column":25}},"14":{"start":{"line":37,"column":19},"end":{"line":37,"column":173}},"15":{"start":{"line":40,"column":2},"end":{"line":89,"column":5}},"16":{"start":{"line":41,"column":4},"end":{"line":46,"column":5}},"17":{"start":{"line":42,"column":6},"end":{"line":45,"column":9}},"18":{"start":{"line":48,"column":4},"end":{"line":87,"column":7}},"19":{"start":{"line":49,"column":6},"end":{"line":54,"column":7}},"20":{"start":{"line":50,"column":8},"end":{"line":53,"column":11}},"21":{"start":{"line":56,"column":6},"end":{"line":86,"column":9}},"22":{"start":{"line":57,"column":8},"end":{"line":62,"column":9}},"23":{"start":{"line":58,"column":10},"end":{"line":61,"column":13}},"24":{"start":{"line":64,"column":8},"end":{"line":64,"column":46}},"25":{"start":{"line":65,"column":8},"end":{"line":65,"column":25}},"26":{"start":{"line":67,"column":8},"end":{"line":85,"column":11}},"27":{"start":{"line":68,"column":10},"end":{"line":84,"column":11}},"28":{"start":{"line":69,"column":12},"end":{"line":72,"column":15}},"29":{"start":{"line":74,"column":12},"end":{"line":83,"column":15}},"30":{"start":{"line":88,"column":4},"end":{"line":88,"column":11}},"31":{"start":{"line":91,"column":0},"end":{"line":146,"column":3}},"32":{"start":{"line":92,"column":11},"end":{"line":92,"column":24}},"33":{"start":{"line":94,"column":2},"end":{"line":145,"column":5}},"34":{"start":{"line":95,"column":4},"end":{"line":100,"column":5}},"35":{"start":{"line":96,"column":6},"end":{"line":99,"column":9}},"36":{"start":{"line":102,"column":4},"end":{"line":144,"column":7}},"37":{"start":{"line":103,"column":6},"end":{"line":108,"column":7}},"38":{"start":{"line":104,"column":8},"end":{"line":107,"column":11}},"39":{"start":{"line":110,"column":16},"end":{"line":110,"column":26}},"40":{"start":{"line":111,"column":17},"end":{"line":116,"column":7}},"41":{"start":{"line":118,"column":6},"end":{"line":143,"column":9}},"42":{"start":{"line":119,"column":8},"end":{"line":125,"column":9}},"43":{"start":{"line":120,"column":23},"end":{"line":120,"column":59}},"44":{"start":{"line":121,"column":10},"end":{"line":124,"column":13}},"45":{"start":{"line":127,"column":8},"end":{"line":142,"column":11}},"46":{"start":{"line":128,"column":10},"end":{"line":133,"column":11}},"47":{"start":{"line":129,"column":12},"end":{"line":132,"column":15}},"48":{"start":{"line":135,"column":10},"end":{"line":141,"column":13}},"49":{"start":{"line":148,"column":0},"end":{"line":192,"column":3}},"50":{"start":{"line":150,"column":13},"end":{"line":150,"column":27}},"51":{"start":{"line":152,"column":2},"end":{"line":191,"column":5}},"52":{"start":{"line":153,"column":4},"end":{"line":158,"column":5}},"53":{"start":{"line":154,"column":6},"end":{"line":157,"column":9}},"54":{"start":{"line":160,"column":4},"end":{"line":190,"column":5}},"55":{"start":{"line":161,"column":6},"end":{"line":174,"column":9}},"56":{"start":{"line":162,"column":8},"end":{"line":167,"column":9}},"57":{"start":{"line":163,"column":10},"end":{"line":166,"column":13}},"58":{"start":{"line":169,"column":8},"end":{"line":169,"column":57}},"59":{"start":{"line":170,"column":8},"end":{"line":173,"column":11}},"60":{"start":{"line":176,"column":6},"end":{"line":189,"column":9}},"61":{"start":{"line":177,"column":8},"end":{"line":182,"column":9}},"62":{"start":{"line":178,"column":10},"end":{"line":181,"column":13}},"63":{"start":{"line":184,"column":8},"end":{"line":184,"column":57}},"64":{"start":{"line":185,"column":8},"end":{"line":188,"column":11}},"65":{"start":{"line":193,"column":0},"end":{"line":221,"column":3}},"66":{"start":{"line":194,"column":11},"end":{"line":194,"column":24}},"67":{"start":{"line":196,"column":2},"end":{"line":220,"column":5}},"68":{"start":{"line":197,"column":4},"end":{"line":202,"column":5}},"69":{"start":{"line":198,"column":6},"end":{"line":201,"column":9}},"70":{"start":{"line":204,"column":4},"end":{"line":218,"column":7}},"71":{"start":{"line":205,"column":6},"end":{"line":210,"column":7}},"72":{"start":{"line":206,"column":8},"end":{"line":209,"column":11}},"73":{"start":{"line":212,"column":17},"end":{"line":212,"column":31}},"74":{"start":{"line":213,"column":6},"end":{"line":213,"column":42}},"75":{"start":{"line":214,"column":6},"end":{"line":217,"column":9}},"76":{"start":{"line":219,"column":4},"end":{"line":219,"column":11}},"77":{"start":{"line":222,"column":15},"end":{"line":222,"column":25}},"78":{"start":{"line":223,"column":0},"end":{"line":223,"column":30}}},"fnMap":{"0":{"name":"_interopRequireDefault","decl":{"start":{"line":24,"column":9},"end":{"line":24,"column":31}},"loc":{"start":{"line":24,"column":37},"end":{"line":24,"column":97}},"line":24},"1":{"name":"(anonymous_1)","decl":{"start":{"line":35,"column":59},"end":{"line":35,"column":60}},"loc":{"start":{"line":35,"column":79},"end":{"line":90,"column":1}},"line":35},"2":{"name":"(anonymous_2)","decl":{"start":{"line":40,"column":27},"end":{"line":40,"column":28}},"loc":{"start":{"line":40,"column":56},"end":{"line":89,"column":3}},"line":40},"3":{"name":"(anonymous_3)","decl":{"start":{"line":48,"column":168},"end":{"line":48,"column":169}},"loc":{"start":{"line":48,"column":193},"end":{"line":87,"column":5}},"line":48},"4":{"name":"(anonymous_4)","decl":{"start":{"line":56,"column":78},"end":{"line":56,"column":79}},"loc":{"start":{"line":56,"column":102},"end":{"line":86,"column":7}},"line":56},"5":{"name":"(anonymous_5)","decl":{"start":{"line":67,"column":61},"end":{"line":67,"column":62}},"loc":{"start":{"line":67,"column":86},"end":{"line":85,"column":9}},"line":67},"6":{"name":"(anonymous_6)","decl":{"start":{"line":91,"column":33},"end":{"line":91,"column":34}},"loc":{"start":{"line":91,"column":53},"end":{"line":146,"column":1}},"line":91},"7":{"name":"(anonymous_7)","decl":{"start":{"line":94,"column":27},"end":{"line":94,"column":28}},"loc":{"start":{"line":94,"column":56},"end":{"line":145,"column":3}},"line":94},"8":{"name":"(anonymous_8)","decl":{"start":{"line":102,"column":63},"end":{"line":102,"column":64}},"loc":{"start":{"line":102,"column":88},"end":{"line":144,"column":5}},"line":102},"9":{"name":"(anonymous_9)","decl":{"start":{"line":118,"column":62},"end":{"line":118,"column":63}},"loc":{"start":{"line":118,"column":85},"end":{"line":143,"column":7}},"line":118},"10":{"name":"(anonymous_10)","decl":{"start":{"line":127,"column":177},"end":{"line":127,"column":178}},"loc":{"start":{"line":127,"column":202},"end":{"line":142,"column":9}},"line":127},"11":{"name":"(anonymous_11)","decl":{"start":{"line":148,"column":29},"end":{"line":148,"column":30}},"loc":{"start":{"line":148,"column":49},"end":{"line":192,"column":1}},"line":148},"12":{"name":"(anonymous_12)","decl":{"start":{"line":152,"column":27},"end":{"line":152,"column":28}},"loc":{"start":{"line":152,"column":56},"end":{"line":191,"column":3}},"line":152},"13":{"name":"(anonymous_13)","decl":{"start":{"line":161,"column":79},"end":{"line":161,"column":80}},"loc":{"start":{"line":161,"column":104},"end":{"line":174,"column":7}},"line":161},"14":{"name":"(anonymous_14)","decl":{"start":{"line":176,"column":45},"end":{"line":176,"column":46}},"loc":{"start":{"line":176,"column":70},"end":{"line":189,"column":7}},"line":176},"15":{"name":"(anonymous_15)","decl":{"start":{"line":193,"column":32},"end":{"line":193,"column":33}},"loc":{"start":{"line":193,"column":52},"end":{"line":221,"column":1}},"line":193},"16":{"name":"(anonymous_16)","decl":{"start":{"line":196,"column":27},"end":{"line":196,"column":28}},"loc":{"start":{"line":196,"column":56},"end":{"line":220,"column":3}},"line":196},"17":{"name":"(anonymous_17)","decl":{"start":{"line":204,"column":63},"end":{"line":204,"column":64}},"loc":{"start":{"line":204,"column":88},"end":{"line":218,"column":5}},"line":204}},"branchMap":{"0":{"loc":{"start":{"line":24,"column":46},"end":{"line":24,"column":94}},"type":"cond-expr","locations":[{"start":{"line":24,"column":70},"end":{"line":24,"column":73}},{"start":{"line":24,"column":76},"end":{"line":24,"column":94}}],"line":24},"1":{"loc":{"start":{"line":24,"column":46},"end":{"line":24,"column":67}},"type":"binary-expr","locations":[{"start":{"line":24,"column":46},"end":{"line":24,"column":49}},{"start":{"line":24,"column":53},"end":{"line":24,"column":67}}],"line":24},"2":{"loc":{"start":{"line":41,"column":4},"end":{"line":46,"column":5}},"type":"if","locations":[{"start":{"line":41,"column":4},"end":{"line":46,"column":5}},{"start":{"line":41,"column":4},"end":{"line":46,"column":5}}],"line":41},"3":{"loc":{"start":{"line":49,"column":6},"end":{"line":54,"column":7}},"type":"if","locations":[{"start":{"line":49,"column":6},"end":{"line":54,"column":7}},{"start":{"line":49,"column":6},"end":{"line":54,"column":7}}],"line":49},"4":{"loc":{"start":{"line":57,"column":8},"end":{"line":62,"column":9}},"type":"if","locations":[{"start":{"line":57,"column":8},"end":{"line":62,"column":9}},{"start":{"line":57,"column":8},"end":{"line":62,"column":9}}],"line":57},"5":{"loc":{"start":{"line":68,"column":10},"end":{"line":84,"column":11}},"type":"if","locations":[{"start":{"line":68,"column":10},"end":{"line":84,"column":11}},{"start":{"line":68,"column":10},"end":{"line":84,"column":11}}],"line":68},"6":{"loc":{"start":{"line":95,"column":4},"end":{"line":100,"column":5}},"type":"if","locations":[{"start":{"line":95,"column":4},"end":{"line":100,"column":5}},{"start":{"line":95,"column":4},"end":{"line":100,"column":5}}],"line":95},"7":{"loc":{"start":{"line":103,"column":6},"end":{"line":108,"column":7}},"type":"if","locations":[{"start":{"line":103,"column":6},"end":{"line":108,"column":7}},{"start":{"line":103,"column":6},"end":{"line":108,"column":7}}],"line":103},"8":{"loc":{"start":{"line":119,"column":8},"end":{"line":125,"column":9}},"type":"if","locations":[{"start":{"line":119,"column":8},"end":{"line":125,"column":9}},{"start":{"line":119,"column":8},"end":{"line":125,"column":9}}],"line":119},"9":{"loc":{"start":{"line":128,"column":10},"end":{"line":133,"column":11}},"type":"if","locations":[{"start":{"line":128,"column":10},"end":{"line":133,"column":11}},{"start":{"line":128,"column":10},"end":{"line":133,"column":11}}],"line":128},"10":{"loc":{"start":{"line":153,"column":4},"end":{"line":158,"column":5}},"type":"if","locations":[{"start":{"line":153,"column":4},"end":{"line":158,"column":5}},{"start":{"line":153,"column":4},"end":{"line":158,"column":5}}],"line":153},"11":{"loc":{"start":{"line":160,"column":4},"end":{"line":190,"column":5}},"type":"if","locations":[{"start":{"line":160,"column":4},"end":{"line":190,"column":5}},{"start":{"line":160,"column":4},"end":{"line":190,"column":5}}],"line":160},"12":{"loc":{"start":{"line":162,"column":8},"end":{"line":167,"column":9}},"type":"if","locations":[{"start":{"line":162,"column":8},"end":{"line":167,"column":9}},{"start":{"line":162,"column":8},"end":{"line":167,"column":9}}],"line":162},"13":{"loc":{"start":{"line":177,"column":8},"end":{"line":182,"column":9}},"type":"if","locations":[{"start":{"line":177,"column":8},"end":{"line":182,"column":9}},{"start":{"line":177,"column":8},"end":{"line":182,"column":9}}],"line":177},"14":{"loc":{"start":{"line":197,"column":4},"end":{"line":202,"column":5}},"type":"if","locations":[{"start":{"line":197,"column":4},"end":{"line":202,"column":5}},{"start":{"line":197,"column":4},"end":{"line":202,"column":5}}],"line":197},"15":{"loc":{"start":{"line":205,"column":6},"end":{"line":210,"column":7}},"
[...]
":{"line":51,"column":3}},"line":41}},"branchMap":{"0":{"loc":{"start":{"line":10,"column":46},"end":{"line":10,"column":94}},"type":"cond-expr","locations":[{"start":{"line":10,"column":70},"end":{"line":10,"column":73}},{"start":{"line":10,"column":76},"end":{"line":10,"column":94}}],"line":10},"1":{"loc":{"start":{"line":10,"column":46},"end":{"line":10,"column":67}},"type":"binary-expr","locations":[{"start":{"line":10,"column":46},"end":{"line":10,"column":49}},{"start":{"line":10,"column":53},"end":{"line":10,"column":67}}],"line":10},"2":{"loc":{"start":{"line":19,"column":2},"end":{"line":24,"column":3}},"type":"if","locations":[{"start":{"line":19,"column":2},"end":{"line":24,"column":3}},{"start":{"line":19,"column":2},"end":{"line":24,"column":3}}],"line":19},"3":{"loc":{"start":{"line":28,"column":12},"end":{"line":28,"column":42}},"type":"binary-expr","locations":[{"start":{"line":28,"column":12},"end":{"line":28,"column":27}},{"start":{"line":28,"column":31},"end":{"line":28,"column":42}}],"line":28},"4":{"loc":{"start":{"line":30,"column":13},"end":{"line":30,"column":47}},"type":"binary-expr","locations":[{"start":{"line":30,"column":13},"end":{"line":30,"column":29}},{"start":{"line":30,"column":33},"end":{"line":30,"column":47}}],"line":30},"5":{"loc":{"start":{"line":35,"column":11},"end":{"line":35,"column":43}},"type":"binary-expr","locations":[{"start":{"line":35,"column":11},"end":{"line":35,"column":25}},{"start":{"line":35,"column":29},"end":{"line":35,"column":43}}],"line":35},"6":{"loc":{"start":{"line":36,"column":17},"end":{"line":36,"column":55}},"type":"binary-expr","locations":[{"start":{"line":36,"column":17},"end":{"line":36,"column":37}},{"start":{"line":36,"column":41},"end":{"line":36,"column":55}}],"line":36},"7":{"loc":{"start":{"line":42,"column":4},"end":{"line":44,"column":5}},"type":"if","locations":[{"start":{"line":42,"column":4},"end":{"line":44,"column":5}},{"start":{"line":42,"column":4},"end":{"line":44,"column":5}}],"line":42}},"s":{"0":1,"1":1,"2":1,"3":1,"4":1,"5":1,"6":2,"7":0,"8":2,"9":2,"10":2,"11":0,"12":2,"13":2,"14":2,"15":2,"16":2,"17":1,"18":1},"f":{"0":1,"1":2,"2":2},"b":{"0":[0,1],"1":[1,1],"2":[0,2],"3":[2,1],"4":[2,2],"5":[2,2],"6":[2,2],"7":[0,2]},"_coverageSchema":"43e27e138ebf9cfc5966b082cf9a028302ed4184","hash":"6ebf99012a50ad30d379351179174286540ec139","contentHash":"863f3ef9c141959bc4899f1e856802f765a43a0a631a2f71cb6635972205f3d8"},"C:\\Property Pro Lite\\Server\\middlewares\\verify_signin.js":{"path":"C:\\Property Pro Lite\\Server\\middlewares\\verify_signin.js","statementMap":{"0":{"start":{"line":3,"column":0},"end":{"line":5,"column":3}},"1":{"start":{"line":6,"column":0},"end":{"line":6,"column":28}},"2":{"start":{"line":8,"column":10},"end":{"line":8,"column":23}},"3":{"start":{"line":10,"column":14},"end":{"line":10,"column":55}},"4":{"start":{"line":12,"column":39},"end":{"line":12,"column":95}},"5":{"start":{"line":17,"column":11},"end":{"line":23,"column":2}},"6":{"start":{"line":26,"column":19},"end":{"line":59,"column":1}},"7":{"start":{"line":27,"column":2},"end":{"line":58,"column":5}},"8":{"start":{"line":28,"column":4},"end":{"line":33,"column":5}},"9":{"start":{"line":29,"column":6},"end":{"line":32,"column":9}},"10":{"start":{"line":35,"column":4},"end":{"line":56,"column":7}},"11":{"start":{"line":36,"column":6},"end":{"line":41,"column":7}},"12":{"start":{"line":37,"column":8},"end":{"line":40,"column":11}},"13":{"start":{"line":43,"column":6},"end":{"line":43,"column":28}},"14":{"start":{"line":45,"column":6},"end":{"line":55,"column":9}},"15":{"start":{"line":46,"column":8},"end":{"line":51,"column":9}},"16":{"start":{"line":47,"column":10},"end":{"line":50,"column":13}},"17":{"start":{"line":53,"column":8},"end":{"line":53,"column":24}},"18":{"start":{"line":54,"column":8},"end":{"line":54,"column":15}},"19":{"start":{"line":57,"column":4},"end":{"line":57,"column":11}},"20":{"start":{"line":61,"column":15},"end":{"line":61,"column":27}},"21":{"start":{"line":62,"column":0},"end":{"line":62,"column":30}}},"fnMap":{"0":{"name":"_interopRequireDefault","decl":{"start":{"line":12,"column":9},"end":{"line":12,"column":31}},"loc":{"start":{"line":12,"column":37},"end":{"line":12,"column":97}},"line":12},"1":{"name":"verifySignin","decl":{"start":{"line":26,"column":28},"end":{"line":26,"column":40}},"loc":{"start":{"line":26,"column":57},"end":{"line":59,"column":1}},"line":26},"2":{"name":"(anonymous_2)","decl":{"start":{"line":27,"column":15},"end":{"line":27,"column":16}},"loc":{"start":{"line":27,"column":44},"end":{"line":58,"column":3}},"line":27},"3":{"name":"(anonymous_3)","decl":{"start":{"line":35,"column":75},"end":{"line":35,"column":76}},"loc":{"start":{"line":35,"column":100},"end":{"line":56,"column":5}},"line":35},"4":{"name":"(anonymous_4)","decl":{"start":{"line":45,"column":67},"end":{"line":45,"column":68}},"loc":{"start":{"line":45,"column":88},"end":{"line":55,"column":7}},"line":45}},"branchMap":{"0":{"loc":{"start":{"line":12,"column":46},"end":{"line":12,"column":94}},"type":"cond-expr","locations":[{"start":{"line":12,"column":70},"end":{"line":12,"column":73}},{"start":{"line":12,"column":76},"end":{"line":12,"column":94}}],"line":12},"1":{"loc":{"start":{"line":12,"column":46},"end":{"line":12,"column":67}},"type":"binary-expr","locations":[{"start":{"line":12,"column":46},"end":{"line":12,"column":49}},{"start":{"line":12,"column":53},"end":{"line":12,"column":67}}],"line":12},"2":{"loc":{"start":{"line":28,"column":4},"end":{"line":33,"column":5}},"type":"if","locations":[{"start":{"line":28,"column":4},"end":{"line":33,"column":5}},{"start":{"line":28,"column":4},"end":{"line":33,"column":5}}],"line":28},"3":{"loc":{"start":{"line":36,"column":6},"end":{"line":41,"column":7}},"type":"if","locations":[{"start":{"line":36,"column":6},"end":{"line":41,"column":7}},{"start":{"line":36,"column":6},"end":{"line":41,"column":7}}],"line":36},"4":{"loc":{"start":{"line":46,"column":8},"end":{"line":51,"column":9}},"type":"if","locations":[{"start":{"line":46,"column":8},"end":{"line":51,"column":9}},{"start":{"line":46,"column":8},"end":{"line":51,"column":9}}],"line":46}},"s":{"0":1,"1":1,"2":1,"3":1,"4":1,"5":1,"6":1,"7":1,"8":1,"9":0,"10":1,"11":1,"12":1,"13":0,"14":0,"15":0,"16":0,"17":0,"18":0,"19":1,"20":1,"21":1},"f":{"0":1,"1":1,"2":1,"3":1,"4":0},"b":{"0":[0,1],"1":[1,1],"2":[0,1],"3":[1,0],"4":[0,0]},"_coverageSchema":"43e27e138ebf9cfc5966b082cf9a028302ed4184","hash":"e4ebb696d619d1fc9963847eb6e15af4ff7b7fa4","contentHash":"62b3b1d7afe5d456490047c9210f818a22f41a9b824d7c41f51b68e99531a439"},"C:\\Property Pro Lite\\Server\\middlewares\\multer.js":{"path":"C:\\Property Pro Lite\\Server\\middlewares\\multer.js","statementMap":{"0":{"start":{"line":3,"column":0},"end":{"line":5,"column":3}},"1":{"start":{"line":6,"column":0},"end":{"line":6,"column":28}},"2":{"start":{"line":8,"column":14},"end":{"line":8,"column":55}},"3":{"start":{"line":10,"column":39},"end":{"line":10,"column":95}},"4":{"start":{"line":13,"column":15},"end":{"line":23,"column":2}},"5":{"start":{"line":16,"column":4},"end":{"line":19,"column":5}},"6":{"start":{"line":17,"column":6},"end":{"line":17,"column":52}},"7":{"start":{"line":18,"column":6},"end":{"line":18,"column":13}},"8":{"start":{"line":21,"column":4},"end":{"line":21,"column":19}},"9":{"start":{"line":25,"column":0},"end":{"line":25,"column":30}}},"fnMap":{"0":{"name":"_interopRequireDefault","decl":{"start":{"line":10,"column":9},"end":{"line":10,"column":31}},"loc":{"start":{"line":10,"column":37},"end":{"line":10,"column":97}},"line":10},"1":{"name":"fileFilter","decl":{"start":{"line":15,"column":23},"end":{"line":15,"column":33}},"loc":{"start":{"line":15,"column":49},"end":{"line":22,"column":3}},"line":15}},"branchMap":{"0":{"loc":{"start":{"line":10,"column":46},"end":{"line":10,"column":94}},"type":"cond-expr","locations":[{"start":{"line":10,"column":70},"end":{"line":10,"column":73}},{"start":{"line":10,"column":76},"end":{"line":10,"column":94}}],"line":10},"1":{"loc":{"start":{"line":10,"column":46},"end":{"line":10,"column":67}},"type":"binary-expr","locations":[{"start":{"line":10,"column":46},"end":{"line":10,"column":49}},{"start":{"line":10,"column":53},"end":{"line":10,"column":67}}],"line":10},"2":{"loc":{"start":{"line":16,"column":4},"end":{"line":19,"column":5}},"type":"if","locations":[{"start":{"line":16,"column":4},"end":{"line":19,"column":5}},{"start":{"line":16,"column":4},"end":{"line":19,"column":5}}],"line":16}},"s":{"0":1,"1":1,"2":1,"3":1,"4":1,"5":2,"6":0,"7":0,"8":2,"9":1},"f":{"0":1,"1":2},"b":{"0":[0,1],"1":[1,1],"2":[0,2]},"_coverageSchema":"43e27e138ebf9cfc5966b082cf9a028302ed4184","hash":"913bcbef5c07e9a24f328f2821f7e6f6b61ae02c","contentHash":"acefe358cef03882ebd1930d1761fab3d5a4ff71757c62f9711600242e0ee3d2"},"C:\\Property Pro Lite\\Server\\Schemas\\property_schema.js":{"path":"C:\\Property Pro Lite\\Server\\Schemas\\property_schema.js","statementMap":{"0":{"start":{"line":3,"column":0},"end":{"line":5,"column":3}},"1":{"start":{"line":6,"column":0},"end":{"line":6,"column":28}},"2":{"start":{"line":8,"column":11},"end":{"line":8,"column":49}},"3":{"start":{"line":10,"column":39},"end":{"line":10,"column":95}},"4":{"start":{"line":12,"column":13},"end":{"line":26,"column":2}},"5":{"start":{"line":28,"column":15},"end":{"line":28,"column":21}},"6":{"start":{"line":29,"column":0},"end":{"line":29,"column":30}}},"fnMap":{"0":{"name":"_interopRequireDefault","decl":{"start":{"line":10,"column":9},"end":{"line":10,"column":31}},"loc":{"start":{"line":10,"column":37},"end":{"line":10,"column":97}},"line":10}},"branchMap":{"0":{"loc":{"start":{"line":10,"column":46},"end":{"line":10,"column":94}},"type":"cond-expr","locations":[{"start":{"line":10,"column":70},"end":{"line":10,"column":73}},{"start":{"line":10,"column":76},"end":{"line":10,"column":94}}],"line":10},"1":{"loc":{"start":{"line":10,"column":46},"end":{"line":10,"column":67}},"type":"binary-expr","locations":[{"start":{"line":10,"column":46},"end":{"line":10,"column":49}},{"start":{"line":10,"column":53},"end":{"line":10,"column":67}}],"line":10}},"s":{"0":1,"1":1,"2":1,"3":1,"4":1,"5":1,"6":1},"f":{"0":1},"b":{"0":[0,1],"1":[1,1]},"_coverageSchema":"43e27e138ebf9cfc5966b082cf9a028302ed4184","hash":"c72a7b2571baa6ecb14ed8a748d1f1c9e5dd4c56","contentHash":"baa8b777e5b7563222dab0c452c0481ac24e80c369e9de967a110972bb32404c"},"C:\\Property Pro Lite\\Server\\helpers\\generateId.js":{"path":"C:\\Property Pro Lite\\Server\\helpers\\generateId.js","statementMap":{"0":{"start":{"line":3,"column":0},"end":{"line":5,"column":3}},"1":{"start":{"line":6,"column":0},"end":{"line":6,"column":28}},"2":{"start":{"line":8,"column":12},"end":{"line":8,"column":61}},"3":{"start":{"line":10,"column":39},"end":{"line":10,"column":95}},"4":{"start":{"line":13,"column":17},"end":{"line":36,"column":1}},"5":{"start":{"line":16,"column":2},"end":{"line":35,"column":5}},"6":{"start":{"line":17,"column":4},"end":{"line":22,"column":5}},"7":{"start":{"line":18,"column":6},"end":{"line":21,"column":9}},"8":{"start":{"line":24,"column":4},"end":{"line":33,"column":7}},"9":{"start":{"line":25,"column":6},"end":{"line":29,"column":7}},"10":{"start":{"line":26,"column":8},"end":{"line":26,"column":15}},"11":{"start":{"line":28,"column":8},"end":{"line":28,"column":36}},"12":{"start":{"line":31,"column":6},"end":{"line":31,"column":18}},"13":{"start":{"line":32,"column":6},"end":{"line":32,"column":13}},"14":{"start":{"line":34,"column":4},"end":{"line":34,"column":11}},"15":{"start":{"line":38,"column":15},"end":{"line":38,"column":25}},"16":{"start":{"line":39,"column":0},"end":{"line":39,"column":30}}},"fnMap":{"0":{"name":"_interopRequireDefault","decl":{"start":{"line":10,"column":9},"end":{"line":10,"column":31}},"loc":{"start":{"line":10,"column":37},"end":{"line":10,"column":97}},"line":10},"1":{"name":"generateId","decl":{"start":{"line":13,"column":26},"end":{"line":13,"column":36}},"loc":{"start":{"line":13,"column":53},"end":{"line":36,"column":1}},"line":13},"2":{"name":"(anonymous_2)","decl":{"start":{"line":16,"column":27},"end":{"line":16,"column":28}},"loc":{"start":{"line":16,"column":58},"end":{"line":35,"column":3}},"line":16},"3":{"name":"(anonymous_3)","decl":{"start":{"line":24,"column":49},"end":{"line":24,"column":50}},"loc":{"start":{"line":24,"column":72},"end":{"line":33,"column":5}},"line":24}},"branchMap":{"0":{"loc":{"start":{"line":10,"column":46},"end":{"line":10,"column":94}},"type":"cond-expr","locations":[{"start":{"line":10,"column":70},"end":{"line":10,"column":73}},{"start":{"line":10,"column":76},"end":{"line":10,"column":94}}],"line":10},"1":{"loc":{"start":{"line":10,"column":46},"end":{"line":10,"column":67}},"type":"binary-expr","locations":[{"start":{"line":10,"column":46},"end":{"line":10,"column":49}},{"start":{"line":10,"column":53},"end":{"line":10,"column":67}}],"line":10},"2":{"loc":{"start":{"line":17,"column":4},"end":{"line":22,"column":5}},"type":"if","locations":[{"start":{"line":17,"column":4},"end":{"line":22,"column":5}},{"start":{"line":17,"column":4},"end":{"line":22,"column":5}}],"line":17},"3":{"loc":{"start":{"line":25,"column":6},"end":{"line":29,"column":7}},"type":"if","locations":[{"start":{"line":25,"column":6},"end":{"line":29,"column":7}},{"start":{"line":25,"column":6},"end":{"line":29,"column":7}}],"line":25}},"s":{"0":1,"1":1,"2":1,"3":1,"4":1,"5":2,"6":2,"7":0,"8":2,"9":2,"10":0,"11":2,"12":2,"13":2,"14":2,"15":1,"16":1},"f":{"0":1,"1":2,"2":2,"3":2},"b":{"0":[1,0],"1":[1,1],"2":[0,2],"3":[0,2]},"_coverageSchema":"43e27e138ebf9cfc5966b082cf9a028302ed4184","hash":"e44cd427c3d89ac91a0a3d4a5cd5bce35f763e53","contentHash":"37e26630c2a6806e0b5fe69d737b69476cdf94c971e84bc80a3b117929ac7933"},"C:\\Property Pro Lite\\Server\\config\\cloudinary.js":{"path":"C:\\Property Pro Lite\\Server\\config\\cloudinary.js","statementMap":{"0":{"start":{"line":4,"column":17},"end":{"line":4,"column":38}},"1":{"start":{"line":6,"column":0},"end":{"line":10,"column":3}}},"fnMap":{},"branchMap":{},"s":{"0":1,"1":1},"f":{},"b":{},"_coverageSchema":"43e27e138ebf9cfc5966b082cf9a028302ed4184","hash":"4ebb44fbff50a9434062348fbf60c374f68a24e8","contentHash":"70f44a959162c63957bd5ae5d47b3a4de5abd9c306c3f7cb4a49b1a3a76f22f5"},"C:\\Property Pro Lite\\Server\\db\\databases.js":{"path":"C:\\Property Pro Lite\\Server\\db\\databases.js","statementMap":{"0":{"start":{"line":3,"column":12},"end":{"line":3,"column":61}},"1":{"start":{"line":5,"column":39},"end":{"line":5,"column":95}},"2":{"start":{"line":10,"column":21},"end":{"line":16,"column":1}},"3":{"start":{"line":11,"column":18},"end":{"line":11,"column":584}},"4":{"start":{"line":13,"column":2},"end":{"line":15,"column":5}},"5":{"start":{"line":14,"column":4},"end":{"line":14,"column":21}},"6":{"start":{"line":18,"column":18},"end":{"line":24,"column":1}},"7":{"start":{"line":19,"column":18},"end":{"line":19,"column":377}},"8":{"start":{"line":21,"column":2},"end":{"line":23,"column":5}},"9":{"start":{"line":22,"column":4},"end":{"line":22,"column":21}},"10":{"start":{"line":26,"column":18},"end":{"line":32,"column":1}},"11":{"start":{"line":27,"column":18},"end":{"line":27,"column":243}},"12":{"start":{"line":29,"column":2},"end":{"line":31,"column":5}},"13":{"start":{"line":30,"column":4},"end":{"line":30,"column":21}},"14":{"start":{"line":34,"column":0},"end":{"line":38,"column":2}}},"fnMap":{"0":{"name":"_interopRequireDefault","decl":{"start":{"line":5,"column":9},"end":{"line":5,"column":31}},"loc":{"start":{"line":5,"column":37},"end":{"line":5,"column":97}},"line":5},"1":{"name":"createProperty","decl":{"start":{"line":10,"column":30},"end":{"line":10,"column":44}},"loc":{"start":{"line":10,"column":47},"end":{"line":16,"column":1}},"line":10},"2":{"name":"(anonymous_2)","decl":{"start":{"line":13,"column":41},"end":{"line":13,"column":42}},"loc":{"start":{"line":13,"column":56},"end":{"line":13,"column":58}},"line":13},"3":{"name":"(anonymous_3)","decl":{"start":{"line":13,"column":69},"end":{"line":13,"column":70}},"loc":{"start":{"line":13,"column":84},"end":{"line":15,"column":3}},"line":13},"4":{"name":"createUsers","decl":{"start":{"line":18,"column":27},"end":{"line":18,"column":38}},"loc":{"start":{"line":18,"column":41},"end":{"line":24,"column":1}},"line":18},"5":{"name":"(anonymous_5)","decl":{"start":{"line":21,"column":41},"end":{"line":21,"column":42}},"loc":{"start":{"line":21,"column":56},"end":{"line":21,"column":58}},"line":21},"6":{"name":"(anonymous_6)","decl":{"start":{"line":21,"column":69},"end":{"line":21,"column":70}},"loc":{"start":{"line":21,"column":84},"end":{"line":23,"column":3}},"line":21},"7":{"name":"createFlags","decl":{"start":{"line":26,"column":27},"end":{"line":26,"column":38}},"loc":{"start":{"line":26,"column":41},"end":{"line":32,"column":1}},"line":26},"8":{"name":"(anonymous_8)","decl":{"start":{"line":29,"column":41},"end":{"line":29,"column":42}},"loc":{"start":{"line":29,"column":56},"end":{"line":29,"column":58}},"line":29},"9":{"name":"(anonymous_9)","decl":{"start":{"line":29,"column":69},"end":{"line":29,"column":70}},"loc":{"start":{"line":29,"column":84},"end":{"line":31,"column":3}},"line":29}},"branchMap":{"0":{"loc":{"start":{"line":5,"column":46},"end":{"line":5,"column":94}},"type":"cond-expr","locations":[{"start":{"line":5,"column":70},"end":{"line":5,"column":73}},{"start":{"line":5,"column":76},"end":{"line":5,"column":94}}],"line":5},"1":{"loc":{"start":{"line":5,"column":46},"end":{"line":5,"column":67}},"type":"binary-expr","locations":[{"start":{"line":5,"column":46},"end":{"line":5,"column":49}},{"start":{"line":5,"column":53},"end":{"line":5,"column":67}}],"line":5}},"s":{"0":1,"1":1,"2":1,"3":1,"4":1,"5":0,"6":1,"7":1,"8":1,"9":0,"10":1,"11":1,"12":1,"13":0,"14":1},"f":{"0":1,"1":1,"2":1,"3":0,"4":1,"5":1,"6":0,"7":1,"8":1,"9":0},"b":{"0":[1,0],"1":[1,1]},"_coverageSchema":"43e27e138ebf9cfc5966b082cf9a028302ed4184","hash":"a432c147a7532f3c7826b742d220a960d99eba9c","contentHash":"05fccef85c9cc1853a6b3eb44622cebb3ab9a188b8328a4557b21ec780761c89"},"C:\\Property Pro Lite\\Server\\helpers\\generate_email.js":{"path":"C:\\Property Pro Lite\\Server\\helpers\\generate_email.js","statementMap":{"0":{"start":{"line":3,"column":0},"end":{"line":5,"column":3}},"1":{"start":{"line":6,"column":0},"end":{"line":6,"column":28}},"2":{"start":{"line":8,"column":25},"end":{"line":21,"column":1}},"3":{"start":{"line":9,"column":18},"end":{"line":9,"column":112}},"4":{"start":{"line":10,"column":16},"end":{"line":10,"column":142}},"5":{"start":{"line":11,"column":22},"end":{"line":11,"column":52}},"6":{"start":{"line":12,"column":22},"end":{"line":12,"column":52}},"7":{"start":{"line":13,"column":22},"end":{"line":13,"column":52}},"8":{"start":{"line":14,"column":22},"end":{"line":14,"column":52}},"9":{"start":{"line":15,"column":18},"end":{"line":15,"column":40}},"10":{"start":{"line":16,"column":20},"end":{"line":16,"column":44}},"11":{"start":{"line":17,"column":21},"end":{"line":17,"column":45}},"12":{"start":{"line":18,"column":20},"end":{"line":18,"column":44}},"13":{"start":{"line":19,"column":18},"end":{"line":19,"column":148}},"14":{"start":{"line":20,"column":2},"end":{"line":20,"column":19}},"15":{"start":{"line":23,"column":15},"end":{"line":23,"column":33}},"16":{"start":{"line":24,"column":0},"end":{"line":24,"column":30}}},"fnMap":{"0":{"name":"generateRandomUser","decl":{"start":{"line":8,"column":34},"end":{"line":8,"column":52}},"loc":{"start":{"line":8,"column":55},"end":{"line":21,"column":1}},"line":8}},"branchMap":{},"s":{"0":1,"1":1,"2":1,"3":1,"4":1,"5":1,"6":1,"7":1,"8":1,"9":1,"10":1,"11":1,"12":1,"13":1,"14":1,"15":1,"16":1},"f":{"0":1},"b":{},"_coverageSchema":"43e27e138ebf9cfc5966b082cf9a028302ed4184","hash":"6599005cc813619dd40593d4905359a00739416d","contentHash":"799eb3bab26d67a6e5a6e6902a0300435892d2b991028198988431e8f511a8dd"}}